2024-05-23T16:25:56.243+05:30  INFO 16120 --- [EurekaServer] [main] c.e.E.EurekaServerApplication            : Starting EurekaServerApplication using Java 21.0.1 with PID 16120 (D:\SPE-MajorProject\Backend\EurekaServer\EurekaServer\target\classes started by SOUVIK GHOSH in D:\SPE-MajorProject\Backend\EurekaServer)
2024-05-23T16:25:56.245+05:30  INFO 16120 --- [EurekaServer] [main] c.e.E.EurekaServerApplication            : No active profile set, falling back to 1 default profile: "default"
2024-05-23T16:25:59.951+05:30  INFO 16120 --- [EurekaServer] [main] o.s.cloud.context.scope.GenericScope     : BeanFactory id=2a8603e9-99dd-35ed-a530-e6bfd1fa4e18
2024-05-23T16:26:00.189+05:30  WARN 16120 --- [EurekaServer] [main] trationDelegate$BeanPostProcessorChecker : Bean 'org.springframework.cloud.client.loadbalancer.LoadBalancerAutoConfiguration$DeferringLoadBalancerInterceptorConfig' of type [org.springframework.cloud.client.loadbalancer.LoadBalancerAutoConfiguration$DeferringLoadBalancerInterceptorConfig] is not eligible for getting processed by all BeanPostProcessors (for example: not eligible for auto-proxying). The currently created BeanPostProcessor [lbRestClientPostProcessor] is declared through a non-static factory method on that class; consider declaring it as static instead.
2024-05-23T16:26:00.197+05:30  WARN 16120 --- [EurekaServer] [main] trationDelegate$BeanPostProcessorChecker : Bean 'deferringLoadBalancerInterceptor' of type [org.springframework.cloud.client.loadbalancer.DeferringLoadBalancerInterceptor] is not eligible for getting processed by all BeanPostProcessors (for example: not eligible for auto-proxying). Is this bean getting eagerly injected into a currently created BeanPostProcessor [lbRestClientPostProcessor]? Check the corresponding BeanPostProcessor declaration and its dependencies.
2024-05-23T16:26:01.505+05:30  INFO 16120 --- [EurekaServer] [main] o.s.b.w.embedded.tomcat.TomcatWebServer  : Tomcat initialized with port 8761 (http)
2024-05-23T16:26:01.565+05:30  INFO 16120 --- [EurekaServer] [main] o.apache.catalina.core.StandardService   : Starting service [Tomcat]
2024-05-23T16:26:01.567+05:30  INFO 16120 --- [EurekaServer] [main] o.apache.catalina.core.StandardEngine    : Starting Servlet engine: [Apache Tomcat/10.1.20]
2024-05-23T16:26:02.135+05:30  INFO 16120 --- [EurekaServer] [main] o.a.c.c.C.[Tomcat].[localhost].[/]       : Initializing Spring embedded WebApplicationContext
2024-05-23T16:26:02.141+05:30  INFO 16120 --- [EurekaServer] [main] w.s.c.ServletWebServerApplicationContext : Root WebApplicationContext: initialization completed in 5829 ms
2024-05-23T16:26:06.087+05:30  INFO 16120 --- [EurekaServer] [main] c.n.d.provider.DiscoveryJerseyProvider   : Using JSON encoding codec LegacyJacksonJson
2024-05-23T16:26:06.090+05:30  INFO 16120 --- [EurekaServer] [main] c.n.d.provider.DiscoveryJerseyProvider   : Using JSON decoding codec LegacyJacksonJson
2024-05-23T16:26:06.500+05:30  INFO 16120 --- [EurekaServer] [main] c.n.d.provider.DiscoveryJerseyProvider   : Using XML encoding codec XStreamXml
2024-05-23T16:26:06.501+05:30  INFO 16120 --- [EurekaServer] [main] c.n.d.provider.DiscoveryJerseyProvider   : Using XML decoding codec XStreamXml
2024-05-23T16:26:08.928+05:30  WARN 16120 --- [EurekaServer] [main] iguration$LoadBalancerCaffeineWarnLogger : Spring Cloud LoadBalancer is currently working with the default cache. While this cache implementation is useful for development and tests, it's recommended to use Caffeine cache in production.You can switch to using Caffeine cache, by adding it and org.springframework.cache.caffeine.CaffeineCacheManager to the classpath.
2024-05-23T16:26:08.970+05:30  INFO 16120 --- [EurekaServer] [main] o.s.c.n.eureka.InstanceInfoFactory       : Setting initial instance status as: STARTING
2024-05-23T16:26:09.038+05:30  INFO 16120 --- [EurekaServer] [main] com.netflix.discovery.DiscoveryClient    : Initializing Eureka in region us-east-1
2024-05-23T16:26:09.038+05:30  INFO 16120 --- [EurekaServer] [main] com.netflix.discovery.DiscoveryClient    : Client configured to neither register nor query for data.
2024-05-23T16:26:09.091+05:30  INFO 16120 --- [EurekaServer] [main] com.netflix.discovery.DiscoveryClient    : Discovery Client initialized at timestamp 1716461769088 with initial instances count: 0
2024-05-23T16:26:09.185+05:30  INFO 16120 --- [EurekaServer] [main] c.n.eureka.DefaultEurekaServerContext    : Initializing ...
2024-05-23T16:26:09.190+05:30  INFO 16120 --- [EurekaServer] [main] c.n.eureka.cluster.PeerEurekaNodes       : Adding new peer nodes [http://localhost:8761/eureka/]
2024-05-23T16:26:09.592+05:30  INFO 16120 --- [EurekaServer] [main] c.n.d.provider.DiscoveryJerseyProvider   : Using JSON encoding codec LegacyJacksonJson
2024-05-23T16:26:09.592+05:30  INFO 16120 --- [EurekaServer] [main] c.n.d.provider.DiscoveryJerseyProvider   : Using JSON decoding codec LegacyJacksonJson
2024-05-23T16:26:09.592+05:30  INFO 16120 --- [EurekaServer] [main] c.n.d.provider.DiscoveryJerseyProvider   : Using XML encoding codec XStreamXml
2024-05-23T16:26:09.592+05:30  INFO 16120 --- [EurekaServer] [main] c.n.d.provider.DiscoveryJerseyProvider   : Using XML decoding codec XStreamXml
2024-05-23T16:26:09.679+05:30  INFO 16120 --- [EurekaServer] [main] c.n.eureka.cluster.PeerEurekaNodes       : Replica node URL:  http://localhost:8761/eureka/
2024-05-23T16:26:09.692+05:30  INFO 16120 --- [EurekaServer] [main] c.n.e.registry.AbstractInstanceRegistry  : Finished initializing remote region registries. All known remote regions: []
2024-05-23T16:26:09.694+05:30  INFO 16120 --- [EurekaServer] [main] c.n.eureka.DefaultEurekaServerContext    : Initialized
2024-05-23T16:26:09.709+05:30  INFO 16120 --- [EurekaServer] [main] o.s.b.a.e.web.EndpointLinksResolver      : Exposing 1 endpoint(s) beneath base path '/actuator'
2024-05-23T16:26:09.827+05:30  INFO 16120 --- [EurekaServer] [main] o.s.c.n.e.s.EurekaServiceRegistry        : Registering application EUREKASERVER with eureka with status UP
2024-05-23T16:26:09.850+05:30  INFO 16120 --- [EurekaServer] [Thread-9] o.s.c.n.e.server.EurekaServerBootstrap   : isAws returned false
2024-05-23T16:26:09.851+05:30  INFO 16120 --- [EurekaServer] [Thread-9] o.s.c.n.e.server.EurekaServerBootstrap   : Initialized server context
2024-05-23T16:26:09.851+05:30  INFO 16120 --- [EurekaServer] [Thread-9] c.n.e.r.PeerAwareInstanceRegistryImpl    : Got 1 instances from neighboring DS node
2024-05-23T16:26:09.852+05:30  INFO 16120 --- [EurekaServer] [Thread-9] c.n.e.r.PeerAwareInstanceRegistryImpl    : Renew threshold is: 1
2024-05-23T16:26:09.852+05:30  INFO 16120 --- [EurekaServer] [Thread-9] c.n.e.r.PeerAwareInstanceRegistryImpl    : Changing status to UP
2024-05-23T16:26:09.865+05:30  INFO 16120 --- [EurekaServer] [Thread-9] e.s.EurekaServerInitializerConfiguration : Started Eureka Server
2024-05-23T16:26:09.874+05:30  INFO 16120 --- [EurekaServer] [main] o.s.b.w.embedded.tomcat.TomcatWebServer  : Tomcat started on port 8761 (http) with context path ''
2024-05-23T16:26:09.876+05:30  INFO 16120 --- [EurekaServer] [main] .s.c.n.e.s.EurekaAutoServiceRegistration : Updating port to 8761
2024-05-23T16:26:09.909+05:30  INFO 16120 --- [EurekaServer] [main] c.e.E.EurekaServerApplication            : Started EurekaServerApplication in 14.49 seconds (process running for 29.837)
2024-05-23T16:26:19.626+05:30  INFO 16120 --- [EurekaServer] [http-nio-8761-exec-1] o.a.c.c.C.[Tomcat].[localhost].[/]       : Initializing Spring DispatcherServlet 'dispatcherServlet'
2024-05-23T16:26:19.626+05:30  INFO 16120 --- [EurekaServer] [http-nio-8761-exec-1] o.s.web.servlet.DispatcherServlet        : Initializing Servlet 'dispatcherServlet'
2024-05-23T16:26:19.635+05:30  INFO 16120 --- [EurekaServer] [http-nio-8761-exec-1] o.s.web.servlet.DispatcherServlet        : Completed initialization in 8 ms
2024-05-23T16:26:20.425+05:30  INFO 16120 --- [EurekaServer] [http-nio-8761-exec-2] c.n.e.registry.AbstractInstanceRegistry  : Registered instance SHOPPINGCARTMANAGEMENT/LAPTOP-303Q9B14:ShoppingCartManagement:8083 with status UP (replication=false)
2024-05-23T16:26:22.283+05:30  INFO 16120 --- [EurekaServer] [http-nio-8761-exec-5] c.n.e.registry.AbstractInstanceRegistry  : Registered instance SHOPPINGCARTMANAGEMENT/LAPTOP-303Q9B14:ShoppingCartManagement:8083 with status UP (replication=true)
2024-05-23T16:26:27.454+05:30  INFO 16120 --- [EurekaServer] [http-nio-8761-exec-3] c.n.e.registry.AbstractInstanceRegistry  : Registered instance PRODUCTMANAGEMENT/LAPTOP-303Q9B14:ProductManagement:8081 with status UP (replication=false)
2024-05-23T16:26:28.039+05:30  INFO 16120 --- [EurekaServer] [http-nio-8761-exec-6] c.n.e.registry.AbstractInstanceRegistry  : Registered instance PRODUCTMANAGEMENT/LAPTOP-303Q9B14:ProductManagement:8081 with status UP (replication=true)
2024-05-23T16:26:46.682+05:30  INFO 16120 --- [EurekaServer] [http-nio-8761-exec-8] c.n.e.registry.AbstractInstanceRegistry  : Registered instance LOGINMANAGEMENT/LAPTOP-303Q9B14:LoginManagement:8080 with status UP (replication=false)
2024-05-23T16:26:47.259+05:30  INFO 16120 --- [EurekaServer] [http-nio-8761-exec-9] c.n.e.registry.AbstractInstanceRegistry  : Registered instance LOGINMANAGEMENT/LAPTOP-303Q9B14:LoginManagement:8080 with status UP (replication=true)
2024-05-23T16:27:00.676+05:30  INFO 16120 --- [EurekaServer] [http-nio-8761-exec-7] c.n.e.registry.AbstractInstanceRegistry  : Registered instance OTPMANAGEMENT/LAPTOP-303Q9B14:OtpManagement:8084 with status UP (replication=false)
2024-05-23T16:27:01.189+05:30  INFO 16120 --- [EurekaServer] [http-nio-8761-exec-8] c.n.e.registry.AbstractInstanceRegistry  : Registered instance OTPMANAGEMENT/LAPTOP-303Q9B14:OtpManagement:8084 with status UP (replication=true)
2024-05-23T16:27:09.854+05:30  INFO 16120 --- [EurekaServer] [Eureka-EvictionTimer] c.n.e.registry.AbstractInstanceRegistry  : Running the evict task with compensationTime 0ms
2024-05-23T16:27:57.682+05:30  INFO 16120 --- [EurekaServer] [http-nio-8761-exec-1] c.n.e.registry.AbstractInstanceRegistry  : Registered instance API-GATEWAY/LAPTOP-303Q9B14:API-GATEWAY:8765 with status UP (replication=false)
2024-05-23T16:27:58.140+05:30  INFO 16120 --- [EurekaServer] [http-nio-8761-exec-2] c.n.e.registry.AbstractInstanceRegistry  : Registered instance API-GATEWAY/LAPTOP-303Q9B14:API-GATEWAY:8765 with status UP (replication=true)
2024-05-23T16:28:09.864+05:30  INFO 16120 --- [EurekaServer] [Eureka-EvictionTimer] c.n.e.registry.AbstractInstanceRegistry  : Running the evict task with compensationTime 2ms
2024-05-23T16:29:09.871+05:30  INFO 16120 --- [EurekaServer] [Eureka-EvictionTimer] c.n.e.registry.AbstractInstanceRegistry  : Running the evict task with compensationTime 1ms
2024-05-23T16:29:30.401+05:30  INFO 16120 --- [EurekaServer] [http-nio-8761-exec-8] c.n.e.registry.AbstractInstanceRegistry  : Registered instance ORDERMANAGEMENT/LAPTOP-303Q9B14:OrderManagement:8082 with status UP (replication=false)
2024-05-23T16:29:31.027+05:30  INFO 16120 --- [EurekaServer] [http-nio-8761-exec-9] c.n.e.registry.AbstractInstanceRegistry  : Registered instance ORDERMANAGEMENT/LAPTOP-303Q9B14:OrderManagement:8082 with status UP (replication=true)
2024-05-23T16:30:09.859+05:30  INFO 16120 --- [EurekaServer] [Eureka-EvictionTimer] c.n.e.registry.AbstractInstanceRegistry  : Running the evict task with compensationTime 0ms
2024-05-23T16:31:09.859+05:30  INFO 16120 --- [EurekaServer] [Eureka-EvictionTimer] c.n.e.registry.AbstractInstanceRegistry  : Running the evict task with compensationTime 0ms
2024-05-23T16:32:09.860+05:30  INFO 16120 --- [EurekaServer] [Eureka-EvictionTimer] c.n.e.registry.AbstractInstanceRegistry  : Running the evict task with compensationTime 1ms
2024-05-23T16:33:09.860+05:30  INFO 16120 --- [EurekaServer] [Eureka-EvictionTimer] c.n.e.registry.AbstractInstanceRegistry  : Running the evict task with compensationTime 0ms
2024-05-23T16:34:09.861+05:30  INFO 16120 --- [EurekaServer] [Eureka-EvictionTimer] c.n.e.registry.AbstractInstanceRegistry  : Running the evict task with compensationTime 0ms
2024-05-23T16:35:09.861+05:30  INFO 16120 --- [EurekaServer] [Eureka-EvictionTimer] c.n.e.registry.AbstractInstanceRegistry  : Running the evict task with compensationTime 0ms
2024-05-23T16:36:09.861+05:30  INFO 16120 --- [EurekaServer] [Eureka-EvictionTimer] c.n.e.registry.AbstractInstanceRegistry  : Running the evict task with compensationTime 0ms
2024-05-23T16:37:09.861+05:30  INFO 16120 --- [EurekaServer] [Eureka-EvictionTimer] c.n.e.registry.AbstractInstanceRegistry  : Running the evict task with compensationTime 0ms
2024-05-23T16:38:09.861+05:30  INFO 16120 --- [EurekaServer] [Eureka-EvictionTimer] c.n.e.registry.AbstractInstanceRegistry  : Running the evict task with compensationTime 0ms
2024-05-23T16:39:09.862+05:30  INFO 16120 --- [EurekaServer] [Eureka-EvictionTimer] c.n.e.registry.AbstractInstanceRegistry  : Running the evict task with compensationTime 0ms
2024-05-23T16:40:09.861+05:30  INFO 16120 --- [EurekaServer] [Eureka-EvictionTimer] c.n.e.registry.AbstractInstanceRegistry  : Running the evict task with compensationTime 0ms
2024-05-23T16:41:09.702+05:30  INFO 16120 --- [EurekaServer] [ReplicaAwareInstanceRegistry - RenewalThresholdUpdater] c.n.e.r.PeerAwareInstanceRegistryImpl    : Current renewal threshold is : 11
2024-05-23T16:41:09.862+05:30  INFO 16120 --- [EurekaServer] [Eureka-EvictionTimer] c.n.e.registry.AbstractInstanceRegistry  : Running the evict task with compensationTime 0ms
2024-05-23T16:42:09.862+05:30  INFO 16120 --- [EurekaServer] [Eureka-EvictionTimer] c.n.e.registry.AbstractInstanceRegistry  : Running the evict task with compensationTime 0ms
2024-05-23T16:43:09.863+05:30  INFO 16120 --- [EurekaServer] [Eureka-EvictionTimer] c.n.e.registry.AbstractInstanceRegistry  : Running the evict task with compensationTime 0ms
2024-05-23T16:44:09.870+05:30  INFO 16120 --- [EurekaServer] [Eureka-EvictionTimer] c.n.e.registry.AbstractInstanceRegistry  : Running the evict task with compensationTime 1ms
2024-05-23T16:45:09.864+05:30  INFO 16120 --- [EurekaServer] [Eureka-EvictionTimer] c.n.e.registry.AbstractInstanceRegistry  : Running the evict task with compensationTime 0ms
2024-05-23T16:46:09.865+05:30  INFO 16120 --- [EurekaServer] [Eureka-EvictionTimer] c.n.e.registry.AbstractInstanceRegistry  : Running the evict task with compensationTime 1ms
2024-05-23T16:47:20.492+05:30  INFO 16120 --- [EurekaServer] [Eureka-EvictionTimer] c.n.e.registry.AbstractInstanceRegistry  : Running the evict task with compensationTime 10029ms
2024-05-23T16:47:50.983+05:30 ERROR 16120 --- [EurekaServer] [TaskBatchingWorker-target_localhost-3] c.n.e.cluster.ReplicationTaskProcessor   : It seems to be a socket read timeout exception, it will retry later. if it continues to happen and some eureka node occupied all the cpu time, you should set property 'eureka.server.peer-node-read-timeout-ms' to a bigger value

jakarta.ws.rs.ProcessingException: java.net.SocketTimeoutException: Read timed out
	at org.glassfish.jersey.apache.connector.ApacheConnector.apply(ApacheConnector.java:533) ~[jersey-apache-connector-3.1.6.jar:na]
	at org.glassfish.jersey.client.ClientRuntime.invoke(ClientRuntime.java:300) ~[jersey-client-3.1.6.jar:na]
	at org.glassfish.jersey.client.JerseyInvocation.lambda$invoke$0(JerseyInvocation.java:674) ~[jersey-client-3.1.6.jar:na]
	at org.glassfish.jersey.client.JerseyInvocation.call(JerseyInvocation.java:709) ~[jersey-client-3.1.6.jar:na]
	at org.glassfish.jersey.client.JerseyInvocation.lambda$runInScope$3(JerseyInvocation.java:703) ~[jersey-client-3.1.6.jar:na]
	at org.glassfish.jersey.internal.Errors.process(Errors.java:292) ~[jersey-common-3.1.6.jar:na]
	at org.glassfish.jersey.internal.Errors.process(Errors.java:274) ~[jersey-common-3.1.6.jar:na]
	at org.glassfish.jersey.internal.Errors.process(Errors.java:205) ~[jersey-common-3.1.6.jar:na]
	at org.glassfish.jersey.process.internal.RequestScope.runInScope(RequestScope.java:391) ~[jersey-common-3.1.6.jar:na]
	at org.glassfish.jersey.client.JerseyInvocation.runInScope(JerseyInvocation.java:703) ~[jersey-client-3.1.6.jar:na]
	at org.glassfish.jersey.client.JerseyInvocation.invoke(JerseyInvocation.java:673) ~[jersey-client-3.1.6.jar:na]
	at org.glassfish.jersey.client.JerseyInvocation$Builder.method(JerseyInvocation.java:439) ~[jersey-client-3.1.6.jar:na]
	at org.glassfish.jersey.client.JerseyInvocation$Builder.post(JerseyInvocation.java:345) ~[jersey-client-3.1.6.jar:na]
	at com.netflix.eureka.transport.Jersey3ReplicationClient.submitBatchUpdates(Jersey3ReplicationClient.java:116) ~[eureka-core-jersey3-2.0.2.jar:2.0.2]
	at com.netflix.eureka.cluster.ReplicationTaskProcessor.process(ReplicationTaskProcessor.java:80) ~[eureka-core-2.0.2.jar:2.0.2]
	at com.netflix.eureka.util.batcher.TaskExecutors$BatchWorkerRunnable.run(TaskExecutors.java:190) ~[eureka-core-2.0.2.jar:2.0.2]
	at java.base/java.lang.Thread.run(Thread.java:1583) ~[na:na]
Caused by: java.net.SocketTimeoutException: Read timed out
	at java.base/sun.nio.ch.NioSocketImpl.timedRead(NioSocketImpl.java:278) ~[na:na]
	at java.base/sun.nio.ch.NioSocketImpl.implRead(NioSocketImpl.java:304) ~[na:na]
	at java.base/sun.nio.ch.NioSocketImpl.read(NioSocketImpl.java:346) ~[na:na]
	at java.base/sun.nio.ch.NioSocketImpl$1.read(NioSocketImpl.java:796) ~[na:na]
	at java.base/java.net.Socket$SocketInputStream.read(Socket.java:1099) ~[na:na]
	at org.apache.http.impl.io.SessionInputBufferImpl.streamRead(SessionInputBufferImpl.java:137) ~[httpcore-4.4.16.jar:4.4.16]
	at org.apache.http.impl.io.SessionInputBufferImpl.fillBuffer(SessionInputBufferImpl.java:153) ~[httpcore-4.4.16.jar:4.4.16]
	at org.apache.http.impl.io.SessionInputBufferImpl.readLine(SessionInputBufferImpl.java:280) ~[httpcore-4.4.16.jar:4.4.16]
	at org.apache.http.impl.conn.DefaultHttpResponseParser.parseHead(DefaultHttpResponseParser.java:138) ~[httpclient-4.5.3.jar:4.5.3]
	at org.apache.http.impl.conn.DefaultHttpResponseParser.parseHead(DefaultHttpResponseParser.java:56) ~[httpclient-4.5.3.jar:4.5.3]
	at org.apache.http.impl.io.AbstractMessageParser.parse(AbstractMessageParser.java:259) ~[httpcore-4.4.16.jar:4.4.16]
	at org.apache.http.impl.DefaultBHttpClientConnection.receiveResponseHeader(DefaultBHttpClientConnection.java:163) ~[httpcore-4.4.16.jar:4.4.16]
	at org.apache.http.impl.conn.CPoolProxy.receiveResponseHeader(CPoolProxy.java:165) ~[httpclient-4.5.3.jar:4.5.3]
	at org.apache.http.protocol.HttpRequestExecutor.doReceiveResponse(HttpRequestExecutor.java:273) ~[httpcore-4.4.16.jar:4.4.16]
	at org.apache.http.protocol.HttpRequestExecutor.execute(HttpRequestExecutor.java:125) ~[httpcore-4.4.16.jar:4.4.16]
	at org.apache.http.impl.execchain.MainClientExec.execute(MainClientExec.java:272) ~[httpclient-4.5.3.jar:4.5.3]
	at org.apache.http.impl.execchain.ProtocolExec.execute(ProtocolExec.java:185) ~[httpclient-4.5.3.jar:4.5.3]
	at org.apache.http.impl.execchain.RetryExec.execute(RetryExec.java:89) ~[httpclient-4.5.3.jar:4.5.3]
	at org.apache.http.impl.execchain.RedirectExec.execute(RedirectExec.java:111) ~[httpclient-4.5.3.jar:4.5.3]
	at org.apache.http.impl.client.InternalHttpClient.doExecute(InternalHttpClient.java:185) ~[httpclient-4.5.3.jar:4.5.3]
	at org.apache.http.impl.client.CloseableHttpClient.execute(CloseableHttpClient.java:72) ~[httpclient-4.5.3.jar:4.5.3]
	at org.glassfish.jersey.apache.connector.ApacheConnector.apply(ApacheConnector.java:485) ~[jersey-apache-connector-3.1.6.jar:na]
	... 16 common frames omitted

2024-05-23T16:48:10.223+05:30 ERROR 16120 --- [EurekaServer] [TaskBatchingWorker-target_localhost-16] c.n.e.cluster.ReplicationTaskProcessor   : It seems to be a socket read timeout exception, it will retry later. if it continues to happen and some eureka node occupied all the cpu time, you should set property 'eureka.server.peer-node-read-timeout-ms' to a bigger value

jakarta.ws.rs.ProcessingException: java.net.SocketTimeoutException: Read timed out
	at org.glassfish.jersey.apache.connector.ApacheConnector.apply(ApacheConnector.java:533) ~[jersey-apache-connector-3.1.6.jar:na]
	at org.glassfish.jersey.client.ClientRuntime.invoke(ClientRuntime.java:300) ~[jersey-client-3.1.6.jar:na]
	at org.glassfish.jersey.client.JerseyInvocation.lambda$invoke$0(JerseyInvocation.java:674) ~[jersey-client-3.1.6.jar:na]
	at org.glassfish.jersey.client.JerseyInvocation.call(JerseyInvocation.java:709) ~[jersey-client-3.1.6.jar:na]
	at org.glassfish.jersey.client.JerseyInvocation.lambda$runInScope$3(JerseyInvocation.java:703) ~[jersey-client-3.1.6.jar:na]
	at org.glassfish.jersey.internal.Errors.process(Errors.java:292) ~[jersey-common-3.1.6.jar:na]
	at org.glassfish.jersey.internal.Errors.process(Errors.java:274) ~[jersey-common-3.1.6.jar:na]
	at org.glassfish.jersey.internal.Errors.process(Errors.java:205) ~[jersey-common-3.1.6.jar:na]
	at org.glassfish.jersey.process.internal.RequestScope.runInScope(RequestScope.java:391) ~[jersey-common-3.1.6.jar:na]
	at org.glassfish.jersey.client.JerseyInvocation.runInScope(JerseyInvocation.java:703) ~[jersey-client-3.1.6.jar:na]
	at org.glassfish.jersey.client.JerseyInvocation.invoke(JerseyInvocation.java:673) ~[jersey-client-3.1.6.jar:na]
	at org.glassfish.jersey.client.JerseyInvocation$Builder.method(JerseyInvocation.java:439) ~[jersey-client-3.1.6.jar:na]
	at org.glassfish.jersey.client.JerseyInvocation$Builder.post(JerseyInvocation.java:345) ~[jersey-client-3.1.6.jar:na]
	at com.netflix.eureka.transport.Jersey3ReplicationClient.submitBatchUpdates(Jersey3ReplicationClient.java:116) ~[eureka-core-jersey3-2.0.2.jar:2.0.2]
	at com.netflix.eureka.cluster.ReplicationTaskProcessor.process(ReplicationTaskProcessor.java:80) ~[eureka-core-2.0.2.jar:2.0.2]
	at com.netflix.eureka.util.batcher.TaskExecutors$BatchWorkerRunnable.run(TaskExecutors.java:190) ~[eureka-core-2.0.2.jar:2.0.2]
	at java.base/java.lang.Thread.run(Thread.java:1583) ~[na:na]
Caused by: java.net.SocketTimeoutException: Read timed out
	at java.base/sun.nio.ch.NioSocketImpl.timedRead(NioSocketImpl.java:278) ~[na:na]
	at java.base/sun.nio.ch.NioSocketImpl.implRead(NioSocketImpl.java:304) ~[na:na]
	at java.base/sun.nio.ch.NioSocketImpl.read(NioSocketImpl.java:346) ~[na:na]
	at java.base/sun.nio.ch.NioSocketImpl$1.read(NioSocketImpl.java:796) ~[na:na]
	at java.base/java.net.Socket$SocketInputStream.read(Socket.java:1099) ~[na:na]
	at org.apache.http.impl.io.SessionInputBufferImpl.streamRead(SessionInputBufferImpl.java:137) ~[httpcore-4.4.16.jar:4.4.16]
	at org.apache.http.impl.io.SessionInputBufferImpl.fillBuffer(SessionInputBufferImpl.java:153) ~[httpcore-4.4.16.jar:4.4.16]
	at org.apache.http.impl.io.SessionInputBufferImpl.readLine(SessionInputBufferImpl.java:280) ~[httpcore-4.4.16.jar:4.4.16]
	at org.apache.http.impl.conn.DefaultHttpResponseParser.parseHead(DefaultHttpResponseParser.java:138) ~[httpclient-4.5.3.jar:4.5.3]
	at org.apache.http.impl.conn.DefaultHttpResponseParser.parseHead(DefaultHttpResponseParser.java:56) ~[httpclient-4.5.3.jar:4.5.3]
	at org.apache.http.impl.io.AbstractMessageParser.parse(AbstractMessageParser.java:259) ~[httpcore-4.4.16.jar:4.4.16]
	at org.apache.http.impl.DefaultBHttpClientConnection.receiveResponseHeader(DefaultBHttpClientConnection.java:163) ~[httpcore-4.4.16.jar:4.4.16]
	at org.apache.http.impl.conn.CPoolProxy.receiveResponseHeader(CPoolProxy.java:165) ~[httpclient-4.5.3.jar:4.5.3]
	at org.apache.http.protocol.HttpRequestExecutor.doReceiveResponse(HttpRequestExecutor.java:273) ~[httpcore-4.4.16.jar:4.4.16]
	at org.apache.http.protocol.HttpRequestExecutor.execute(HttpRequestExecutor.java:125) ~[httpcore-4.4.16.jar:4.4.16]
	at org.apache.http.impl.execchain.MainClientExec.execute(MainClientExec.java:272) ~[httpclient-4.5.3.jar:4.5.3]
	at org.apache.http.impl.execchain.ProtocolExec.execute(ProtocolExec.java:185) ~[httpclient-4.5.3.jar:4.5.3]
	at org.apache.http.impl.execchain.RetryExec.execute(RetryExec.java:89) ~[httpclient-4.5.3.jar:4.5.3]
	at org.apache.http.impl.execchain.RedirectExec.execute(RedirectExec.java:111) ~[httpclient-4.5.3.jar:4.5.3]
	at org.apache.http.impl.client.InternalHttpClient.doExecute(InternalHttpClient.java:185) ~[httpclient-4.5.3.jar:4.5.3]
	at org.apache.http.impl.client.CloseableHttpClient.execute(CloseableHttpClient.java:72) ~[httpclient-4.5.3.jar:4.5.3]
	at org.glassfish.jersey.apache.connector.ApacheConnector.apply(ApacheConnector.java:485) ~[jersey-apache-connector-3.1.6.jar:na]
	... 16 common frames omitted

2024-05-23T16:48:11.538+05:30 ERROR 16120 --- [EurekaServer] [TaskBatchingWorker-target_localhost-2] c.n.e.cluster.ReplicationTaskProcessor   : It seems to be a socket read timeout exception, it will retry later. if it continues to happen and some eureka node occupied all the cpu time, you should set property 'eureka.server.peer-node-read-timeout-ms' to a bigger value

jakarta.ws.rs.ProcessingException: java.net.SocketTimeoutException: Read timed out
	at org.glassfish.jersey.apache.connector.ApacheConnector.apply(ApacheConnector.java:533) ~[jersey-apache-connector-3.1.6.jar:na]
	at org.glassfish.jersey.client.ClientRuntime.invoke(ClientRuntime.java:300) ~[jersey-client-3.1.6.jar:na]
	at org.glassfish.jersey.client.JerseyInvocation.lambda$invoke$0(JerseyInvocation.java:674) ~[jersey-client-3.1.6.jar:na]
	at org.glassfish.jersey.client.JerseyInvocation.call(JerseyInvocation.java:709) ~[jersey-client-3.1.6.jar:na]
	at org.glassfish.jersey.client.JerseyInvocation.lambda$runInScope$3(JerseyInvocation.java:703) ~[jersey-client-3.1.6.jar:na]
	at org.glassfish.jersey.internal.Errors.process(Errors.java:292) ~[jersey-common-3.1.6.jar:na]
	at org.glassfish.jersey.internal.Errors.process(Errors.java:274) ~[jersey-common-3.1.6.jar:na]
	at org.glassfish.jersey.internal.Errors.process(Errors.java:205) ~[jersey-common-3.1.6.jar:na]
	at org.glassfish.jersey.process.internal.RequestScope.runInScope(RequestScope.java:391) ~[jersey-common-3.1.6.jar:na]
	at org.glassfish.jersey.client.JerseyInvocation.runInScope(JerseyInvocation.java:703) ~[jersey-client-3.1.6.jar:na]
	at org.glassfish.jersey.client.JerseyInvocation.invoke(JerseyInvocation.java:673) ~[jersey-client-3.1.6.jar:na]
	at org.glassfish.jersey.client.JerseyInvocation$Builder.method(JerseyInvocation.java:439) ~[jersey-client-3.1.6.jar:na]
	at org.glassfish.jersey.client.JerseyInvocation$Builder.post(JerseyInvocation.java:345) ~[jersey-client-3.1.6.jar:na]
	at com.netflix.eureka.transport.Jersey3ReplicationClient.submitBatchUpdates(Jersey3ReplicationClient.java:116) ~[eureka-core-jersey3-2.0.2.jar:2.0.2]
	at com.netflix.eureka.cluster.ReplicationTaskProcessor.process(ReplicationTaskProcessor.java:80) ~[eureka-core-2.0.2.jar:2.0.2]
	at com.netflix.eureka.util.batcher.TaskExecutors$BatchWorkerRunnable.run(TaskExecutors.java:190) ~[eureka-core-2.0.2.jar:2.0.2]
	at java.base/java.lang.Thread.run(Thread.java:1583) ~[na:na]
Caused by: java.net.SocketTimeoutException: Read timed out
	at java.base/sun.nio.ch.NioSocketImpl.timedRead(NioSocketImpl.java:278) ~[na:na]
	at java.base/sun.nio.ch.NioSocketImpl.implRead(NioSocketImpl.java:304) ~[na:na]
	at java.base/sun.nio.ch.NioSocketImpl.read(NioSocketImpl.java:346) ~[na:na]
	at java.base/sun.nio.ch.NioSocketImpl$1.read(NioSocketImpl.java:796) ~[na:na]
	at java.base/java.net.Socket$SocketInputStream.read(Socket.java:1099) ~[na:na]
	at org.apache.http.impl.io.SessionInputBufferImpl.streamRead(SessionInputBufferImpl.java:137) ~[httpcore-4.4.16.jar:4.4.16]
	at org.apache.http.impl.io.SessionInputBufferImpl.fillBuffer(SessionInputBufferImpl.java:153) ~[httpcore-4.4.16.jar:4.4.16]
	at org.apache.http.impl.io.SessionInputBufferImpl.readLine(SessionInputBufferImpl.java:280) ~[httpcore-4.4.16.jar:4.4.16]
	at org.apache.http.impl.conn.DefaultHttpResponseParser.parseHead(DefaultHttpResponseParser.java:138) ~[httpclient-4.5.3.jar:4.5.3]
	at org.apache.http.impl.conn.DefaultHttpResponseParser.parseHead(DefaultHttpResponseParser.java:56) ~[httpclient-4.5.3.jar:4.5.3]
	at org.apache.http.impl.io.AbstractMessageParser.parse(AbstractMessageParser.java:259) ~[httpcore-4.4.16.jar:4.4.16]
	at org.apache.http.impl.DefaultBHttpClientConnection.receiveResponseHeader(DefaultBHttpClientConnection.java:163) ~[httpcore-4.4.16.jar:4.4.16]
	at org.apache.http.impl.conn.CPoolProxy.receiveResponseHeader(CPoolProxy.java:165) ~[httpclient-4.5.3.jar:4.5.3]
	at org.apache.http.protocol.HttpRequestExecutor.doReceiveResponse(HttpRequestExecutor.java:273) ~[httpcore-4.4.16.jar:4.4.16]
	at org.apache.http.protocol.HttpRequestExecutor.execute(HttpRequestExecutor.java:125) ~[httpcore-4.4.16.jar:4.4.16]
	at org.apache.http.impl.execchain.MainClientExec.execute(MainClientExec.java:272) ~[httpclient-4.5.3.jar:4.5.3]
	at org.apache.http.impl.execchain.ProtocolExec.execute(ProtocolExec.java:185) ~[httpclient-4.5.3.jar:4.5.3]
	at org.apache.http.impl.execchain.RetryExec.execute(RetryExec.java:89) ~[httpclient-4.5.3.jar:4.5.3]
	at org.apache.http.impl.execchain.RedirectExec.execute(RedirectExec.java:111) ~[httpclient-4.5.3.jar:4.5.3]
	at org.apache.http.impl.client.InternalHttpClient.doExecute(InternalHttpClient.java:185) ~[httpclient-4.5.3.jar:4.5.3]
	at org.apache.http.impl.client.CloseableHttpClient.execute(CloseableHttpClient.java:72) ~[httpclient-4.5.3.jar:4.5.3]
	at org.glassfish.jersey.apache.connector.ApacheConnector.apply(ApacheConnector.java:485) ~[jersey-apache-connector-3.1.6.jar:na]
	... 16 common frames omitted

2024-05-23T16:48:19.896+05:30  INFO 16120 --- [EurekaServer] [Eureka-EvictionTimer] c.n.e.registry.AbstractInstanceRegistry  : Running the evict task with compensationTime 1ms
2024-05-23T16:49:19.945+05:30  INFO 16120 --- [EurekaServer] [Eureka-EvictionTimer] c.n.e.registry.AbstractInstanceRegistry  : Running the evict task with compensationTime 0ms
2024-05-23T16:50:19.973+05:30  INFO 16120 --- [EurekaServer] [Eureka-EvictionTimer] c.n.e.registry.AbstractInstanceRegistry  : Running the evict task with compensationTime 64ms
2024-05-23T16:51:19.960+05:30  INFO 16120 --- [EurekaServer] [Eureka-EvictionTimer] c.n.e.registry.AbstractInstanceRegistry  : Running the evict task with compensationTime 0ms
2024-05-23T16:52:19.964+05:30  INFO 16120 --- [EurekaServer] [Eureka-EvictionTimer] c.n.e.registry.AbstractInstanceRegistry  : Running the evict task with compensationTime 0ms
2024-05-23T16:53:20.971+05:30  INFO 16120 --- [EurekaServer] [Eureka-EvictionTimer] c.n.e.registry.AbstractInstanceRegistry  : Running the evict task with compensationTime 18ms
2024-05-23T16:54:20.026+05:30  INFO 16120 --- [EurekaServer] [Eureka-EvictionTimer] c.n.e.registry.AbstractInstanceRegistry  : Running the evict task with compensationTime 31ms
2024-05-23T16:54:59.083+05:30 ERROR 16120 --- [EurekaServer] [TaskBatchingWorker-target_localhost-0] c.n.e.cluster.ReplicationTaskProcessor   : It seems to be a socket read timeout exception, it will retry later. if it continues to happen and some eureka node occupied all the cpu time, you should set property 'eureka.server.peer-node-read-timeout-ms' to a bigger value

jakarta.ws.rs.ProcessingException: java.net.SocketTimeoutException: Read timed out
	at org.glassfish.jersey.apache.connector.ApacheConnector.apply(ApacheConnector.java:533) ~[jersey-apache-connector-3.1.6.jar:na]
	at org.glassfish.jersey.client.ClientRuntime.invoke(ClientRuntime.java:300) ~[jersey-client-3.1.6.jar:na]
	at org.glassfish.jersey.client.JerseyInvocation.lambda$invoke$0(JerseyInvocation.java:674) ~[jersey-client-3.1.6.jar:na]
	at org.glassfish.jersey.client.JerseyInvocation.call(JerseyInvocation.java:709) ~[jersey-client-3.1.6.jar:na]
	at org.glassfish.jersey.client.JerseyInvocation.lambda$runInScope$3(JerseyInvocation.java:703) ~[jersey-client-3.1.6.jar:na]
	at org.glassfish.jersey.internal.Errors.process(Errors.java:292) ~[jersey-common-3.1.6.jar:na]
	at org.glassfish.jersey.internal.Errors.process(Errors.java:274) ~[jersey-common-3.1.6.jar:na]
	at org.glassfish.jersey.internal.Errors.process(Errors.java:205) ~[jersey-common-3.1.6.jar:na]
	at org.glassfish.jersey.process.internal.RequestScope.runInScope(RequestScope.java:391) ~[jersey-common-3.1.6.jar:na]
	at org.glassfish.jersey.client.JerseyInvocation.runInScope(JerseyInvocation.java:703) ~[jersey-client-3.1.6.jar:na]
	at org.glassfish.jersey.client.JerseyInvocation.invoke(JerseyInvocation.java:673) ~[jersey-client-3.1.6.jar:na]
	at org.glassfish.jersey.client.JerseyInvocation$Builder.method(JerseyInvocation.java:439) ~[jersey-client-3.1.6.jar:na]
	at org.glassfish.jersey.client.JerseyInvocation$Builder.post(JerseyInvocation.java:345) ~[jersey-client-3.1.6.jar:na]
	at com.netflix.eureka.transport.Jersey3ReplicationClient.submitBatchUpdates(Jersey3ReplicationClient.java:116) ~[eureka-core-jersey3-2.0.2.jar:2.0.2]
	at com.netflix.eureka.cluster.ReplicationTaskProcessor.process(ReplicationTaskProcessor.java:80) ~[eureka-core-2.0.2.jar:2.0.2]
	at com.netflix.eureka.util.batcher.TaskExecutors$BatchWorkerRunnable.run(TaskExecutors.java:190) ~[eureka-core-2.0.2.jar:2.0.2]
	at java.base/java.lang.Thread.run(Thread.java:1583) ~[na:na]
Caused by: java.net.SocketTimeoutException: Read timed out
	at java.base/sun.nio.ch.NioSocketImpl.timedRead(NioSocketImpl.java:278) ~[na:na]
	at java.base/sun.nio.ch.NioSocketImpl.implRead(NioSocketImpl.java:304) ~[na:na]
	at java.base/sun.nio.ch.NioSocketImpl.read(NioSocketImpl.java:346) ~[na:na]
	at java.base/sun.nio.ch.NioSocketImpl$1.read(NioSocketImpl.java:796) ~[na:na]
	at java.base/java.net.Socket$SocketInputStream.read(Socket.java:1099) ~[na:na]
	at org.apache.http.impl.io.SessionInputBufferImpl.streamRead(SessionInputBufferImpl.java:137) ~[httpcore-4.4.16.jar:4.4.16]
	at org.apache.http.impl.io.SessionInputBufferImpl.fillBuffer(SessionInputBufferImpl.java:153) ~[httpcore-4.4.16.jar:4.4.16]
	at org.apache.http.impl.io.SessionInputBufferImpl.readLine(SessionInputBufferImpl.java:280) ~[httpcore-4.4.16.jar:4.4.16]
	at org.apache.http.impl.conn.DefaultHttpResponseParser.parseHead(DefaultHttpResponseParser.java:138) ~[httpclient-4.5.3.jar:4.5.3]
	at org.apache.http.impl.conn.DefaultHttpResponseParser.parseHead(DefaultHttpResponseParser.java:56) ~[httpclient-4.5.3.jar:4.5.3]
	at org.apache.http.impl.io.AbstractMessageParser.parse(AbstractMessageParser.java:259) ~[httpcore-4.4.16.jar:4.4.16]
	at org.apache.http.impl.DefaultBHttpClientConnection.receiveResponseHeader(DefaultBHttpClientConnection.java:163) ~[httpcore-4.4.16.jar:4.4.16]
	at org.apache.http.impl.conn.CPoolProxy.receiveResponseHeader(CPoolProxy.java:165) ~[httpclient-4.5.3.jar:4.5.3]
	at org.apache.http.protocol.HttpRequestExecutor.doReceiveResponse(HttpRequestExecutor.java:273) ~[httpcore-4.4.16.jar:4.4.16]
	at org.apache.http.protocol.HttpRequestExecutor.execute(HttpRequestExecutor.java:125) ~[httpcore-4.4.16.jar:4.4.16]
	at org.apache.http.impl.execchain.MainClientExec.execute(MainClientExec.java:272) ~[httpclient-4.5.3.jar:4.5.3]
	at org.apache.http.impl.execchain.ProtocolExec.execute(ProtocolExec.java:185) ~[httpclient-4.5.3.jar:4.5.3]
	at org.apache.http.impl.execchain.RetryExec.execute(RetryExec.java:89) ~[httpclient-4.5.3.jar:4.5.3]
	at org.apache.http.impl.execchain.RedirectExec.execute(RedirectExec.java:111) ~[httpclient-4.5.3.jar:4.5.3]
	at org.apache.http.impl.client.InternalHttpClient.doExecute(InternalHttpClient.java:185) ~[httpclient-4.5.3.jar:4.5.3]
	at org.apache.http.impl.client.CloseableHttpClient.execute(CloseableHttpClient.java:72) ~[httpclient-4.5.3.jar:4.5.3]
	at org.glassfish.jersey.apache.connector.ApacheConnector.apply(ApacheConnector.java:485) ~[jersey-apache-connector-3.1.6.jar:na]
	... 16 common frames omitted

2024-05-23T16:55:20.746+05:30  INFO 16120 --- [EurekaServer] [Eureka-EvictionTimer] c.n.e.registry.AbstractInstanceRegistry  : Running the evict task with compensationTime 11ms
2024-05-23T16:55:30.437+05:30 ERROR 16120 --- [EurekaServer] [TaskBatchingWorker-target_localhost-4] c.n.e.cluster.ReplicationTaskProcessor   : It seems to be a socket read timeout exception, it will retry later. if it continues to happen and some eureka node occupied all the cpu time, you should set property 'eureka.server.peer-node-read-timeout-ms' to a bigger value

jakarta.ws.rs.ProcessingException: java.net.SocketTimeoutException: Read timed out
	at org.glassfish.jersey.apache.connector.ApacheConnector.apply(ApacheConnector.java:533) ~[jersey-apache-connector-3.1.6.jar:na]
	at org.glassfish.jersey.client.ClientRuntime.invoke(ClientRuntime.java:300) ~[jersey-client-3.1.6.jar:na]
	at org.glassfish.jersey.client.JerseyInvocation.lambda$invoke$0(JerseyInvocation.java:674) ~[jersey-client-3.1.6.jar:na]
	at org.glassfish.jersey.client.JerseyInvocation.call(JerseyInvocation.java:709) ~[jersey-client-3.1.6.jar:na]
	at org.glassfish.jersey.client.JerseyInvocation.lambda$runInScope$3(JerseyInvocation.java:703) ~[jersey-client-3.1.6.jar:na]
	at org.glassfish.jersey.internal.Errors.process(Errors.java:292) ~[jersey-common-3.1.6.jar:na]
	at org.glassfish.jersey.internal.Errors.process(Errors.java:274) ~[jersey-common-3.1.6.jar:na]
	at org.glassfish.jersey.internal.Errors.process(Errors.java:205) ~[jersey-common-3.1.6.jar:na]
	at org.glassfish.jersey.process.internal.RequestScope.runInScope(RequestScope.java:391) ~[jersey-common-3.1.6.jar:na]
	at org.glassfish.jersey.client.JerseyInvocation.runInScope(JerseyInvocation.java:703) ~[jersey-client-3.1.6.jar:na]
	at org.glassfish.jersey.client.JerseyInvocation.invoke(JerseyInvocation.java:673) ~[jersey-client-3.1.6.jar:na]
	at org.glassfish.jersey.client.JerseyInvocation$Builder.method(JerseyInvocation.java:439) ~[jersey-client-3.1.6.jar:na]
	at org.glassfish.jersey.client.JerseyInvocation$Builder.post(JerseyInvocation.java:345) ~[jersey-client-3.1.6.jar:na]
	at com.netflix.eureka.transport.Jersey3ReplicationClient.submitBatchUpdates(Jersey3ReplicationClient.java:116) ~[eureka-core-jersey3-2.0.2.jar:2.0.2]
	at com.netflix.eureka.cluster.ReplicationTaskProcessor.process(ReplicationTaskProcessor.java:80) ~[eureka-core-2.0.2.jar:2.0.2]
	at com.netflix.eureka.util.batcher.TaskExecutors$BatchWorkerRunnable.run(TaskExecutors.java:190) ~[eureka-core-2.0.2.jar:2.0.2]
	at java.base/java.lang.Thread.run(Thread.java:1583) ~[na:na]
Caused by: java.net.SocketTimeoutException: Read timed out
	at java.base/sun.nio.ch.NioSocketImpl.timedRead(NioSocketImpl.java:278) ~[na:na]
	at java.base/sun.nio.ch.NioSocketImpl.implRead(NioSocketImpl.java:304) ~[na:na]
	at java.base/sun.nio.ch.NioSocketImpl.read(NioSocketImpl.java:346) ~[na:na]
	at java.base/sun.nio.ch.NioSocketImpl$1.read(NioSocketImpl.java:796) ~[na:na]
	at java.base/java.net.Socket$SocketInputStream.read(Socket.java:1099) ~[na:na]
	at org.apache.http.impl.io.SessionInputBufferImpl.streamRead(SessionInputBufferImpl.java:137) ~[httpcore-4.4.16.jar:4.4.16]
	at org.apache.http.impl.io.SessionInputBufferImpl.fillBuffer(SessionInputBufferImpl.java:153) ~[httpcore-4.4.16.jar:4.4.16]
	at org.apache.http.impl.io.SessionInputBufferImpl.readLine(SessionInputBufferImpl.java:280) ~[httpcore-4.4.16.jar:4.4.16]
	at org.apache.http.impl.conn.DefaultHttpResponseParser.parseHead(DefaultHttpResponseParser.java:138) ~[httpclient-4.5.3.jar:4.5.3]
	at org.apache.http.impl.conn.DefaultHttpResponseParser.parseHead(DefaultHttpResponseParser.java:56) ~[httpclient-4.5.3.jar:4.5.3]
	at org.apache.http.impl.io.AbstractMessageParser.parse(AbstractMessageParser.java:259) ~[httpcore-4.4.16.jar:4.4.16]
	at org.apache.http.impl.DefaultBHttpClientConnection.receiveResponseHeader(DefaultBHttpClientConnection.java:163) ~[httpcore-4.4.16.jar:4.4.16]
	at org.apache.http.impl.conn.CPoolProxy.receiveResponseHeader(CPoolProxy.java:165) ~[httpclient-4.5.3.jar:4.5.3]
	at org.apache.http.protocol.HttpRequestExecutor.doReceiveResponse(HttpRequestExecutor.java:273) ~[httpcore-4.4.16.jar:4.4.16]
	at org.apache.http.protocol.HttpRequestExecutor.execute(HttpRequestExecutor.java:125) ~[httpcore-4.4.16.jar:4.4.16]
	at org.apache.http.impl.execchain.MainClientExec.execute(MainClientExec.java:272) ~[httpclient-4.5.3.jar:4.5.3]
	at org.apache.http.impl.execchain.ProtocolExec.execute(ProtocolExec.java:185) ~[httpclient-4.5.3.jar:4.5.3]
	at org.apache.http.impl.execchain.RetryExec.execute(RetryExec.java:89) ~[httpclient-4.5.3.jar:4.5.3]
	at org.apache.http.impl.execchain.RedirectExec.execute(RedirectExec.java:111) ~[httpclient-4.5.3.jar:4.5.3]
	at org.apache.http.impl.client.InternalHttpClient.doExecute(InternalHttpClient.java:185) ~[httpclient-4.5.3.jar:4.5.3]
	at org.apache.http.impl.client.CloseableHttpClient.execute(CloseableHttpClient.java:72) ~[httpclient-4.5.3.jar:4.5.3]
	at org.glassfish.jersey.apache.connector.ApacheConnector.apply(ApacheConnector.java:485) ~[jersey-apache-connector-3.1.6.jar:na]
	... 16 common frames omitted

2024-05-23T16:56:00.508+05:30 ERROR 16120 --- [EurekaServer] [TaskBatchingWorker-target_localhost-3] c.n.e.cluster.ReplicationTaskProcessor   : It seems to be a socket read timeout exception, it will retry later. if it continues to happen and some eureka node occupied all the cpu time, you should set property 'eureka.server.peer-node-read-timeout-ms' to a bigger value

jakarta.ws.rs.ProcessingException: java.net.SocketTimeoutException: Read timed out
	at org.glassfish.jersey.apache.connector.ApacheConnector.apply(ApacheConnector.java:533) ~[jersey-apache-connector-3.1.6.jar:na]
	at org.glassfish.jersey.client.ClientRuntime.invoke(ClientRuntime.java:300) ~[jersey-client-3.1.6.jar:na]
	at org.glassfish.jersey.client.JerseyInvocation.lambda$invoke$0(JerseyInvocation.java:674) ~[jersey-client-3.1.6.jar:na]
	at org.glassfish.jersey.client.JerseyInvocation.call(JerseyInvocation.java:709) ~[jersey-client-3.1.6.jar:na]
	at org.glassfish.jersey.client.JerseyInvocation.lambda$runInScope$3(JerseyInvocation.java:703) ~[jersey-client-3.1.6.jar:na]
	at org.glassfish.jersey.internal.Errors.process(Errors.java:292) ~[jersey-common-3.1.6.jar:na]
	at org.glassfish.jersey.internal.Errors.process(Errors.java:274) ~[jersey-common-3.1.6.jar:na]
	at org.glassfish.jersey.internal.Errors.process(Errors.java:205) ~[jersey-common-3.1.6.jar:na]
	at org.glassfish.jersey.process.internal.RequestScope.runInScope(RequestScope.java:391) ~[jersey-common-3.1.6.jar:na]
	at org.glassfish.jersey.client.JerseyInvocation.runInScope(JerseyInvocation.java:703) ~[jersey-client-3.1.6.jar:na]
	at org.glassfish.jersey.client.JerseyInvocation.invoke(JerseyInvocation.java:673) ~[jersey-client-3.1.6.jar:na]
	at org.glassfish.jersey.client.JerseyInvocation$Builder.method(JerseyInvocation.java:439) ~[jersey-client-3.1.6.jar:na]
	at org.glassfish.jersey.client.JerseyInvocation$Builder.post(JerseyInvocation.java:345) ~[jersey-client-3.1.6.jar:na]
	at com.netflix.eureka.transport.Jersey3ReplicationClient.submitBatchUpdates(Jersey3ReplicationClient.java:116) ~[eureka-core-jersey3-2.0.2.jar:2.0.2]
	at com.netflix.eureka.cluster.ReplicationTaskProcessor.process(ReplicationTaskProcessor.java:80) ~[eureka-core-2.0.2.jar:2.0.2]
	at com.netflix.eureka.util.batcher.TaskExecutors$BatchWorkerRunnable.run(TaskExecutors.java:190) ~[eureka-core-2.0.2.jar:2.0.2]
	at java.base/java.lang.Thread.run(Thread.java:1583) ~[na:na]
Caused by: java.net.SocketTimeoutException: Read timed out
	at java.base/sun.nio.ch.NioSocketImpl.timedRead(NioSocketImpl.java:278) ~[na:na]
	at java.base/sun.nio.ch.NioSocketImpl.implRead(NioSocketImpl.java:304) ~[na:na]
	at java.base/sun.nio.ch.NioSocketImpl.read(NioSocketImpl.java:346) ~[na:na]
	at java.base/sun.nio.ch.NioSocketImpl$1.read(NioSocketImpl.java:796) ~[na:na]
	at java.base/java.net.Socket$SocketInputStream.read(Socket.java:1099) ~[na:na]
	at org.apache.http.impl.io.SessionInputBufferImpl.streamRead(SessionInputBufferImpl.java:137) ~[httpcore-4.4.16.jar:4.4.16]
	at org.apache.http.impl.io.SessionInputBufferImpl.fillBuffer(SessionInputBufferImpl.java:153) ~[httpcore-4.4.16.jar:4.4.16]
	at org.apache.http.impl.io.SessionInputBufferImpl.readLine(SessionInputBufferImpl.java:280) ~[httpcore-4.4.16.jar:4.4.16]
	at org.apache.http.impl.conn.DefaultHttpResponseParser.parseHead(DefaultHttpResponseParser.java:138) ~[httpclient-4.5.3.jar:4.5.3]
	at org.apache.http.impl.conn.DefaultHttpResponseParser.parseHead(DefaultHttpResponseParser.java:56) ~[httpclient-4.5.3.jar:4.5.3]
	at org.apache.http.impl.io.AbstractMessageParser.parse(AbstractMessageParser.java:259) ~[httpcore-4.4.16.jar:4.4.16]
	at org.apache.http.impl.DefaultBHttpClientConnection.receiveResponseHeader(DefaultBHttpClientConnection.java:163) ~[httpcore-4.4.16.jar:4.4.16]
	at org.apache.http.impl.conn.CPoolProxy.receiveResponseHeader(CPoolProxy.java:165) ~[httpclient-4.5.3.jar:4.5.3]
	at org.apache.http.protocol.HttpRequestExecutor.doReceiveResponse(HttpRequestExecutor.java:273) ~[httpcore-4.4.16.jar:4.4.16]
	at org.apache.http.protocol.HttpRequestExecutor.execute(HttpRequestExecutor.java:125) ~[httpcore-4.4.16.jar:4.4.16]
	at org.apache.http.impl.execchain.MainClientExec.execute(MainClientExec.java:272) ~[httpclient-4.5.3.jar:4.5.3]
	at org.apache.http.impl.execchain.ProtocolExec.execute(ProtocolExec.java:185) ~[httpclient-4.5.3.jar:4.5.3]
	at org.apache.http.impl.execchain.RetryExec.execute(RetryExec.java:89) ~[httpclient-4.5.3.jar:4.5.3]
	at org.apache.http.impl.execchain.RedirectExec.execute(RedirectExec.java:111) ~[httpclient-4.5.3.jar:4.5.3]
	at org.apache.http.impl.client.InternalHttpClient.doExecute(InternalHttpClient.java:185) ~[httpclient-4.5.3.jar:4.5.3]
	at org.apache.http.impl.client.CloseableHttpClient.execute(CloseableHttpClient.java:72) ~[httpclient-4.5.3.jar:4.5.3]
	at org.glassfish.jersey.apache.connector.ApacheConnector.apply(ApacheConnector.java:485) ~[jersey-apache-connector-3.1.6.jar:na]
	... 16 common frames omitted

2024-05-23T16:56:03.166+05:30 ERROR 16120 --- [EurekaServer] [TaskBatchingWorker-target_localhost-6] c.n.e.cluster.ReplicationTaskProcessor   : It seems to be a socket read timeout exception, it will retry later. if it continues to happen and some eureka node occupied all the cpu time, you should set property 'eureka.server.peer-node-read-timeout-ms' to a bigger value

jakarta.ws.rs.ProcessingException: java.net.SocketTimeoutException: Read timed out
	at org.glassfish.jersey.apache.connector.ApacheConnector.apply(ApacheConnector.java:533) ~[jersey-apache-connector-3.1.6.jar:na]
	at org.glassfish.jersey.client.ClientRuntime.invoke(ClientRuntime.java:300) ~[jersey-client-3.1.6.jar:na]
	at org.glassfish.jersey.client.JerseyInvocation.lambda$invoke$0(JerseyInvocation.java:674) ~[jersey-client-3.1.6.jar:na]
	at org.glassfish.jersey.client.JerseyInvocation.call(JerseyInvocation.java:709) ~[jersey-client-3.1.6.jar:na]
	at org.glassfish.jersey.client.JerseyInvocation.lambda$runInScope$3(JerseyInvocation.java:703) ~[jersey-client-3.1.6.jar:na]
	at org.glassfish.jersey.internal.Errors.process(Errors.java:292) ~[jersey-common-3.1.6.jar:na]
	at org.glassfish.jersey.internal.Errors.process(Errors.java:274) ~[jersey-common-3.1.6.jar:na]
	at org.glassfish.jersey.internal.Errors.process(Errors.java:205) ~[jersey-common-3.1.6.jar:na]
	at org.glassfish.jersey.process.internal.RequestScope.runInScope(RequestScope.java:391) ~[jersey-common-3.1.6.jar:na]
	at org.glassfish.jersey.client.JerseyInvocation.runInScope(JerseyInvocation.java:703) ~[jersey-client-3.1.6.jar:na]
	at org.glassfish.jersey.client.JerseyInvocation.invoke(JerseyInvocation.java:673) ~[jersey-client-3.1.6.jar:na]
	at org.glassfish.jersey.client.JerseyInvocation$Builder.method(JerseyInvocation.java:439) ~[jersey-client-3.1.6.jar:na]
	at org.glassfish.jersey.client.JerseyInvocation$Builder.post(JerseyInvocation.java:345) ~[jersey-client-3.1.6.jar:na]
	at com.netflix.eureka.transport.Jersey3ReplicationClient.submitBatchUpdates(Jersey3ReplicationClient.java:116) ~[eureka-core-jersey3-2.0.2.jar:2.0.2]
	at com.netflix.eureka.cluster.ReplicationTaskProcessor.process(ReplicationTaskProcessor.java:80) ~[eureka-core-2.0.2.jar:2.0.2]
	at com.netflix.eureka.util.batcher.TaskExecutors$BatchWorkerRunnable.run(TaskExecutors.java:190) ~[eureka-core-2.0.2.jar:2.0.2]
	at java.base/java.lang.Thread.run(Thread.java:1583) ~[na:na]
Caused by: java.net.SocketTimeoutException: Read timed out
	at java.base/sun.nio.ch.NioSocketImpl.timedRead(NioSocketImpl.java:278) ~[na:na]
	at java.base/sun.nio.ch.NioSocketImpl.implRead(NioSocketImpl.java:304) ~[na:na]
	at java.base/sun.nio.ch.NioSocketImpl.read(NioSocketImpl.java:346) ~[na:na]
	at java.base/sun.nio.ch.NioSocketImpl$1.read(NioSocketImpl.java:796) ~[na:na]
	at java.base/java.net.Socket$SocketInputStream.read(Socket.java:1099) ~[na:na]
	at org.apache.http.impl.io.SessionInputBufferImpl.streamRead(SessionInputBufferImpl.java:137) ~[httpcore-4.4.16.jar:4.4.16]
	at org.apache.http.impl.io.SessionInputBufferImpl.fillBuffer(SessionInputBufferImpl.java:153) ~[httpcore-4.4.16.jar:4.4.16]
	at org.apache.http.impl.io.SessionInputBufferImpl.readLine(SessionInputBufferImpl.java:280) ~[httpcore-4.4.16.jar:4.4.16]
	at org.apache.http.impl.conn.DefaultHttpResponseParser.parseHead(DefaultHttpResponseParser.java:138) ~[httpclient-4.5.3.jar:4.5.3]
	at org.apache.http.impl.conn.DefaultHttpResponseParser.parseHead(DefaultHttpResponseParser.java:56) ~[httpclient-4.5.3.jar:4.5.3]
	at org.apache.http.impl.io.AbstractMessageParser.parse(AbstractMessageParser.java:259) ~[httpcore-4.4.16.jar:4.4.16]
	at org.apache.http.impl.DefaultBHttpClientConnection.receiveResponseHeader(DefaultBHttpClientConnection.java:163) ~[httpcore-4.4.16.jar:4.4.16]
	at org.apache.http.impl.conn.CPoolProxy.receiveResponseHeader(CPoolProxy.java:165) ~[httpclient-4.5.3.jar:4.5.3]
	at org.apache.http.protocol.HttpRequestExecutor.doReceiveResponse(HttpRequestExecutor.java:273) ~[httpcore-4.4.16.jar:4.4.16]
	at org.apache.http.protocol.HttpRequestExecutor.execute(HttpRequestExecutor.java:125) ~[httpcore-4.4.16.jar:4.4.16]
	at org.apache.http.impl.execchain.MainClientExec.execute(MainClientExec.java:272) ~[httpclient-4.5.3.jar:4.5.3]
	at org.apache.http.impl.execchain.ProtocolExec.execute(ProtocolExec.java:185) ~[httpclient-4.5.3.jar:4.5.3]
	at org.apache.http.impl.execchain.RetryExec.execute(RetryExec.java:89) ~[httpclient-4.5.3.jar:4.5.3]
	at org.apache.http.impl.execchain.RedirectExec.execute(RedirectExec.java:111) ~[httpclient-4.5.3.jar:4.5.3]
	at org.apache.http.impl.client.InternalHttpClient.doExecute(InternalHttpClient.java:185) ~[httpclient-4.5.3.jar:4.5.3]
	at org.apache.http.impl.client.CloseableHttpClient.execute(CloseableHttpClient.java:72) ~[httpclient-4.5.3.jar:4.5.3]
	at org.glassfish.jersey.apache.connector.ApacheConnector.apply(ApacheConnector.java:485) ~[jersey-apache-connector-3.1.6.jar:na]
	... 16 common frames omitted

2024-05-23T16:56:19.668+05:30  INFO 16120 --- [EurekaServer] [ReplicaAwareInstanceRegistry - RenewalThresholdUpdater] c.n.e.r.PeerAwareInstanceRegistryImpl    : Current renewal threshold is : 11
2024-05-23T16:56:20.024+05:30  INFO 16120 --- [EurekaServer] [Eureka-EvictionTimer] c.n.e.registry.AbstractInstanceRegistry  : Running the evict task with compensationTime 0ms
2024-05-23T16:57:20.598+05:30  INFO 16120 --- [EurekaServer] [Eureka-EvictionTimer] c.n.e.registry.AbstractInstanceRegistry  : Running the evict task with compensationTime 54ms
2024-05-23T16:58:10.583+05:30 ERROR 16120 --- [EurekaServer] [TaskBatchingWorker-target_localhost-0] c.n.e.cluster.ReplicationTaskProcessor   : It seems to be a socket read timeout exception, it will retry later. if it continues to happen and some eureka node occupied all the cpu time, you should set property 'eureka.server.peer-node-read-timeout-ms' to a bigger value

jakarta.ws.rs.ProcessingException: java.net.SocketTimeoutException: Read timed out
	at org.glassfish.jersey.apache.connector.ApacheConnector.apply(ApacheConnector.java:533) ~[jersey-apache-connector-3.1.6.jar:na]
	at org.glassfish.jersey.client.ClientRuntime.invoke(ClientRuntime.java:300) ~[jersey-client-3.1.6.jar:na]
	at org.glassfish.jersey.client.JerseyInvocation.lambda$invoke$0(JerseyInvocation.java:674) ~[jersey-client-3.1.6.jar:na]
	at org.glassfish.jersey.client.JerseyInvocation.call(JerseyInvocation.java:709) ~[jersey-client-3.1.6.jar:na]
	at org.glassfish.jersey.client.JerseyInvocation.lambda$runInScope$3(JerseyInvocation.java:703) ~[jersey-client-3.1.6.jar:na]
	at org.glassfish.jersey.internal.Errors.process(Errors.java:292) ~[jersey-common-3.1.6.jar:na]
	at org.glassfish.jersey.internal.Errors.process(Errors.java:274) ~[jersey-common-3.1.6.jar:na]
	at org.glassfish.jersey.internal.Errors.process(Errors.java:205) ~[jersey-common-3.1.6.jar:na]
	at org.glassfish.jersey.process.internal.RequestScope.runInScope(RequestScope.java:391) ~[jersey-common-3.1.6.jar:na]
	at org.glassfish.jersey.client.JerseyInvocation.runInScope(JerseyInvocation.java:703) ~[jersey-client-3.1.6.jar:na]
	at org.glassfish.jersey.client.JerseyInvocation.invoke(JerseyInvocation.java:673) ~[jersey-client-3.1.6.jar:na]
	at org.glassfish.jersey.client.JerseyInvocation$Builder.method(JerseyInvocation.java:439) ~[jersey-client-3.1.6.jar:na]
	at org.glassfish.jersey.client.JerseyInvocation$Builder.post(JerseyInvocation.java:345) ~[jersey-client-3.1.6.jar:na]
	at com.netflix.eureka.transport.Jersey3ReplicationClient.submitBatchUpdates(Jersey3ReplicationClient.java:116) ~[eureka-core-jersey3-2.0.2.jar:2.0.2]
	at com.netflix.eureka.cluster.ReplicationTaskProcessor.process(ReplicationTaskProcessor.java:80) ~[eureka-core-2.0.2.jar:2.0.2]
	at com.netflix.eureka.util.batcher.TaskExecutors$BatchWorkerRunnable.run(TaskExecutors.java:190) ~[eureka-core-2.0.2.jar:2.0.2]
	at java.base/java.lang.Thread.run(Thread.java:1583) ~[na:na]
Caused by: java.net.SocketTimeoutException: Read timed out
	at java.base/sun.nio.ch.NioSocketImpl.timedRead(NioSocketImpl.java:278) ~[na:na]
	at java.base/sun.nio.ch.NioSocketImpl.implRead(NioSocketImpl.java:304) ~[na:na]
	at java.base/sun.nio.ch.NioSocketImpl.read(NioSocketImpl.java:346) ~[na:na]
	at java.base/sun.nio.ch.NioSocketImpl$1.read(NioSocketImpl.java:796) ~[na:na]
	at java.base/java.net.Socket$SocketInputStream.read(Socket.java:1099) ~[na:na]
	at org.apache.http.impl.io.SessionInputBufferImpl.streamRead(SessionInputBufferImpl.java:137) ~[httpcore-4.4.16.jar:4.4.16]
	at org.apache.http.impl.io.SessionInputBufferImpl.fillBuffer(SessionInputBufferImpl.java:153) ~[httpcore-4.4.16.jar:4.4.16]
	at org.apache.http.impl.io.SessionInputBufferImpl.readLine(SessionInputBufferImpl.java:280) ~[httpcore-4.4.16.jar:4.4.16]
	at org.apache.http.impl.conn.DefaultHttpResponseParser.parseHead(DefaultHttpResponseParser.java:138) ~[httpclient-4.5.3.jar:4.5.3]
	at org.apache.http.impl.conn.DefaultHttpResponseParser.parseHead(DefaultHttpResponseParser.java:56) ~[httpclient-4.5.3.jar:4.5.3]
	at org.apache.http.impl.io.AbstractMessageParser.parse(AbstractMessageParser.java:259) ~[httpcore-4.4.16.jar:4.4.16]
	at org.apache.http.impl.DefaultBHttpClientConnection.receiveResponseHeader(DefaultBHttpClientConnection.java:163) ~[httpcore-4.4.16.jar:4.4.16]
	at org.apache.http.impl.conn.CPoolProxy.receiveResponseHeader(CPoolProxy.java:165) ~[httpclient-4.5.3.jar:4.5.3]
	at org.apache.http.protocol.HttpRequestExecutor.doReceiveResponse(HttpRequestExecutor.java:273) ~[httpcore-4.4.16.jar:4.4.16]
	at org.apache.http.protocol.HttpRequestExecutor.execute(HttpRequestExecutor.java:125) ~[httpcore-4.4.16.jar:4.4.16]
	at org.apache.http.impl.execchain.MainClientExec.execute(MainClientExec.java:272) ~[httpclient-4.5.3.jar:4.5.3]
	at org.apache.http.impl.execchain.ProtocolExec.execute(ProtocolExec.java:185) ~[httpclient-4.5.3.jar:4.5.3]
	at org.apache.http.impl.execchain.RetryExec.execute(RetryExec.java:89) ~[httpclient-4.5.3.jar:4.5.3]
	at org.apache.http.impl.execchain.RedirectExec.execute(RedirectExec.java:111) ~[httpclient-4.5.3.jar:4.5.3]
	at org.apache.http.impl.client.InternalHttpClient.doExecute(InternalHttpClient.java:185) ~[httpclient-4.5.3.jar:4.5.3]
	at org.apache.http.impl.client.CloseableHttpClient.execute(CloseableHttpClient.java:72) ~[httpclient-4.5.3.jar:4.5.3]
	at org.glassfish.jersey.apache.connector.ApacheConnector.apply(ApacheConnector.java:485) ~[jersey-apache-connector-3.1.6.jar:na]
	... 16 common frames omitted

2024-05-23T16:58:20.078+05:30  INFO 16120 --- [EurekaServer] [Eureka-EvictionTimer] c.n.e.registry.AbstractInstanceRegistry  : Running the evict task with compensationTime 0ms
2024-05-23T16:59:20.139+05:30  INFO 16120 --- [EurekaServer] [Eureka-EvictionTimer] c.n.e.registry.AbstractInstanceRegistry  : Running the evict task with compensationTime 31ms
2024-05-23T17:00:20.108+05:30  INFO 16120 --- [EurekaServer] [Eureka-EvictionTimer] c.n.e.registry.AbstractInstanceRegistry  : Running the evict task with compensationTime 0ms
2024-05-23T17:01:09.057+05:30 ERROR 16120 --- [EurekaServer] [TaskBatchingWorker-target_localhost-2] c.n.e.cluster.ReplicationTaskProcessor   : It seems to be a socket read timeout exception, it will retry later. if it continues to happen and some eureka node occupied all the cpu time, you should set property 'eureka.server.peer-node-read-timeout-ms' to a bigger value

jakarta.ws.rs.ProcessingException: java.net.SocketTimeoutException: Read timed out
	at org.glassfish.jersey.apache.connector.ApacheConnector.apply(ApacheConnector.java:533) ~[jersey-apache-connector-3.1.6.jar:na]
	at org.glassfish.jersey.client.ClientRuntime.invoke(ClientRuntime.java:300) ~[jersey-client-3.1.6.jar:na]
	at org.glassfish.jersey.client.JerseyInvocation.lambda$invoke$0(JerseyInvocation.java:674) ~[jersey-client-3.1.6.jar:na]
	at org.glassfish.jersey.client.JerseyInvocation.call(JerseyInvocation.java:709) ~[jersey-client-3.1.6.jar:na]
	at org.glassfish.jersey.client.JerseyInvocation.lambda$runInScope$3(JerseyInvocation.java:703) ~[jersey-client-3.1.6.jar:na]
	at org.glassfish.jersey.internal.Errors.process(Errors.java:292) ~[jersey-common-3.1.6.jar:na]
	at org.glassfish.jersey.internal.Errors.process(Errors.java:274) ~[jersey-common-3.1.6.jar:na]
	at org.glassfish.jersey.internal.Errors.process(Errors.java:205) ~[jersey-common-3.1.6.jar:na]
	at org.glassfish.jersey.process.internal.RequestScope.runInScope(RequestScope.java:391) ~[jersey-common-3.1.6.jar:na]
	at org.glassfish.jersey.client.JerseyInvocation.runInScope(JerseyInvocation.java:703) ~[jersey-client-3.1.6.jar:na]
	at org.glassfish.jersey.client.JerseyInvocation.invoke(JerseyInvocation.java:673) ~[jersey-client-3.1.6.jar:na]
	at org.glassfish.jersey.client.JerseyInvocation$Builder.method(JerseyInvocation.java:439) ~[jersey-client-3.1.6.jar:na]
	at org.glassfish.jersey.client.JerseyInvocation$Builder.post(JerseyInvocation.java:345) ~[jersey-client-3.1.6.jar:na]
	at com.netflix.eureka.transport.Jersey3ReplicationClient.submitBatchUpdates(Jersey3ReplicationClient.java:116) ~[eureka-core-jersey3-2.0.2.jar:2.0.2]
	at com.netflix.eureka.cluster.ReplicationTaskProcessor.process(ReplicationTaskProcessor.java:80) ~[eureka-core-2.0.2.jar:2.0.2]
	at com.netflix.eureka.util.batcher.TaskExecutors$BatchWorkerRunnable.run(TaskExecutors.java:190) ~[eureka-core-2.0.2.jar:2.0.2]
	at java.base/java.lang.Thread.run(Thread.java:1583) ~[na:na]
Caused by: java.net.SocketTimeoutException: Read timed out
	at java.base/sun.nio.ch.NioSocketImpl.timedRead(NioSocketImpl.java:278) ~[na:na]
	at java.base/sun.nio.ch.NioSocketImpl.implRead(NioSocketImpl.java:304) ~[na:na]
	at java.base/sun.nio.ch.NioSocketImpl.read(NioSocketImpl.java:346) ~[na:na]
	at java.base/sun.nio.ch.NioSocketImpl$1.read(NioSocketImpl.java:796) ~[na:na]
	at java.base/java.net.Socket$SocketInputStream.read(Socket.java:1099) ~[na:na]
	at org.apache.http.impl.io.SessionInputBufferImpl.streamRead(SessionInputBufferImpl.java:137) ~[httpcore-4.4.16.jar:4.4.16]
	at org.apache.http.impl.io.SessionInputBufferImpl.fillBuffer(SessionInputBufferImpl.java:153) ~[httpcore-4.4.16.jar:4.4.16]
	at org.apache.http.impl.io.SessionInputBufferImpl.readLine(SessionInputBufferImpl.java:280) ~[httpcore-4.4.16.jar:4.4.16]
	at org.apache.http.impl.conn.DefaultHttpResponseParser.parseHead(DefaultHttpResponseParser.java:138) ~[httpclient-4.5.3.jar:4.5.3]
	at org.apache.http.impl.conn.DefaultHttpResponseParser.parseHead(DefaultHttpResponseParser.java:56) ~[httpclient-4.5.3.jar:4.5.3]
	at org.apache.http.impl.io.AbstractMessageParser.parse(AbstractMessageParser.java:259) ~[httpcore-4.4.16.jar:4.4.16]
	at org.apache.http.impl.DefaultBHttpClientConnection.receiveResponseHeader(DefaultBHttpClientConnection.java:163) ~[httpcore-4.4.16.jar:4.4.16]
	at org.apache.http.impl.conn.CPoolProxy.receiveResponseHeader(CPoolProxy.java:165) ~[httpclient-4.5.3.jar:4.5.3]
	at org.apache.http.protocol.HttpRequestExecutor.doReceiveResponse(HttpRequestExecutor.java:273) ~[httpcore-4.4.16.jar:4.4.16]
	at org.apache.http.protocol.HttpRequestExecutor.execute(HttpRequestExecutor.java:125) ~[httpcore-4.4.16.jar:4.4.16]
	at org.apache.http.impl.execchain.MainClientExec.execute(MainClientExec.java:272) ~[httpclient-4.5.3.jar:4.5.3]
	at org.apache.http.impl.execchain.ProtocolExec.execute(ProtocolExec.java:185) ~[httpclient-4.5.3.jar:4.5.3]
	at org.apache.http.impl.execchain.RetryExec.execute(RetryExec.java:89) ~[httpclient-4.5.3.jar:4.5.3]
	at org.apache.http.impl.execchain.RedirectExec.execute(RedirectExec.java:111) ~[httpclient-4.5.3.jar:4.5.3]
	at org.apache.http.impl.client.InternalHttpClient.doExecute(InternalHttpClient.java:185) ~[httpclient-4.5.3.jar:4.5.3]
	at org.apache.http.impl.client.CloseableHttpClient.execute(CloseableHttpClient.java:72) ~[httpclient-4.5.3.jar:4.5.3]
	at org.glassfish.jersey.apache.connector.ApacheConnector.apply(ApacheConnector.java:485) ~[jersey-apache-connector-3.1.6.jar:na]
	... 16 common frames omitted

2024-05-23T17:01:20.292+05:30  INFO 16120 --- [EurekaServer] [Eureka-EvictionTimer] c.n.e.registry.AbstractInstanceRegistry  : Running the evict task with compensationTime 56ms
2024-05-23T17:01:40.634+05:30  INFO 16120 --- [EurekaServer] [SpringApplicationShutdownHook] o.s.c.n.e.s.EurekaServiceRegistry        : Unregistering application EUREKASERVER with eureka with status DOWN
2024-05-23T17:01:41.475+05:30  INFO 16120 --- [EurekaServer] [SpringApplicationShutdownHook] o.s.c.n.e.server.EurekaServerBootstrap   : Shutting down Eureka Server..
2024-05-23T17:01:41.783+05:30  INFO 16120 --- [EurekaServer] [SpringApplicationShutdownHook] c.n.eureka.DefaultEurekaServerContext    : Shutting down ...
2024-05-23T17:01:41.978+05:30  INFO 16120 --- [EurekaServer] [SpringApplicationShutdownHook] com.netflix.servo.monitor.StatsMonitor   : Attempting to get the value for an expired monitor: eurekaServer.replication.batchSize.Will start computing stats again.
2024-05-23T17:01:42.031+05:30  INFO 16120 --- [EurekaServer] [SpringApplicationShutdownHook] com.netflix.servo.monitor.StatsMonitor   : Attempting to get the value for an expired monitor: eurekaServer.replication.executionTime.Will start computing stats again.
2024-05-23T17:01:42.033+05:30  INFO 16120 --- [EurekaServer] [SpringApplicationShutdownHook] com.netflix.servo.monitor.StatsMonitor   : Attempting to get the value for an expired monitor: eurekaServer.replication.executionTime.Will start computing stats again.
2024-05-23T17:01:42.040+05:30  INFO 16120 --- [EurekaServer] [SpringApplicationShutdownHook] com.netflix.servo.monitor.StatsMonitor   : Attempting to get the value for an expired monitor: eurekaServer.replication.batchSize.Will start computing stats again.
2024-05-23T17:01:42.839+05:30  INFO 16120 --- [EurekaServer] [SpringApplicationShutdownHook] c.n.eureka.DefaultEurekaServerContext    : Shut down
2024-05-23T17:01:42.839+05:30  INFO 16120 --- [EurekaServer] [SpringApplicationShutdownHook] o.s.c.n.e.server.EurekaServerBootstrap   : Eureka Service is now shutdown...
2024-05-23T17:01:42.900+05:30  INFO 16120 --- [EurekaServer] [SpringApplicationShutdownHook] c.n.eureka.DefaultEurekaServerContext    : Shutting down ...
2024-05-23T17:01:42.982+05:30  INFO 16120 --- [EurekaServer] [SpringApplicationShutdownHook] c.n.eureka.DefaultEurekaServerContext    : Shut down
2024-05-23T17:01:43.375+05:30  INFO 16120 --- [EurekaServer] [SpringApplicationShutdownHook] com.netflix.discovery.DiscoveryClient    : Shutting down DiscoveryClient ...
2024-05-23T17:01:43.442+05:30  INFO 16120 --- [EurekaServer] [SpringApplicationShutdownHook] com.netflix.discovery.DiscoveryClient    : Completed shut down of DiscoveryClient
2024-05-23T18:14:12.792+05:30  INFO 17544 --- [EurekaServer] [main] c.e.E.EurekaServerApplication            : Starting EurekaServerApplication using Java 21.0.1 with PID 17544 (D:\SPE-MajorProject\Backend\EurekaServer\EurekaServer\target\classes started by SOUVIK GHOSH in D:\SPE-MajorProject\Backend\EurekaServer)
2024-05-23T18:14:12.795+05:30  INFO 17544 --- [EurekaServer] [main] c.e.E.EurekaServerApplication            : No active profile set, falling back to 1 default profile: "default"
2024-05-23T18:14:13.841+05:30  INFO 17544 --- [EurekaServer] [main] o.s.cloud.context.scope.GenericScope     : BeanFactory id=2a8603e9-99dd-35ed-a530-e6bfd1fa4e18
2024-05-23T18:14:13.899+05:30  WARN 17544 --- [EurekaServer] [main] trationDelegate$BeanPostProcessorChecker : Bean 'org.springframework.cloud.client.loadbalancer.LoadBalancerAutoConfiguration$DeferringLoadBalancerInterceptorConfig' of type [org.springframework.cloud.client.loadbalancer.LoadBalancerAutoConfiguration$DeferringLoadBalancerInterceptorConfig] is not eligible for getting processed by all BeanPostProcessors (for example: not eligible for auto-proxying). The currently created BeanPostProcessor [lbRestClientPostProcessor] is declared through a non-static factory method on that class; consider declaring it as static instead.
2024-05-23T18:14:13.902+05:30  WARN 17544 --- [EurekaServer] [main] trationDelegate$BeanPostProcessorChecker : Bean 'deferringLoadBalancerInterceptor' of type [org.springframework.cloud.client.loadbalancer.DeferringLoadBalancerInterceptor] is not eligible for getting processed by all BeanPostProcessors (for example: not eligible for auto-proxying). Is this bean getting eagerly injected into a currently created BeanPostProcessor [lbRestClientPostProcessor]? Check the corresponding BeanPostProcessor declaration and its dependencies.
2024-05-23T18:14:14.141+05:30  INFO 17544 --- [EurekaServer] [main] o.s.b.w.embedded.tomcat.TomcatWebServer  : Tomcat initialized with port 8761 (http)
2024-05-23T18:14:14.156+05:30  INFO 17544 --- [EurekaServer] [main] o.apache.catalina.core.StandardService   : Starting service [Tomcat]
2024-05-23T18:14:14.157+05:30  INFO 17544 --- [EurekaServer] [main] o.apache.catalina.core.StandardEngine    : Starting Servlet engine: [Apache Tomcat/10.1.20]
2024-05-23T18:14:14.258+05:30  INFO 17544 --- [EurekaServer] [main] o.a.c.c.C.[Tomcat].[localhost].[/]       : Initializing Spring embedded WebApplicationContext
2024-05-23T18:14:14.259+05:30  INFO 17544 --- [EurekaServer] [main] w.s.c.ServletWebServerApplicationContext : Root WebApplicationContext: initialization completed in 1416 ms
2024-05-23T18:14:15.157+05:30  INFO 17544 --- [EurekaServer] [main] c.n.d.provider.DiscoveryJerseyProvider   : Using JSON encoding codec LegacyJacksonJson
2024-05-23T18:14:15.158+05:30  INFO 17544 --- [EurekaServer] [main] c.n.d.provider.DiscoveryJerseyProvider   : Using JSON decoding codec LegacyJacksonJson
2024-05-23T18:14:15.348+05:30  INFO 17544 --- [EurekaServer] [main] c.n.d.provider.DiscoveryJerseyProvider   : Using XML encoding codec XStreamXml
2024-05-23T18:14:15.348+05:30  INFO 17544 --- [EurekaServer] [main] c.n.d.provider.DiscoveryJerseyProvider   : Using XML decoding codec XStreamXml
2024-05-23T18:14:16.131+05:30  WARN 17544 --- [EurekaServer] [main] iguration$LoadBalancerCaffeineWarnLogger : Spring Cloud LoadBalancer is currently working with the default cache. While this cache implementation is useful for development and tests, it's recommended to use Caffeine cache in production.You can switch to using Caffeine cache, by adding it and org.springframework.cache.caffeine.CaffeineCacheManager to the classpath.
2024-05-23T18:14:16.146+05:30  INFO 17544 --- [EurekaServer] [main] o.s.c.n.eureka.InstanceInfoFactory       : Setting initial instance status as: STARTING
2024-05-23T18:14:16.171+05:30  INFO 17544 --- [EurekaServer] [main] com.netflix.discovery.DiscoveryClient    : Initializing Eureka in region us-east-1
2024-05-23T18:14:16.172+05:30  INFO 17544 --- [EurekaServer] [main] com.netflix.discovery.DiscoveryClient    : Client configured to neither register nor query for data.
2024-05-23T18:14:16.182+05:30  INFO 17544 --- [EurekaServer] [main] com.netflix.discovery.DiscoveryClient    : Discovery Client initialized at timestamp 1716468256181 with initial instances count: 0
2024-05-23T18:14:16.220+05:30  INFO 17544 --- [EurekaServer] [main] c.n.eureka.DefaultEurekaServerContext    : Initializing ...
2024-05-23T18:14:16.222+05:30  INFO 17544 --- [EurekaServer] [main] c.n.eureka.cluster.PeerEurekaNodes       : Adding new peer nodes [http://localhost:8761/eureka/]
2024-05-23T18:14:16.369+05:30  INFO 17544 --- [EurekaServer] [main] c.n.d.provider.DiscoveryJerseyProvider   : Using JSON encoding codec LegacyJacksonJson
2024-05-23T18:14:16.370+05:30  INFO 17544 --- [EurekaServer] [main] c.n.d.provider.DiscoveryJerseyProvider   : Using JSON decoding codec LegacyJacksonJson
2024-05-23T18:14:16.370+05:30  INFO 17544 --- [EurekaServer] [main] c.n.d.provider.DiscoveryJerseyProvider   : Using XML encoding codec XStreamXml
2024-05-23T18:14:16.370+05:30  INFO 17544 --- [EurekaServer] [main] c.n.d.provider.DiscoveryJerseyProvider   : Using XML decoding codec XStreamXml
2024-05-23T18:14:16.411+05:30  INFO 17544 --- [EurekaServer] [main] c.n.eureka.cluster.PeerEurekaNodes       : Replica node URL:  http://localhost:8761/eureka/
2024-05-23T18:14:16.419+05:30  INFO 17544 --- [EurekaServer] [main] c.n.e.registry.AbstractInstanceRegistry  : Finished initializing remote region registries. All known remote regions: []
2024-05-23T18:14:16.419+05:30  INFO 17544 --- [EurekaServer] [main] c.n.eureka.DefaultEurekaServerContext    : Initialized
2024-05-23T18:14:16.431+05:30  INFO 17544 --- [EurekaServer] [main] o.s.b.a.e.web.EndpointLinksResolver      : Exposing 1 endpoint(s) beneath base path '/actuator'
2024-05-23T18:14:16.486+05:30  INFO 17544 --- [EurekaServer] [main] o.s.c.n.e.s.EurekaServiceRegistry        : Registering application EUREKASERVER with eureka with status UP
2024-05-23T18:14:16.495+05:30  INFO 17544 --- [EurekaServer] [Thread-9] o.s.c.n.e.server.EurekaServerBootstrap   : isAws returned false
2024-05-23T18:14:16.496+05:30  INFO 17544 --- [EurekaServer] [Thread-9] o.s.c.n.e.server.EurekaServerBootstrap   : Initialized server context
2024-05-23T18:14:16.496+05:30  INFO 17544 --- [EurekaServer] [Thread-9] c.n.e.r.PeerAwareInstanceRegistryImpl    : Got 1 instances from neighboring DS node
2024-05-23T18:14:16.496+05:30  INFO 17544 --- [EurekaServer] [Thread-9] c.n.e.r.PeerAwareInstanceRegistryImpl    : Renew threshold is: 1
2024-05-23T18:14:16.496+05:30  INFO 17544 --- [EurekaServer] [Thread-9] c.n.e.r.PeerAwareInstanceRegistryImpl    : Changing status to UP
2024-05-23T18:14:16.503+05:30  INFO 17544 --- [EurekaServer] [Thread-9] e.s.EurekaServerInitializerConfiguration : Started Eureka Server
2024-05-23T18:14:16.505+05:30  INFO 17544 --- [EurekaServer] [main] o.s.b.w.embedded.tomcat.TomcatWebServer  : Tomcat started on port 8761 (http) with context path ''
2024-05-23T18:14:16.506+05:30  INFO 17544 --- [EurekaServer] [main] .s.c.n.e.s.EurekaAutoServiceRegistration : Updating port to 8761
2024-05-23T18:14:16.520+05:30  INFO 17544 --- [EurekaServer] [main] c.e.E.EurekaServerApplication            : Started EurekaServerApplication in 4.214 seconds (process running for 5.278)
2024-05-23T18:14:32.156+05:30  INFO 17544 --- [EurekaServer] [http-nio-8761-exec-1] o.a.c.c.C.[Tomcat].[localhost].[/]       : Initializing Spring DispatcherServlet 'dispatcherServlet'
2024-05-23T18:14:32.157+05:30  INFO 17544 --- [EurekaServer] [http-nio-8761-exec-1] o.s.web.servlet.DispatcherServlet        : Initializing Servlet 'dispatcherServlet'
2024-05-23T18:14:32.158+05:30  INFO 17544 --- [EurekaServer] [http-nio-8761-exec-1] o.s.web.servlet.DispatcherServlet        : Completed initialization in 1 ms
2024-05-23T18:14:32.382+05:30  INFO 17544 --- [EurekaServer] [http-nio-8761-exec-2] c.n.e.registry.AbstractInstanceRegistry  : Registered instance LOGINMANAGEMENT/LAPTOP-303Q9B14:LoginManagement:8080 with status UP (replication=false)
2024-05-23T18:14:33.010+05:30  INFO 17544 --- [EurekaServer] [http-nio-8761-exec-3] c.n.e.registry.AbstractInstanceRegistry  : Registered instance LOGINMANAGEMENT/LAPTOP-303Q9B14:LoginManagement:8080 with status UP (replication=true)
2024-05-23T18:15:16.497+05:30  INFO 17544 --- [EurekaServer] [Eureka-EvictionTimer] c.n.e.registry.AbstractInstanceRegistry  : Running the evict task with compensationTime 0ms
2024-05-23T18:16:16.497+05:30  INFO 17544 --- [EurekaServer] [Eureka-EvictionTimer] c.n.e.registry.AbstractInstanceRegistry  : Running the evict task with compensationTime 0ms
2024-05-23T18:17:16.498+05:30  INFO 17544 --- [EurekaServer] [Eureka-EvictionTimer] c.n.e.registry.AbstractInstanceRegistry  : Running the evict task with compensationTime 0ms
2024-05-23T18:18:16.499+05:30  INFO 17544 --- [EurekaServer] [Eureka-EvictionTimer] c.n.e.registry.AbstractInstanceRegistry  : Running the evict task with compensationTime 0ms
2024-05-23T18:19:16.499+05:30  INFO 17544 --- [EurekaServer] [Eureka-EvictionTimer] c.n.e.registry.AbstractInstanceRegistry  : Running the evict task with compensationTime 0ms
2024-05-23T18:20:16.500+05:30  INFO 17544 --- [EurekaServer] [Eureka-EvictionTimer] c.n.e.registry.AbstractInstanceRegistry  : Running the evict task with compensationTime 0ms
2024-05-23T18:21:16.500+05:30  INFO 17544 --- [EurekaServer] [Eureka-EvictionTimer] c.n.e.registry.AbstractInstanceRegistry  : Running the evict task with compensationTime 0ms
2024-05-23T18:24:20.730+05:30  INFO 17544 --- [EurekaServer] [Eureka-EvictionTimer] c.n.e.registry.AbstractInstanceRegistry  : Running the evict task with compensationTime 124230ms
2024-05-23T18:25:20.730+05:30  INFO 17544 --- [EurekaServer] [Eureka-EvictionTimer] c.n.e.registry.AbstractInstanceRegistry  : Running the evict task with compensationTime 0ms
2024-05-23T18:26:20.730+05:30  INFO 17544 --- [EurekaServer] [Eureka-EvictionTimer] c.n.e.registry.AbstractInstanceRegistry  : Running the evict task with compensationTime 0ms
2024-05-23T18:27:20.731+05:30  INFO 17544 --- [EurekaServer] [Eureka-EvictionTimer] c.n.e.registry.AbstractInstanceRegistry  : Running the evict task with compensationTime 0ms
2024-05-23T18:28:20.732+05:30  INFO 17544 --- [EurekaServer] [Eureka-EvictionTimer] c.n.e.registry.AbstractInstanceRegistry  : Running the evict task with compensationTime 0ms
2024-05-23T18:29:20.733+05:30  INFO 17544 --- [EurekaServer] [Eureka-EvictionTimer] c.n.e.registry.AbstractInstanceRegistry  : Running the evict task with compensationTime 1ms
2024-05-23T18:29:32.947+05:30  INFO 17544 --- [EurekaServer] [http-nio-8761-exec-2] c.n.e.registry.AbstractInstanceRegistry  : Registered instance LOGINMANAGEMENT/LAPTOP-303Q9B14:LoginManagement:8080 with status DOWN (replication=false)
2024-05-23T18:29:33.466+05:30  INFO 17544 --- [EurekaServer] [http-nio-8761-exec-3] c.n.e.registry.AbstractInstanceRegistry  : Registered instance LOGINMANAGEMENT/LAPTOP-303Q9B14:LoginManagement:8080 with status DOWN (replication=true)
2024-05-23T18:29:46.168+05:30  INFO 17544 --- [EurekaServer] [http-nio-8761-exec-8] c.n.e.registry.AbstractInstanceRegistry  : Registered instance LOGINMANAGEMENT/LAPTOP-303Q9B14:LoginManagement:8080 with status UP (replication=false)
2024-05-23T18:29:46.678+05:30  INFO 17544 --- [EurekaServer] [http-nio-8761-exec-9] c.n.e.registry.AbstractInstanceRegistry  : Registered instance LOGINMANAGEMENT/LAPTOP-303Q9B14:LoginManagement:8080 with status UP (replication=true)
2024-05-23T18:30:20.734+05:30  INFO 17544 --- [EurekaServer] [Eureka-EvictionTimer] c.n.e.registry.AbstractInstanceRegistry  : Running the evict task with compensationTime 0ms
2024-05-23T18:31:20.665+05:30  INFO 17544 --- [EurekaServer] [ReplicaAwareInstanceRegistry - RenewalThresholdUpdater] c.n.e.r.PeerAwareInstanceRegistryImpl    : Current renewal threshold is : 3
2024-05-23T18:31:20.734+05:30  INFO 17544 --- [EurekaServer] [Eureka-EvictionTimer] c.n.e.registry.AbstractInstanceRegistry  : Running the evict task with compensationTime 0ms
2024-05-23T18:32:20.735+05:30  INFO 17544 --- [EurekaServer] [Eureka-EvictionTimer] c.n.e.registry.AbstractInstanceRegistry  : Running the evict task with compensationTime 0ms
2024-05-23T18:33:20.736+05:30  INFO 17544 --- [EurekaServer] [Eureka-EvictionTimer] c.n.e.registry.AbstractInstanceRegistry  : Running the evict task with compensationTime 0ms
2024-05-23T18:34:20.736+05:30  INFO 17544 --- [EurekaServer] [Eureka-EvictionTimer] c.n.e.registry.AbstractInstanceRegistry  : Running the evict task with compensationTime 0ms
2024-05-23T18:35:20.736+05:30  INFO 17544 --- [EurekaServer] [Eureka-EvictionTimer] c.n.e.registry.AbstractInstanceRegistry  : Running the evict task with compensationTime 0ms
2024-05-23T18:36:20.737+05:30  INFO 17544 --- [EurekaServer] [Eureka-EvictionTimer] c.n.e.registry.AbstractInstanceRegistry  : Running the evict task with compensationTime 0ms
2024-05-23T18:37:20.737+05:30  INFO 17544 --- [EurekaServer] [Eureka-EvictionTimer] c.n.e.registry.AbstractInstanceRegistry  : Running the evict task with compensationTime 0ms
2024-05-23T18:38:20.737+05:30  INFO 17544 --- [EurekaServer] [Eureka-EvictionTimer] c.n.e.registry.AbstractInstanceRegistry  : Running the evict task with compensationTime 0ms
2024-05-23T18:39:20.738+05:30  INFO 17544 --- [EurekaServer] [Eureka-EvictionTimer] c.n.e.registry.AbstractInstanceRegistry  : Running the evict task with compensationTime 0ms
2024-05-23T18:40:20.739+05:30  INFO 17544 --- [EurekaServer] [Eureka-EvictionTimer] c.n.e.registry.AbstractInstanceRegistry  : Running the evict task with compensationTime 0ms
2024-05-23T18:41:20.748+05:30  INFO 17544 --- [EurekaServer] [Eureka-EvictionTimer] c.n.e.registry.AbstractInstanceRegistry  : Running the evict task with compensationTime 2ms
2024-05-23T18:42:20.740+05:30  INFO 17544 --- [EurekaServer] [Eureka-EvictionTimer] c.n.e.registry.AbstractInstanceRegistry  : Running the evict task with compensationTime 0ms
2024-05-23T18:43:20.741+05:30  INFO 17544 --- [EurekaServer] [Eureka-EvictionTimer] c.n.e.registry.AbstractInstanceRegistry  : Running the evict task with compensationTime 1ms
2024-05-23T18:43:56.578+05:30  INFO 17544 --- [EurekaServer] [http-nio-8761-exec-3] c.n.e.registry.AbstractInstanceRegistry  : Registered instance LOGINMANAGEMENT/LAPTOP-303Q9B14:LoginManagement:8080 with status DOWN (replication=false)
2024-05-23T18:43:57.110+05:30  INFO 17544 --- [EurekaServer] [http-nio-8761-exec-10] c.n.e.registry.AbstractInstanceRegistry  : Registered instance LOGINMANAGEMENT/LAPTOP-303Q9B14:LoginManagement:8080 with status DOWN (replication=true)
2024-05-23T18:44:20.741+05:30  INFO 17544 --- [EurekaServer] [Eureka-EvictionTimer] c.n.e.registry.AbstractInstanceRegistry  : Running the evict task with compensationTime 0ms
2024-05-23T18:45:15.594+05:30  INFO 17544 --- [EurekaServer] [http-nio-8761-exec-8] c.n.e.registry.AbstractInstanceRegistry  : Registered instance LOGINMANAGEMENT/LAPTOP-303Q9B14:LoginManagement:8080 with status UP (replication=false)
2024-05-23T18:45:16.188+05:30  INFO 17544 --- [EurekaServer] [http-nio-8761-exec-9] c.n.e.registry.AbstractInstanceRegistry  : Registered instance LOGINMANAGEMENT/LAPTOP-303Q9B14:LoginManagement:8080 with status UP (replication=true)
2024-05-23T18:45:20.742+05:30  INFO 17544 --- [EurekaServer] [Eureka-EvictionTimer] c.n.e.registry.AbstractInstanceRegistry  : Running the evict task with compensationTime 0ms
2024-05-23T18:46:20.662+05:30  INFO 17544 --- [EurekaServer] [ReplicaAwareInstanceRegistry - RenewalThresholdUpdater] c.n.e.r.PeerAwareInstanceRegistryImpl    : Current renewal threshold is : 3
2024-05-23T18:46:20.742+05:30  INFO 17544 --- [EurekaServer] [Eureka-EvictionTimer] c.n.e.registry.AbstractInstanceRegistry  : Running the evict task with compensationTime 0ms
2024-05-23T18:47:20.743+05:30  INFO 17544 --- [EurekaServer] [Eureka-EvictionTimer] c.n.e.registry.AbstractInstanceRegistry  : Running the evict task with compensationTime 0ms
2024-05-23T18:48:20.743+05:30  INFO 17544 --- [EurekaServer] [Eureka-EvictionTimer] c.n.e.registry.AbstractInstanceRegistry  : Running the evict task with compensationTime 0ms
2024-05-23T18:49:20.743+05:30  INFO 17544 --- [EurekaServer] [Eureka-EvictionTimer] c.n.e.registry.AbstractInstanceRegistry  : Running the evict task with compensationTime 0ms
2024-05-23T18:50:20.743+05:30  INFO 17544 --- [EurekaServer] [Eureka-EvictionTimer] c.n.e.registry.AbstractInstanceRegistry  : Running the evict task with compensationTime 0ms
2024-05-23T18:51:20.744+05:30  INFO 17544 --- [EurekaServer] [Eureka-EvictionTimer] c.n.e.registry.AbstractInstanceRegistry  : Running the evict task with compensationTime 0ms
2024-05-23T18:52:20.744+05:30  INFO 17544 --- [EurekaServer] [Eureka-EvictionTimer] c.n.e.registry.AbstractInstanceRegistry  : Running the evict task with compensationTime 0ms
2024-05-23T18:53:20.744+05:30  INFO 17544 --- [EurekaServer] [Eureka-EvictionTimer] c.n.e.registry.AbstractInstanceRegistry  : Running the evict task with compensationTime 0ms
2024-05-23T18:54:20.745+05:30  INFO 17544 --- [EurekaServer] [Eureka-EvictionTimer] c.n.e.registry.AbstractInstanceRegistry  : Running the evict task with compensationTime 1ms
2024-05-23T18:55:20.747+05:30  INFO 17544 --- [EurekaServer] [Eureka-EvictionTimer] c.n.e.registry.AbstractInstanceRegistry  : Running the evict task with compensationTime 1ms
2024-05-23T18:56:20.747+05:30  INFO 17544 --- [EurekaServer] [Eureka-EvictionTimer] c.n.e.registry.AbstractInstanceRegistry  : Running the evict task with compensationTime 0ms
2024-05-23T18:57:20.748+05:30  INFO 17544 --- [EurekaServer] [Eureka-EvictionTimer] c.n.e.registry.AbstractInstanceRegistry  : Running the evict task with compensationTime 0ms
2024-05-23T18:58:20.749+05:30  INFO 17544 --- [EurekaServer] [Eureka-EvictionTimer] c.n.e.registry.AbstractInstanceRegistry  : Running the evict task with compensationTime 0ms
2024-05-23T18:59:20.750+05:30  INFO 17544 --- [EurekaServer] [Eureka-EvictionTimer] c.n.e.registry.AbstractInstanceRegistry  : Running the evict task with compensationTime 0ms
2024-05-23T19:00:20.751+05:30  INFO 17544 --- [EurekaServer] [Eureka-EvictionTimer] c.n.e.registry.AbstractInstanceRegistry  : Running the evict task with compensationTime 0ms
2024-05-23T19:01:20.665+05:30  INFO 17544 --- [EurekaServer] [ReplicaAwareInstanceRegistry - RenewalThresholdUpdater] c.n.e.r.PeerAwareInstanceRegistryImpl    : Current renewal threshold is : 3
2024-05-23T19:01:20.751+05:30  INFO 17544 --- [EurekaServer] [Eureka-EvictionTimer] c.n.e.registry.AbstractInstanceRegistry  : Running the evict task with compensationTime 0ms
2024-05-23T19:02:20.752+05:30  INFO 17544 --- [EurekaServer] [Eureka-EvictionTimer] c.n.e.registry.AbstractInstanceRegistry  : Running the evict task with compensationTime 0ms
2024-05-23T19:03:20.753+05:30  INFO 17544 --- [EurekaServer] [Eureka-EvictionTimer] c.n.e.registry.AbstractInstanceRegistry  : Running the evict task with compensationTime 0ms
2024-05-23T19:04:20.754+05:30  INFO 17544 --- [EurekaServer] [Eureka-EvictionTimer] c.n.e.registry.AbstractInstanceRegistry  : Running the evict task with compensationTime 1ms
2024-05-23T19:05:20.754+05:30  INFO 17544 --- [EurekaServer] [Eureka-EvictionTimer] c.n.e.registry.AbstractInstanceRegistry  : Running the evict task with compensationTime 0ms
2024-05-23T19:06:20.754+05:30  INFO 17544 --- [EurekaServer] [Eureka-EvictionTimer] c.n.e.registry.AbstractInstanceRegistry  : Running the evict task with compensationTime 0ms
2024-05-23T19:07:20.755+05:30  INFO 17544 --- [EurekaServer] [Eureka-EvictionTimer] c.n.e.registry.AbstractInstanceRegistry  : Running the evict task with compensationTime 0ms
2024-05-23T19:08:20.756+05:30  INFO 17544 --- [EurekaServer] [Eureka-EvictionTimer] c.n.e.registry.AbstractInstanceRegistry  : Running the evict task with compensationTime 0ms
2024-05-23T19:09:20.757+05:30  INFO 17544 --- [EurekaServer] [Eureka-EvictionTimer] c.n.e.registry.AbstractInstanceRegistry  : Running the evict task with compensationTime 0ms
2024-05-23T19:10:20.757+05:30  INFO 17544 --- [EurekaServer] [Eureka-EvictionTimer] c.n.e.registry.AbstractInstanceRegistry  : Running the evict task with compensationTime 0ms
2024-05-23T19:11:20.758+05:30  INFO 17544 --- [EurekaServer] [Eureka-EvictionTimer] c.n.e.registry.AbstractInstanceRegistry  : Running the evict task with compensationTime 0ms
2024-05-23T19:12:20.759+05:30  INFO 17544 --- [EurekaServer] [Eureka-EvictionTimer] c.n.e.registry.AbstractInstanceRegistry  : Running the evict task with compensationTime 1ms
2024-05-23T19:13:20.760+05:30  INFO 17544 --- [EurekaServer] [Eureka-EvictionTimer] c.n.e.registry.AbstractInstanceRegistry  : Running the evict task with compensationTime 0ms
2024-05-23T19:13:49.695+05:30  INFO 17544 --- [EurekaServer] [http-nio-8761-exec-3] c.n.e.registry.AbstractInstanceRegistry  : Registered instance LOGINMANAGEMENT/LAPTOP-303Q9B14:LoginManagement:8080 with status DOWN (replication=false)
2024-05-23T19:13:50.218+05:30  INFO 17544 --- [EurekaServer] [http-nio-8761-exec-6] c.n.e.registry.AbstractInstanceRegistry  : Registered instance LOGINMANAGEMENT/LAPTOP-303Q9B14:LoginManagement:8080 with status DOWN (replication=true)
2024-05-23T19:14:20.760+05:30  INFO 17544 --- [EurekaServer] [Eureka-EvictionTimer] c.n.e.registry.AbstractInstanceRegistry  : Running the evict task with compensationTime 0ms
2024-05-23T19:15:20.761+05:30  INFO 17544 --- [EurekaServer] [Eureka-EvictionTimer] c.n.e.registry.AbstractInstanceRegistry  : Running the evict task with compensationTime 0ms
2024-05-23T19:15:47.812+05:30  INFO 17544 --- [EurekaServer] [http-nio-8761-exec-1] c.n.e.registry.AbstractInstanceRegistry  : Registered instance LOGINMANAGEMENT/LAPTOP-303Q9B14:LoginManagement:8080 with status UP (replication=false)
2024-05-23T19:15:48.443+05:30  INFO 17544 --- [EurekaServer] [http-nio-8761-exec-9] c.n.e.registry.AbstractInstanceRegistry  : Registered instance LOGINMANAGEMENT/LAPTOP-303Q9B14:LoginManagement:8080 with status DOWN (replication=false)
2024-05-23T19:15:48.464+05:30  WARN 17544 --- [EurekaServer] [http-nio-8761-exec-7] c.n.e.registry.AbstractInstanceRegistry  : There is an existing lease and the existing lease's dirty timestamp 1716471948430 is greater than the one that is being registered 1716471947732
2024-05-23T19:15:48.466+05:30  WARN 17544 --- [EurekaServer] [http-nio-8761-exec-7] c.n.e.registry.AbstractInstanceRegistry  : Using the existing instanceInfo instead of the new instanceInfo as the registrant
2024-05-23T19:15:48.466+05:30  INFO 17544 --- [EurekaServer] [http-nio-8761-exec-7] c.n.e.registry.AbstractInstanceRegistry  : Registered instance LOGINMANAGEMENT/LAPTOP-303Q9B14:LoginManagement:8080 with status DOWN (replication=true)
2024-05-23T19:15:48.975+05:30  INFO 17544 --- [EurekaServer] [http-nio-8761-exec-2] c.n.e.registry.AbstractInstanceRegistry  : Registered instance LOGINMANAGEMENT/LAPTOP-303Q9B14:LoginManagement:8080 with status DOWN (replication=true)
2024-05-23T19:16:20.673+05:30  INFO 17544 --- [EurekaServer] [ReplicaAwareInstanceRegistry - RenewalThresholdUpdater] c.n.e.r.PeerAwareInstanceRegistryImpl    : Current renewal threshold is : 3
2024-05-23T19:16:20.761+05:30  INFO 17544 --- [EurekaServer] [Eureka-EvictionTimer] c.n.e.registry.AbstractInstanceRegistry  : Running the evict task with compensationTime 0ms
2024-05-23T19:17:20.761+05:30  INFO 17544 --- [EurekaServer] [Eureka-EvictionTimer] c.n.e.registry.AbstractInstanceRegistry  : Running the evict task with compensationTime 0ms
2024-05-23T19:18:20.762+05:30  INFO 17544 --- [EurekaServer] [Eureka-EvictionTimer] c.n.e.registry.AbstractInstanceRegistry  : Running the evict task with compensationTime 0ms
2024-05-23T19:19:20.762+05:30  INFO 17544 --- [EurekaServer] [Eureka-EvictionTimer] c.n.e.registry.AbstractInstanceRegistry  : Running the evict task with compensationTime 0ms
2024-05-23T19:20:21.269+05:30  INFO 17544 --- [EurekaServer] [Eureka-EvictionTimer] c.n.e.registry.AbstractInstanceRegistry  : Running the evict task with compensationTime 15ms
2024-05-23T19:21:20.805+05:30  INFO 17544 --- [EurekaServer] [Eureka-EvictionTimer] c.n.e.registry.AbstractInstanceRegistry  : Running the evict task with compensationTime 2ms
2024-05-23T19:22:21.118+05:30  INFO 17544 --- [EurekaServer] [Eureka-EvictionTimer] c.n.e.registry.AbstractInstanceRegistry  : Running the evict task with compensationTime 0ms
2024-05-23T19:23:20.851+05:30  INFO 17544 --- [EurekaServer] [Eureka-EvictionTimer] c.n.e.registry.AbstractInstanceRegistry  : Running the evict task with compensationTime 53ms
2024-05-23T19:24:20.834+05:30  INFO 17544 --- [EurekaServer] [Eureka-EvictionTimer] c.n.e.registry.AbstractInstanceRegistry  : Running the evict task with compensationTime 0ms
2024-05-23T19:24:46.916+05:30  INFO 17544 --- [EurekaServer] [SpringApplicationShutdownHook] o.s.c.n.e.s.EurekaServiceRegistry        : Unregistering application EUREKASERVER with eureka with status DOWN
2024-05-23T19:24:47.383+05:30  INFO 17544 --- [EurekaServer] [SpringApplicationShutdownHook] o.s.c.n.e.server.EurekaServerBootstrap   : Shutting down Eureka Server..
2024-05-23T19:24:47.475+05:30  INFO 17544 --- [EurekaServer] [SpringApplicationShutdownHook] c.n.eureka.DefaultEurekaServerContext    : Shutting down ...
2024-05-23T19:24:47.557+05:30  INFO 17544 --- [EurekaServer] [SpringApplicationShutdownHook] com.netflix.servo.monitor.StatsMonitor   : Attempting to get the value for an expired monitor: eurekaServer.replication.batchSize.Will start computing stats again.
2024-05-23T19:24:47.574+05:30  INFO 17544 --- [EurekaServer] [SpringApplicationShutdownHook] com.netflix.servo.monitor.StatsMonitor   : Attempting to get the value for an expired monitor: eurekaServer.replication.executionTime.Will start computing stats again.
2024-05-23T19:24:47.576+05:30  INFO 17544 --- [EurekaServer] [SpringApplicationShutdownHook] com.netflix.servo.monitor.StatsMonitor   : Attempting to get the value for an expired monitor: eurekaServer.replication.executionTime.Will start computing stats again.
2024-05-23T19:24:47.577+05:30  INFO 17544 --- [EurekaServer] [SpringApplicationShutdownHook] com.netflix.servo.monitor.StatsMonitor   : Attempting to get the value for an expired monitor: eurekaServer.replication.batchSize.Will start computing stats again.
2024-05-23T19:24:47.716+05:30  INFO 17544 --- [EurekaServer] [SpringApplicationShutdownHook] c.n.eureka.DefaultEurekaServerContext    : Shut down
2024-05-23T19:24:47.716+05:30  INFO 17544 --- [EurekaServer] [SpringApplicationShutdownHook] o.s.c.n.e.server.EurekaServerBootstrap   : Eureka Service is now shutdown...
2024-05-23T19:24:47.585+05:30 ERROR 17544 --- [EurekaServer] [Eureka-Jersey3Client-Conn-Cleaner2] c.n.d.s.t.j.EurekaJersey3ClientImpl      : Cannot clean connections

java.lang.IllegalStateException: Client instance has been closed.
	at org.glassfish.jersey.internal.guava.Preconditions.checkState(Preconditions.java:169) ~[jersey-common-3.1.6.jar:na]
	at org.glassfish.jersey.client.JerseyClient.checkNotClosed(JerseyClient.java:248) ~[jersey-client-3.1.6.jar:na]
	at org.glassfish.jersey.client.JerseyClient.getConfiguration(JerseyClient.java:363) ~[jersey-client-3.1.6.jar:na]
	at org.glassfish.jersey.client.JerseyClient.getConfiguration(JerseyClient.java:54) ~[jersey-client-3.1.6.jar:na]
	at com.netflix.discovery.shared.transport.jersey3.EurekaJersey3ClientImpl$ConnectionCleanerTask.run(EurekaJersey3ClientImpl.java:347) ~[eureka-client-jersey3-2.0.2.jar:2.0.2]
	at java.base/java.util.concurrent.Executors$RunnableAdapter.call(Executors.java:572) ~[na:na]
	at java.base/java.util.concurrent.FutureTask.run(FutureTask.java:317) ~[na:na]
	at java.base/java.util.concurrent.ScheduledThreadPoolExecutor$ScheduledFutureTask.run(ScheduledThreadPoolExecutor.java:304) ~[na:na]
	at java.base/java.util.concurrent.ThreadPoolExecutor.runWorker(ThreadPoolExecutor.java:1144) ~[na:na]
	at java.base/java.util.concurrent.ThreadPoolExecutor$Worker.run(ThreadPoolExecutor.java:642) ~[na:na]
	at java.base/java.lang.Thread.run(Thread.java:1583) ~[na:na]

2024-05-23T19:24:47.735+05:30  INFO 17544 --- [EurekaServer] [SpringApplicationShutdownHook] c.n.eureka.DefaultEurekaServerContext    : Shutting down ...
2024-05-23T19:24:47.752+05:30  INFO 17544 --- [EurekaServer] [SpringApplicationShutdownHook] c.n.eureka.DefaultEurekaServerContext    : Shut down
2024-05-23T19:24:47.876+05:30  INFO 17544 --- [EurekaServer] [SpringApplicationShutdownHook] com.netflix.discovery.DiscoveryClient    : Shutting down DiscoveryClient ...
2024-05-23T19:24:47.909+05:30  INFO 17544 --- [EurekaServer] [SpringApplicationShutdownHook] com.netflix.discovery.DiscoveryClient    : Completed shut down of DiscoveryClient
