2024-05-26T11:06:10.935+05:30  INFO 19684 --- [EurekaServer] [main] c.e.E.EurekaServerApplication            : Starting EurekaServerApplication using Java 21.0.1 with PID 19684 (D:\GroceryApp\Backend\EurekaServer\EurekaServer\target\classes started by SOUVIK GHOSH in D:\GroceryApp\Backend\EurekaServer)
2024-05-26T11:06:10.951+05:30  INFO 19684 --- [EurekaServer] [main] c.e.E.EurekaServerApplication            : No active profile set, falling back to 1 default profile: "default"
2024-05-26T11:06:11.980+05:30  INFO 19684 --- [EurekaServer] [main] o.s.cloud.context.scope.GenericScope     : BeanFactory id=2a8603e9-99dd-35ed-a530-e6bfd1fa4e18
2024-05-26T11:06:12.043+05:30  WARN 19684 --- [EurekaServer] [main] trationDelegate$BeanPostProcessorChecker : Bean 'org.springframework.cloud.client.loadbalancer.LoadBalancerAutoConfiguration$DeferringLoadBalancerInterceptorConfig' of type [org.springframework.cloud.client.loadbalancer.LoadBalancerAutoConfiguration$DeferringLoadBalancerInterceptorConfig] is not eligible for getting processed by all BeanPostProcessors (for example: not eligible for auto-proxying). The currently created BeanPostProcessor [lbRestClientPostProcessor] is declared through a non-static factory method on that class; consider declaring it as static instead.
2024-05-26T11:06:12.046+05:30  WARN 19684 --- [EurekaServer] [main] trationDelegate$BeanPostProcessorChecker : Bean 'deferringLoadBalancerInterceptor' of type [org.springframework.cloud.client.loadbalancer.DeferringLoadBalancerInterceptor] is not eligible for getting processed by all BeanPostProcessors (for example: not eligible for auto-proxying). Is this bean getting eagerly injected into a currently created BeanPostProcessor [lbRestClientPostProcessor]? Check the corresponding BeanPostProcessor declaration and its dependencies.
2024-05-26T11:06:12.257+05:30  INFO 19684 --- [EurekaServer] [main] o.s.b.w.embedded.tomcat.TomcatWebServer  : Tomcat initialized with port 8761 (http)
2024-05-26T11:06:12.271+05:30  INFO 19684 --- [EurekaServer] [main] o.apache.catalina.core.StandardService   : Starting service [Tomcat]
2024-05-26T11:06:12.271+05:30  INFO 19684 --- [EurekaServer] [main] o.apache.catalina.core.StandardEngine    : Starting Servlet engine: [Apache Tomcat/10.1.20]
2024-05-26T11:06:12.342+05:30  INFO 19684 --- [EurekaServer] [main] o.a.c.c.C.[Tomcat].[localhost].[/]       : Initializing Spring embedded WebApplicationContext
2024-05-26T11:06:12.343+05:30  INFO 19684 --- [EurekaServer] [main] w.s.c.ServletWebServerApplicationContext : Root WebApplicationContext: initialization completed in 1334 ms
2024-05-26T11:06:13.201+05:30  INFO 19684 --- [EurekaServer] [main] c.n.d.provider.DiscoveryJerseyProvider   : Using JSON encoding codec LegacyJacksonJson
2024-05-26T11:06:13.204+05:30  INFO 19684 --- [EurekaServer] [main] c.n.d.provider.DiscoveryJerseyProvider   : Using JSON decoding codec LegacyJacksonJson
2024-05-26T11:06:13.578+05:30  INFO 19684 --- [EurekaServer] [main] c.n.d.provider.DiscoveryJerseyProvider   : Using XML encoding codec XStreamXml
2024-05-26T11:06:13.578+05:30  INFO 19684 --- [EurekaServer] [main] c.n.d.provider.DiscoveryJerseyProvider   : Using XML decoding codec XStreamXml
2024-05-26T11:06:16.212+05:30  INFO 19684 --- [EurekaServer] [main] o.s.cloud.commons.util.InetUtils         : Cannot determine local hostname
2024-05-26T11:06:17.665+05:30  INFO 19684 --- [EurekaServer] [main] o.s.cloud.commons.util.InetUtils         : Cannot determine local hostname
2024-05-26T11:06:17.710+05:30  WARN 19684 --- [EurekaServer] [main] iguration$LoadBalancerCaffeineWarnLogger : Spring Cloud LoadBalancer is currently working with the default cache. While this cache implementation is useful for development and tests, it's recommended to use Caffeine cache in production.You can switch to using Caffeine cache, by adding it and org.springframework.cache.caffeine.CaffeineCacheManager to the classpath.
2024-05-26T11:06:17.724+05:30  INFO 19684 --- [EurekaServer] [main] o.s.c.n.eureka.InstanceInfoFactory       : Setting initial instance status as: STARTING
2024-05-26T11:06:17.753+05:30  INFO 19684 --- [EurekaServer] [main] com.netflix.discovery.DiscoveryClient    : Initializing Eureka in region us-east-1
2024-05-26T11:06:17.753+05:30  INFO 19684 --- [EurekaServer] [main] com.netflix.discovery.DiscoveryClient    : Client configured to neither register nor query for data.
2024-05-26T11:06:17.763+05:30  INFO 19684 --- [EurekaServer] [main] com.netflix.discovery.DiscoveryClient    : Discovery Client initialized at timestamp 1716701777761 with initial instances count: 0
2024-05-26T11:06:17.793+05:30  INFO 19684 --- [EurekaServer] [main] c.n.eureka.DefaultEurekaServerContext    : Initializing ...
2024-05-26T11:06:17.795+05:30  INFO 19684 --- [EurekaServer] [main] c.n.eureka.cluster.PeerEurekaNodes       : Adding new peer nodes [http://localhost:8761/eureka/]
2024-05-26T11:06:17.974+05:30  INFO 19684 --- [EurekaServer] [main] c.n.d.provider.DiscoveryJerseyProvider   : Using JSON encoding codec LegacyJacksonJson
2024-05-26T11:06:17.974+05:30  INFO 19684 --- [EurekaServer] [main] c.n.d.provider.DiscoveryJerseyProvider   : Using JSON decoding codec LegacyJacksonJson
2024-05-26T11:06:17.974+05:30  INFO 19684 --- [EurekaServer] [main] c.n.d.provider.DiscoveryJerseyProvider   : Using XML encoding codec XStreamXml
2024-05-26T11:06:17.974+05:30  INFO 19684 --- [EurekaServer] [main] c.n.d.provider.DiscoveryJerseyProvider   : Using XML decoding codec XStreamXml
2024-05-26T11:06:18.011+05:30  INFO 19684 --- [EurekaServer] [main] c.n.eureka.cluster.PeerEurekaNodes       : Replica node URL:  http://localhost:8761/eureka/
2024-05-26T11:06:18.017+05:30  INFO 19684 --- [EurekaServer] [main] c.n.e.registry.AbstractInstanceRegistry  : Finished initializing remote region registries. All known remote regions: []
2024-05-26T11:06:18.018+05:30  INFO 19684 --- [EurekaServer] [main] c.n.eureka.DefaultEurekaServerContext    : Initialized
2024-05-26T11:06:18.033+05:30  INFO 19684 --- [EurekaServer] [main] o.s.b.a.e.web.EndpointLinksResolver      : Exposing 1 endpoint(s) beneath base path '/actuator'
2024-05-26T11:06:18.102+05:30  INFO 19684 --- [EurekaServer] [main] o.s.c.n.e.s.EurekaServiceRegistry        : Registering application EUREKASERVER with eureka with status UP
2024-05-26T11:06:18.112+05:30  INFO 19684 --- [EurekaServer] [Thread-9] o.s.c.n.e.server.EurekaServerBootstrap   : isAws returned false
2024-05-26T11:06:18.112+05:30  INFO 19684 --- [EurekaServer] [Thread-9] o.s.c.n.e.server.EurekaServerBootstrap   : Initialized server context
2024-05-26T11:06:18.112+05:30  INFO 19684 --- [EurekaServer] [Thread-9] c.n.e.r.PeerAwareInstanceRegistryImpl    : Got 1 instances from neighboring DS node
2024-05-26T11:06:18.112+05:30  INFO 19684 --- [EurekaServer] [Thread-9] c.n.e.r.PeerAwareInstanceRegistryImpl    : Renew threshold is: 1
2024-05-26T11:06:18.113+05:30  INFO 19684 --- [EurekaServer] [Thread-9] c.n.e.r.PeerAwareInstanceRegistryImpl    : Changing status to UP
2024-05-26T11:06:18.120+05:30  INFO 19684 --- [EurekaServer] [Thread-9] e.s.EurekaServerInitializerConfiguration : Started Eureka Server
2024-05-26T11:06:18.125+05:30  INFO 19684 --- [EurekaServer] [main] o.s.b.w.embedded.tomcat.TomcatWebServer  : Tomcat started on port 8761 (http) with context path ''
2024-05-26T11:06:18.126+05:30  INFO 19684 --- [EurekaServer] [main] .s.c.n.e.s.EurekaAutoServiceRegistration : Updating port to 8761
2024-05-26T11:06:19.131+05:30  INFO 19684 --- [EurekaServer] [main] o.s.cloud.commons.util.InetUtils         : Cannot determine local hostname
2024-05-26T11:06:19.142+05:30  INFO 19684 --- [EurekaServer] [main] c.e.E.EurekaServerApplication            : Started EurekaServerApplication in 10.278 seconds (process running for 20.274)
2024-05-26T11:06:53.248+05:30  INFO 19684 --- [EurekaServer] [http-nio-8761-exec-1] o.a.c.c.C.[Tomcat].[localhost].[/]       : Initializing Spring DispatcherServlet 'dispatcherServlet'
2024-05-26T11:06:53.266+05:30  INFO 19684 --- [EurekaServer] [http-nio-8761-exec-1] o.s.web.servlet.DispatcherServlet        : Initializing Servlet 'dispatcherServlet'
2024-05-26T11:06:53.448+05:30  INFO 19684 --- [EurekaServer] [http-nio-8761-exec-1] o.s.web.servlet.DispatcherServlet        : Completed initialization in 179 ms
2024-05-26T11:06:57.032+05:30  INFO 19684 --- [EurekaServer] [http-nio-8761-exec-2] c.n.e.registry.AbstractInstanceRegistry  : Registered instance ORDERMANAGEMENT/localhost:OrderManagement:8082 with status UP (replication=false)
2024-05-26T11:07:00.236+05:30  INFO 19684 --- [EurekaServer] [http-nio-8761-exec-3] c.n.e.registry.AbstractInstanceRegistry  : Registered instance ORDERMANAGEMENT/localhost:OrderManagement:8082 with status UP (replication=true)
2024-05-26T11:07:07.862+05:30  INFO 19684 --- [EurekaServer] [http-nio-8761-exec-6] c.n.e.registry.AbstractInstanceRegistry  : Registered instance API-GATEWAY/localhost:API-GATEWAY:8765 with status UP (replication=false)
2024-05-26T11:07:08.382+05:30  INFO 19684 --- [EurekaServer] [http-nio-8761-exec-5] c.n.e.registry.AbstractInstanceRegistry  : Registered instance API-GATEWAY/localhost:API-GATEWAY:8765 with status UP (replication=true)
2024-05-26T11:07:18.125+05:30  INFO 19684 --- [EurekaServer] [Eureka-EvictionTimer] c.n.e.registry.AbstractInstanceRegistry  : Running the evict task with compensationTime 0ms
2024-05-26T11:07:37.709+05:30  INFO 19684 --- [EurekaServer] [http-nio-8761-exec-1] c.n.e.registry.AbstractInstanceRegistry  : Registered instance SHOPPINGCARTMANAGEMENT/localhost:ShoppingCartManagement:8083 with status UP (replication=false)
2024-05-26T11:07:38.241+05:30  INFO 19684 --- [EurekaServer] [http-nio-8761-exec-4] c.n.e.registry.AbstractInstanceRegistry  : Registered instance SHOPPINGCARTMANAGEMENT/localhost:ShoppingCartManagement:8083 with status UP (replication=true)
2024-05-26T11:08:00.557+05:30  INFO 19684 --- [EurekaServer] [http-nio-8761-exec-9] c.n.e.registry.AbstractInstanceRegistry  : Registered instance LOGINMANAGEMENT/localhost:LoginManagement:8085 with status UP (replication=false)
2024-05-26T11:08:01.316+05:30  INFO 19684 --- [EurekaServer] [http-nio-8761-exec-10] c.n.e.registry.AbstractInstanceRegistry  : Registered instance LOGINMANAGEMENT/localhost:LoginManagement:8085 with status UP (replication=true)
2024-05-26T11:08:18.382+05:30  INFO 19684 --- [EurekaServer] [Eureka-EvictionTimer] c.n.e.registry.AbstractInstanceRegistry  : Running the evict task with compensationTime 93ms
2024-05-26T11:08:30.387+05:30  INFO 19684 --- [EurekaServer] [http-nio-8761-exec-6] c.n.e.registry.AbstractInstanceRegistry  : Registered instance PRODUCTMANAGEMENT/localhost:ProductManagement:8081 with status UP (replication=false)
2024-05-26T11:08:30.908+05:30  INFO 19684 --- [EurekaServer] [http-nio-8761-exec-4] c.n.e.registry.AbstractInstanceRegistry  : Registered instance PRODUCTMANAGEMENT/localhost:ProductManagement:8081 with status UP (replication=true)
2024-05-26T11:09:18.356+05:30  INFO 19684 --- [EurekaServer] [Eureka-EvictionTimer] c.n.e.registry.AbstractInstanceRegistry  : Running the evict task with compensationTime 34ms
2024-05-26T11:10:05.097+05:30  INFO 19684 --- [EurekaServer] [http-nio-8761-exec-1] c.n.e.registry.AbstractInstanceRegistry  : Registered instance OTPMANAGEMENT/localhost:OtpManagement:8084 with status UP (replication=false)
2024-05-26T11:10:05.636+05:30  INFO 19684 --- [EurekaServer] [http-nio-8761-exec-2] c.n.e.registry.AbstractInstanceRegistry  : Registered instance OTPMANAGEMENT/localhost:OtpManagement:8084 with status UP (replication=true)
2024-05-26T11:10:18.253+05:30  INFO 19684 --- [EurekaServer] [Eureka-EvictionTimer] c.n.e.registry.AbstractInstanceRegistry  : Running the evict task with compensationTime 0ms
2024-05-26T11:11:18.259+05:30  INFO 19684 --- [EurekaServer] [Eureka-EvictionTimer] c.n.e.registry.AbstractInstanceRegistry  : Running the evict task with compensationTime 1ms
2024-05-26T11:12:18.256+05:30  INFO 19684 --- [EurekaServer] [Eureka-EvictionTimer] c.n.e.registry.AbstractInstanceRegistry  : Running the evict task with compensationTime 1ms
2024-05-26T11:12:24.966+05:30  INFO 19684 --- [EurekaServer] [http-nio-8761-exec-8] c.n.e.registry.AbstractInstanceRegistry  : Registered instance OTPMANAGEMENT/localhost:OtpManagement:8084 with status DOWN (replication=false)
2024-05-26T11:12:25.483+05:30  INFO 19684 --- [EurekaServer] [http-nio-8761-exec-1] c.n.e.registry.AbstractInstanceRegistry  : Registered instance OTPMANAGEMENT/localhost:OtpManagement:8084 with status DOWN (replication=true)
2024-05-26T11:12:54.643+05:30  INFO 19684 --- [EurekaServer] [http-nio-8761-exec-9] c.n.e.registry.AbstractInstanceRegistry  : Registered instance OTPMANAGEMENT/localhost:OtpManagement:8084 with status UP (replication=false)
2024-05-26T11:12:55.157+05:30  INFO 19684 --- [EurekaServer] [http-nio-8761-exec-8] c.n.e.registry.AbstractInstanceRegistry  : Registered instance OTPMANAGEMENT/localhost:OtpManagement:8084 with status UP (replication=true)
2024-05-26T11:13:18.329+05:30  INFO 19684 --- [EurekaServer] [Eureka-EvictionTimer] c.n.e.registry.AbstractInstanceRegistry  : Running the evict task with compensationTime 65ms
2024-05-26T11:14:18.336+05:30  INFO 19684 --- [EurekaServer] [Eureka-EvictionTimer] c.n.e.registry.AbstractInstanceRegistry  : Running the evict task with compensationTime 9ms
2024-05-26T11:15:18.334+05:30  INFO 19684 --- [EurekaServer] [Eureka-EvictionTimer] c.n.e.registry.AbstractInstanceRegistry  : Running the evict task with compensationTime 0ms
2024-05-26T11:16:18.331+05:30  INFO 19684 --- [EurekaServer] [Eureka-EvictionTimer] c.n.e.registry.AbstractInstanceRegistry  : Running the evict task with compensationTime 0ms
2024-05-26T11:17:18.332+05:30  INFO 19684 --- [EurekaServer] [Eureka-EvictionTimer] c.n.e.registry.AbstractInstanceRegistry  : Running the evict task with compensationTime 0ms
2024-05-26T11:18:18.332+05:30  INFO 19684 --- [EurekaServer] [Eureka-EvictionTimer] c.n.e.registry.AbstractInstanceRegistry  : Running the evict task with compensationTime 0ms
2024-05-26T11:19:18.333+05:30  INFO 19684 --- [EurekaServer] [Eureka-EvictionTimer] c.n.e.registry.AbstractInstanceRegistry  : Running the evict task with compensationTime 0ms
2024-05-26T11:20:18.333+05:30  INFO 19684 --- [EurekaServer] [Eureka-EvictionTimer] c.n.e.registry.AbstractInstanceRegistry  : Running the evict task with compensationTime 0ms
2024-05-26T11:21:18.031+05:30  INFO 19684 --- [EurekaServer] [ReplicaAwareInstanceRegistry - RenewalThresholdUpdater] c.n.e.r.PeerAwareInstanceRegistryImpl    : Current renewal threshold is : 11
2024-05-26T11:21:18.333+05:30  INFO 19684 --- [EurekaServer] [Eureka-EvictionTimer] c.n.e.registry.AbstractInstanceRegistry  : Running the evict task with compensationTime 0ms
2024-05-26T11:22:18.334+05:30  INFO 19684 --- [EurekaServer] [Eureka-EvictionTimer] c.n.e.registry.AbstractInstanceRegistry  : Running the evict task with compensationTime 0ms
2024-05-26T11:23:18.343+05:30  INFO 19684 --- [EurekaServer] [Eureka-EvictionTimer] c.n.e.registry.AbstractInstanceRegistry  : Running the evict task with compensationTime 4ms
2024-05-26T11:24:18.610+05:30  INFO 19684 --- [EurekaServer] [Eureka-EvictionTimer] c.n.e.registry.AbstractInstanceRegistry  : Running the evict task with compensationTime 7ms
2024-05-26T11:25:18.346+05:30  INFO 19684 --- [EurekaServer] [Eureka-EvictionTimer] c.n.e.registry.AbstractInstanceRegistry  : Running the evict task with compensationTime 0ms
2024-05-26T11:26:18.346+05:30  INFO 19684 --- [EurekaServer] [Eureka-EvictionTimer] c.n.e.registry.AbstractInstanceRegistry  : Running the evict task with compensationTime 0ms
2024-05-26T11:27:18.346+05:30  INFO 19684 --- [EurekaServer] [Eureka-EvictionTimer] c.n.e.registry.AbstractInstanceRegistry  : Running the evict task with compensationTime 0ms
2024-05-26T11:28:18.347+05:30  INFO 19684 --- [EurekaServer] [Eureka-EvictionTimer] c.n.e.registry.AbstractInstanceRegistry  : Running the evict task with compensationTime 0ms
2024-05-26T11:29:18.348+05:30  INFO 19684 --- [EurekaServer] [Eureka-EvictionTimer] c.n.e.registry.AbstractInstanceRegistry  : Running the evict task with compensationTime 0ms
2024-05-26T11:30:18.348+05:30  INFO 19684 --- [EurekaServer] [Eureka-EvictionTimer] c.n.e.registry.AbstractInstanceRegistry  : Running the evict task with compensationTime 0ms
2024-05-26T11:31:18.349+05:30  INFO 19684 --- [EurekaServer] [Eureka-EvictionTimer] c.n.e.registry.AbstractInstanceRegistry  : Running the evict task with compensationTime 0ms
2024-05-26T11:32:18.351+05:30  INFO 19684 --- [EurekaServer] [Eureka-EvictionTimer] c.n.e.registry.AbstractInstanceRegistry  : Running the evict task with compensationTime 1ms
2024-05-26T11:33:18.351+05:30  INFO 19684 --- [EurekaServer] [Eureka-EvictionTimer] c.n.e.registry.AbstractInstanceRegistry  : Running the evict task with compensationTime 1ms
2024-05-26T11:34:18.351+05:30  INFO 19684 --- [EurekaServer] [Eureka-EvictionTimer] c.n.e.registry.AbstractInstanceRegistry  : Running the evict task with compensationTime 0ms
2024-05-26T11:34:30.613+05:30 ERROR 19684 --- [EurekaServer] [TaskBatchingWorker-target_localhost-8] c.n.e.cluster.ReplicationTaskProcessor   : It seems to be a socket read timeout exception, it will retry later. if it continues to happen and some eureka node occupied all the cpu time, you should set property 'eureka.server.peer-node-read-timeout-ms' to a bigger value

jakarta.ws.rs.ProcessingException: java.net.SocketTimeoutException: Read timed out
	at org.glassfish.jersey.apache.connector.ApacheConnector.apply(ApacheConnector.java:533) ~[jersey-apache-connector-3.1.6.jar:na]
	at org.glassfish.jersey.client.ClientRuntime.invoke(ClientRuntime.java:300) ~[jersey-client-3.1.6.jar:na]
	at org.glassfish.jersey.client.JerseyInvocation.lambda$invoke$0(JerseyInvocation.java:674) ~[jersey-client-3.1.6.jar:na]
	at org.glassfish.jersey.client.JerseyInvocation.call(JerseyInvocation.java:709) ~[jersey-client-3.1.6.jar:na]
	at org.glassfish.jersey.client.JerseyInvocation.lambda$runInScope$3(JerseyInvocation.java:703) ~[jersey-client-3.1.6.jar:na]
	at org.glassfish.jersey.internal.Errors.process(Errors.java:292) ~[jersey-common-3.1.6.jar:na]
	at org.glassfish.jersey.internal.Errors.process(Errors.java:274) ~[jersey-common-3.1.6.jar:na]
	at org.glassfish.jersey.internal.Errors.process(Errors.java:205) ~[jersey-common-3.1.6.jar:na]
	at org.glassfish.jersey.process.internal.RequestScope.runInScope(RequestScope.java:391) ~[jersey-common-3.1.6.jar:na]
	at org.glassfish.jersey.client.JerseyInvocation.runInScope(JerseyInvocation.java:703) ~[jersey-client-3.1.6.jar:na]
	at org.glassfish.jersey.client.JerseyInvocation.invoke(JerseyInvocation.java:673) ~[jersey-client-3.1.6.jar:na]
	at org.glassfish.jersey.client.JerseyInvocation$Builder.method(JerseyInvocation.java:439) ~[jersey-client-3.1.6.jar:na]
	at org.glassfish.jersey.client.JerseyInvocation$Builder.post(JerseyInvocation.java:345) ~[jersey-client-3.1.6.jar:na]
	at com.netflix.eureka.transport.Jersey3ReplicationClient.submitBatchUpdates(Jersey3ReplicationClient.java:116) ~[eureka-core-jersey3-2.0.2.jar:2.0.2]
	at com.netflix.eureka.cluster.ReplicationTaskProcessor.process(ReplicationTaskProcessor.java:80) ~[eureka-core-2.0.2.jar:2.0.2]
	at com.netflix.eureka.util.batcher.TaskExecutors$BatchWorkerRunnable.run(TaskExecutors.java:190) ~[eureka-core-2.0.2.jar:2.0.2]
	at java.base/java.lang.Thread.run(Thread.java:1583) ~[na:na]
Caused by: java.net.SocketTimeoutException: Read timed out
	at java.base/sun.nio.ch.NioSocketImpl.timedRead(NioSocketImpl.java:278) ~[na:na]
	at java.base/sun.nio.ch.NioSocketImpl.implRead(NioSocketImpl.java:304) ~[na:na]
	at java.base/sun.nio.ch.NioSocketImpl.read(NioSocketImpl.java:346) ~[na:na]
	at java.base/sun.nio.ch.NioSocketImpl$1.read(NioSocketImpl.java:796) ~[na:na]
	at java.base/java.net.Socket$SocketInputStream.read(Socket.java:1099) ~[na:na]
	at org.apache.http.impl.io.SessionInputBufferImpl.streamRead(SessionInputBufferImpl.java:137) ~[httpcore-4.4.16.jar:4.4.16]
	at org.apache.http.impl.io.SessionInputBufferImpl.fillBuffer(SessionInputBufferImpl.java:153) ~[httpcore-4.4.16.jar:4.4.16]
	at org.apache.http.impl.io.SessionInputBufferImpl.readLine(SessionInputBufferImpl.java:280) ~[httpcore-4.4.16.jar:4.4.16]
	at org.apache.http.impl.conn.DefaultHttpResponseParser.parseHead(DefaultHttpResponseParser.java:138) ~[httpclient-4.5.3.jar:4.5.3]
	at org.apache.http.impl.conn.DefaultHttpResponseParser.parseHead(DefaultHttpResponseParser.java:56) ~[httpclient-4.5.3.jar:4.5.3]
	at org.apache.http.impl.io.AbstractMessageParser.parse(AbstractMessageParser.java:259) ~[httpcore-4.4.16.jar:4.4.16]
	at org.apache.http.impl.DefaultBHttpClientConnection.receiveResponseHeader(DefaultBHttpClientConnection.java:163) ~[httpcore-4.4.16.jar:4.4.16]
	at org.apache.http.impl.conn.CPoolProxy.receiveResponseHeader(CPoolProxy.java:165) ~[httpclient-4.5.3.jar:4.5.3]
	at org.apache.http.protocol.HttpRequestExecutor.doReceiveResponse(HttpRequestExecutor.java:273) ~[httpcore-4.4.16.jar:4.4.16]
	at org.apache.http.protocol.HttpRequestExecutor.execute(HttpRequestExecutor.java:125) ~[httpcore-4.4.16.jar:4.4.16]
	at org.apache.http.impl.execchain.MainClientExec.execute(MainClientExec.java:272) ~[httpclient-4.5.3.jar:4.5.3]
	at org.apache.http.impl.execchain.ProtocolExec.execute(ProtocolExec.java:185) ~[httpclient-4.5.3.jar:4.5.3]
	at org.apache.http.impl.execchain.RetryExec.execute(RetryExec.java:89) ~[httpclient-4.5.3.jar:4.5.3]
	at org.apache.http.impl.execchain.RedirectExec.execute(RedirectExec.java:111) ~[httpclient-4.5.3.jar:4.5.3]
	at org.apache.http.impl.client.InternalHttpClient.doExecute(InternalHttpClient.java:185) ~[httpclient-4.5.3.jar:4.5.3]
	at org.apache.http.impl.client.CloseableHttpClient.execute(CloseableHttpClient.java:72) ~[httpclient-4.5.3.jar:4.5.3]
	at org.glassfish.jersey.apache.connector.ApacheConnector.apply(ApacheConnector.java:485) ~[jersey-apache-connector-3.1.6.jar:na]
	... 16 common frames omitted

2024-05-26T11:35:18.355+05:30  INFO 19684 --- [EurekaServer] [Eureka-EvictionTimer] c.n.e.registry.AbstractInstanceRegistry  : Running the evict task with compensationTime 0ms
2024-05-26T11:36:18.026+05:30  INFO 19684 --- [EurekaServer] [ReplicaAwareInstanceRegistry - RenewalThresholdUpdater] c.n.e.r.PeerAwareInstanceRegistryImpl    : Current renewal threshold is : 11
2024-05-26T11:36:18.351+05:30  INFO 19684 --- [EurekaServer] [Eureka-EvictionTimer] c.n.e.registry.AbstractInstanceRegistry  : Running the evict task with compensationTime 0ms
2024-05-26T11:37:18.351+05:30  INFO 19684 --- [EurekaServer] [Eureka-EvictionTimer] c.n.e.registry.AbstractInstanceRegistry  : Running the evict task with compensationTime 0ms
2024-05-26T11:38:18.352+05:30  INFO 19684 --- [EurekaServer] [Eureka-EvictionTimer] c.n.e.registry.AbstractInstanceRegistry  : Running the evict task with compensationTime 1ms
2024-05-26T11:39:18.353+05:30  INFO 19684 --- [EurekaServer] [Eureka-EvictionTimer] c.n.e.registry.AbstractInstanceRegistry  : Running the evict task with compensationTime 0ms
2024-05-26T11:40:18.354+05:30  INFO 19684 --- [EurekaServer] [Eureka-EvictionTimer] c.n.e.registry.AbstractInstanceRegistry  : Running the evict task with compensationTime 0ms
2024-05-26T11:41:18.354+05:30  INFO 19684 --- [EurekaServer] [Eureka-EvictionTimer] c.n.e.registry.AbstractInstanceRegistry  : Running the evict task with compensationTime 0ms
2024-05-26T11:42:18.354+05:30  INFO 19684 --- [EurekaServer] [Eureka-EvictionTimer] c.n.e.registry.AbstractInstanceRegistry  : Running the evict task with compensationTime 0ms
2024-05-26T11:42:51.674+05:30 ERROR 19684 --- [EurekaServer] [TaskBatchingWorker-target_localhost-6] c.n.e.cluster.ReplicationTaskProcessor   : It seems to be a socket read timeout exception, it will retry later. if it continues to happen and some eureka node occupied all the cpu time, you should set property 'eureka.server.peer-node-read-timeout-ms' to a bigger value

jakarta.ws.rs.ProcessingException: java.net.SocketTimeoutException: Read timed out
	at org.glassfish.jersey.apache.connector.ApacheConnector.apply(ApacheConnector.java:533) ~[jersey-apache-connector-3.1.6.jar:na]
	at org.glassfish.jersey.client.ClientRuntime.invoke(ClientRuntime.java:300) ~[jersey-client-3.1.6.jar:na]
	at org.glassfish.jersey.client.JerseyInvocation.lambda$invoke$0(JerseyInvocation.java:674) ~[jersey-client-3.1.6.jar:na]
	at org.glassfish.jersey.client.JerseyInvocation.call(JerseyInvocation.java:709) ~[jersey-client-3.1.6.jar:na]
	at org.glassfish.jersey.client.JerseyInvocation.lambda$runInScope$3(JerseyInvocation.java:703) ~[jersey-client-3.1.6.jar:na]
	at org.glassfish.jersey.internal.Errors.process(Errors.java:292) ~[jersey-common-3.1.6.jar:na]
	at org.glassfish.jersey.internal.Errors.process(Errors.java:274) ~[jersey-common-3.1.6.jar:na]
	at org.glassfish.jersey.internal.Errors.process(Errors.java:205) ~[jersey-common-3.1.6.jar:na]
	at org.glassfish.jersey.process.internal.RequestScope.runInScope(RequestScope.java:391) ~[jersey-common-3.1.6.jar:na]
	at org.glassfish.jersey.client.JerseyInvocation.runInScope(JerseyInvocation.java:703) ~[jersey-client-3.1.6.jar:na]
	at org.glassfish.jersey.client.JerseyInvocation.invoke(JerseyInvocation.java:673) ~[jersey-client-3.1.6.jar:na]
	at org.glassfish.jersey.client.JerseyInvocation$Builder.method(JerseyInvocation.java:439) ~[jersey-client-3.1.6.jar:na]
	at org.glassfish.jersey.client.JerseyInvocation$Builder.post(JerseyInvocation.java:345) ~[jersey-client-3.1.6.jar:na]
	at com.netflix.eureka.transport.Jersey3ReplicationClient.submitBatchUpdates(Jersey3ReplicationClient.java:116) ~[eureka-core-jersey3-2.0.2.jar:2.0.2]
	at com.netflix.eureka.cluster.ReplicationTaskProcessor.process(ReplicationTaskProcessor.java:80) ~[eureka-core-2.0.2.jar:2.0.2]
	at com.netflix.eureka.util.batcher.TaskExecutors$BatchWorkerRunnable.run(TaskExecutors.java:190) ~[eureka-core-2.0.2.jar:2.0.2]
	at java.base/java.lang.Thread.run(Thread.java:1583) ~[na:na]
Caused by: java.net.SocketTimeoutException: Read timed out
	at java.base/sun.nio.ch.NioSocketImpl.timedRead(NioSocketImpl.java:278) ~[na:na]
	at java.base/sun.nio.ch.NioSocketImpl.implRead(NioSocketImpl.java:304) ~[na:na]
	at java.base/sun.nio.ch.NioSocketImpl.read(NioSocketImpl.java:346) ~[na:na]
	at java.base/sun.nio.ch.NioSocketImpl$1.read(NioSocketImpl.java:796) ~[na:na]
	at java.base/java.net.Socket$SocketInputStream.read(Socket.java:1099) ~[na:na]
	at org.apache.http.impl.io.SessionInputBufferImpl.streamRead(SessionInputBufferImpl.java:137) ~[httpcore-4.4.16.jar:4.4.16]
	at org.apache.http.impl.io.SessionInputBufferImpl.fillBuffer(SessionInputBufferImpl.java:153) ~[httpcore-4.4.16.jar:4.4.16]
	at org.apache.http.impl.io.SessionInputBufferImpl.readLine(SessionInputBufferImpl.java:280) ~[httpcore-4.4.16.jar:4.4.16]
	at org.apache.http.impl.conn.DefaultHttpResponseParser.parseHead(DefaultHttpResponseParser.java:138) ~[httpclient-4.5.3.jar:4.5.3]
	at org.apache.http.impl.conn.DefaultHttpResponseParser.parseHead(DefaultHttpResponseParser.java:56) ~[httpclient-4.5.3.jar:4.5.3]
	at org.apache.http.impl.io.AbstractMessageParser.parse(AbstractMessageParser.java:259) ~[httpcore-4.4.16.jar:4.4.16]
	at org.apache.http.impl.DefaultBHttpClientConnection.receiveResponseHeader(DefaultBHttpClientConnection.java:163) ~[httpcore-4.4.16.jar:4.4.16]
	at org.apache.http.impl.conn.CPoolProxy.receiveResponseHeader(CPoolProxy.java:165) ~[httpclient-4.5.3.jar:4.5.3]
	at org.apache.http.protocol.HttpRequestExecutor.doReceiveResponse(HttpRequestExecutor.java:273) ~[httpcore-4.4.16.jar:4.4.16]
	at org.apache.http.protocol.HttpRequestExecutor.execute(HttpRequestExecutor.java:125) ~[httpcore-4.4.16.jar:4.4.16]
	at org.apache.http.impl.execchain.MainClientExec.execute(MainClientExec.java:272) ~[httpclient-4.5.3.jar:4.5.3]
	at org.apache.http.impl.execchain.ProtocolExec.execute(ProtocolExec.java:185) ~[httpclient-4.5.3.jar:4.5.3]
	at org.apache.http.impl.execchain.RetryExec.execute(RetryExec.java:89) ~[httpclient-4.5.3.jar:4.5.3]
	at org.apache.http.impl.execchain.RedirectExec.execute(RedirectExec.java:111) ~[httpclient-4.5.3.jar:4.5.3]
	at org.apache.http.impl.client.InternalHttpClient.doExecute(InternalHttpClient.java:185) ~[httpclient-4.5.3.jar:4.5.3]
	at org.apache.http.impl.client.CloseableHttpClient.execute(CloseableHttpClient.java:72) ~[httpclient-4.5.3.jar:4.5.3]
	at org.glassfish.jersey.apache.connector.ApacheConnector.apply(ApacheConnector.java:485) ~[jersey-apache-connector-3.1.6.jar:na]
	... 16 common frames omitted

2024-05-26T11:43:18.355+05:30  INFO 19684 --- [EurekaServer] [Eureka-EvictionTimer] c.n.e.registry.AbstractInstanceRegistry  : Running the evict task with compensationTime 0ms
2024-05-26T11:44:18.361+05:30  INFO 19684 --- [EurekaServer] [Eureka-EvictionTimer] c.n.e.registry.AbstractInstanceRegistry  : Running the evict task with compensationTime 0ms
2024-05-26T11:45:18.362+05:30  INFO 19684 --- [EurekaServer] [Eureka-EvictionTimer] c.n.e.registry.AbstractInstanceRegistry  : Running the evict task with compensationTime 3ms
2024-05-26T11:46:18.359+05:30  INFO 19684 --- [EurekaServer] [Eureka-EvictionTimer] c.n.e.registry.AbstractInstanceRegistry  : Running the evict task with compensationTime 0ms
2024-05-26T11:47:18.360+05:30  INFO 19684 --- [EurekaServer] [Eureka-EvictionTimer] c.n.e.registry.AbstractInstanceRegistry  : Running the evict task with compensationTime 1ms
2024-05-26T11:48:18.360+05:30  INFO 19684 --- [EurekaServer] [Eureka-EvictionTimer] c.n.e.registry.AbstractInstanceRegistry  : Running the evict task with compensationTime 0ms
2024-05-26T11:49:18.361+05:30  INFO 19684 --- [EurekaServer] [Eureka-EvictionTimer] c.n.e.registry.AbstractInstanceRegistry  : Running the evict task with compensationTime 0ms
2024-05-26T11:50:18.362+05:30  INFO 19684 --- [EurekaServer] [Eureka-EvictionTimer] c.n.e.registry.AbstractInstanceRegistry  : Running the evict task with compensationTime 1ms
2024-05-26T11:51:18.034+05:30  INFO 19684 --- [EurekaServer] [ReplicaAwareInstanceRegistry - RenewalThresholdUpdater] c.n.e.r.PeerAwareInstanceRegistryImpl    : Current renewal threshold is : 11
2024-05-26T11:51:18.363+05:30  INFO 19684 --- [EurekaServer] [Eureka-EvictionTimer] c.n.e.registry.AbstractInstanceRegistry  : Running the evict task with compensationTime 0ms
2024-05-26T11:52:18.364+05:30  INFO 19684 --- [EurekaServer] [Eureka-EvictionTimer] c.n.e.registry.AbstractInstanceRegistry  : Running the evict task with compensationTime 0ms
2024-05-26T11:53:18.364+05:30  INFO 19684 --- [EurekaServer] [Eureka-EvictionTimer] c.n.e.registry.AbstractInstanceRegistry  : Running the evict task with compensationTime 0ms
2024-05-26T11:54:18.364+05:30  INFO 19684 --- [EurekaServer] [Eureka-EvictionTimer] c.n.e.registry.AbstractInstanceRegistry  : Running the evict task with compensationTime 0ms
2024-05-26T11:55:18.365+05:30  INFO 19684 --- [EurekaServer] [Eureka-EvictionTimer] c.n.e.registry.AbstractInstanceRegistry  : Running the evict task with compensationTime 1ms
2024-05-26T11:56:20.122+05:30  INFO 19684 --- [EurekaServer] [Eureka-EvictionTimer] c.n.e.registry.AbstractInstanceRegistry  : Running the evict task with compensationTime 1757ms
2024-05-26T11:57:21.124+05:30  INFO 19684 --- [EurekaServer] [Eureka-EvictionTimer] c.n.e.registry.AbstractInstanceRegistry  : Running the evict task with compensationTime 1001ms
2024-05-26T11:58:21.150+05:30  INFO 19684 --- [EurekaServer] [Eureka-EvictionTimer] c.n.e.registry.AbstractInstanceRegistry  : Running the evict task with compensationTime 16ms
2024-05-26T11:59:21.149+05:30  INFO 19684 --- [EurekaServer] [Eureka-EvictionTimer] c.n.e.registry.AbstractInstanceRegistry  : Running the evict task with compensationTime 1ms
2024-05-26T12:00:21.143+05:30  INFO 19684 --- [EurekaServer] [Eureka-EvictionTimer] c.n.e.registry.AbstractInstanceRegistry  : Running the evict task with compensationTime 0ms
2024-05-26T12:01:21.143+05:30  INFO 19684 --- [EurekaServer] [Eureka-EvictionTimer] c.n.e.registry.AbstractInstanceRegistry  : Running the evict task with compensationTime 0ms
2024-05-26T12:02:21.170+05:30  INFO 19684 --- [EurekaServer] [Eureka-EvictionTimer] c.n.e.registry.AbstractInstanceRegistry  : Running the evict task with compensationTime 18ms
2024-05-26T12:03:21.162+05:30  INFO 19684 --- [EurekaServer] [Eureka-EvictionTimer] c.n.e.registry.AbstractInstanceRegistry  : Running the evict task with compensationTime 0ms
2024-05-26T12:03:35.382+05:30 ERROR 19684 --- [EurekaServer] [TaskBatchingWorker-target_localhost-5] c.n.e.cluster.ReplicationTaskProcessor   : It seems to be a socket read timeout exception, it will retry later. if it continues to happen and some eureka node occupied all the cpu time, you should set property 'eureka.server.peer-node-read-timeout-ms' to a bigger value

jakarta.ws.rs.ProcessingException: java.net.SocketTimeoutException: Read timed out
	at org.glassfish.jersey.apache.connector.ApacheConnector.apply(ApacheConnector.java:533) ~[jersey-apache-connector-3.1.6.jar:na]
	at org.glassfish.jersey.client.ClientRuntime.invoke(ClientRuntime.java:300) ~[jersey-client-3.1.6.jar:na]
	at org.glassfish.jersey.client.JerseyInvocation.lambda$invoke$0(JerseyInvocation.java:674) ~[jersey-client-3.1.6.jar:na]
	at org.glassfish.jersey.client.JerseyInvocation.call(JerseyInvocation.java:709) ~[jersey-client-3.1.6.jar:na]
	at org.glassfish.jersey.client.JerseyInvocation.lambda$runInScope$3(JerseyInvocation.java:703) ~[jersey-client-3.1.6.jar:na]
	at org.glassfish.jersey.internal.Errors.process(Errors.java:292) ~[jersey-common-3.1.6.jar:na]
	at org.glassfish.jersey.internal.Errors.process(Errors.java:274) ~[jersey-common-3.1.6.jar:na]
	at org.glassfish.jersey.internal.Errors.process(Errors.java:205) ~[jersey-common-3.1.6.jar:na]
	at org.glassfish.jersey.process.internal.RequestScope.runInScope(RequestScope.java:391) ~[jersey-common-3.1.6.jar:na]
	at org.glassfish.jersey.client.JerseyInvocation.runInScope(JerseyInvocation.java:703) ~[jersey-client-3.1.6.jar:na]
	at org.glassfish.jersey.client.JerseyInvocation.invoke(JerseyInvocation.java:673) ~[jersey-client-3.1.6.jar:na]
	at org.glassfish.jersey.client.JerseyInvocation$Builder.method(JerseyInvocation.java:439) ~[jersey-client-3.1.6.jar:na]
	at org.glassfish.jersey.client.JerseyInvocation$Builder.post(JerseyInvocation.java:345) ~[jersey-client-3.1.6.jar:na]
	at com.netflix.eureka.transport.Jersey3ReplicationClient.submitBatchUpdates(Jersey3ReplicationClient.java:116) ~[eureka-core-jersey3-2.0.2.jar:2.0.2]
	at com.netflix.eureka.cluster.ReplicationTaskProcessor.process(ReplicationTaskProcessor.java:80) ~[eureka-core-2.0.2.jar:2.0.2]
	at com.netflix.eureka.util.batcher.TaskExecutors$BatchWorkerRunnable.run(TaskExecutors.java:190) ~[eureka-core-2.0.2.jar:2.0.2]
	at java.base/java.lang.Thread.run(Thread.java:1583) ~[na:na]
Caused by: java.net.SocketTimeoutException: Read timed out
	at java.base/sun.nio.ch.NioSocketImpl.timedRead(NioSocketImpl.java:278) ~[na:na]
	at java.base/sun.nio.ch.NioSocketImpl.implRead(NioSocketImpl.java:304) ~[na:na]
	at java.base/sun.nio.ch.NioSocketImpl.read(NioSocketImpl.java:346) ~[na:na]
	at java.base/sun.nio.ch.NioSocketImpl$1.read(NioSocketImpl.java:796) ~[na:na]
	at java.base/java.net.Socket$SocketInputStream.read(Socket.java:1099) ~[na:na]
	at org.apache.http.impl.io.SessionInputBufferImpl.streamRead(SessionInputBufferImpl.java:137) ~[httpcore-4.4.16.jar:4.4.16]
	at org.apache.http.impl.io.SessionInputBufferImpl.fillBuffer(SessionInputBufferImpl.java:153) ~[httpcore-4.4.16.jar:4.4.16]
	at org.apache.http.impl.io.SessionInputBufferImpl.readLine(SessionInputBufferImpl.java:280) ~[httpcore-4.4.16.jar:4.4.16]
	at org.apache.http.impl.conn.DefaultHttpResponseParser.parseHead(DefaultHttpResponseParser.java:138) ~[httpclient-4.5.3.jar:4.5.3]
	at org.apache.http.impl.conn.DefaultHttpResponseParser.parseHead(DefaultHttpResponseParser.java:56) ~[httpclient-4.5.3.jar:4.5.3]
	at org.apache.http.impl.io.AbstractMessageParser.parse(AbstractMessageParser.java:259) ~[httpcore-4.4.16.jar:4.4.16]
	at org.apache.http.impl.DefaultBHttpClientConnection.receiveResponseHeader(DefaultBHttpClientConnection.java:163) ~[httpcore-4.4.16.jar:4.4.16]
	at org.apache.http.impl.conn.CPoolProxy.receiveResponseHeader(CPoolProxy.java:165) ~[httpclient-4.5.3.jar:4.5.3]
	at org.apache.http.protocol.HttpRequestExecutor.doReceiveResponse(HttpRequestExecutor.java:273) ~[httpcore-4.4.16.jar:4.4.16]
	at org.apache.http.protocol.HttpRequestExecutor.execute(HttpRequestExecutor.java:125) ~[httpcore-4.4.16.jar:4.4.16]
	at org.apache.http.impl.execchain.MainClientExec.execute(MainClientExec.java:272) ~[httpclient-4.5.3.jar:4.5.3]
	at org.apache.http.impl.execchain.ProtocolExec.execute(ProtocolExec.java:185) ~[httpclient-4.5.3.jar:4.5.3]
	at org.apache.http.impl.execchain.RetryExec.execute(RetryExec.java:89) ~[httpclient-4.5.3.jar:4.5.3]
	at org.apache.http.impl.execchain.RedirectExec.execute(RedirectExec.java:111) ~[httpclient-4.5.3.jar:4.5.3]
	at org.apache.http.impl.client.InternalHttpClient.doExecute(InternalHttpClient.java:185) ~[httpclient-4.5.3.jar:4.5.3]
	at org.apache.http.impl.client.CloseableHttpClient.execute(CloseableHttpClient.java:72) ~[httpclient-4.5.3.jar:4.5.3]
	at org.glassfish.jersey.apache.connector.ApacheConnector.apply(ApacheConnector.java:485) ~[jersey-apache-connector-3.1.6.jar:na]
	... 16 common frames omitted

2024-05-26T12:04:21.163+05:30  INFO 19684 --- [EurekaServer] [Eureka-EvictionTimer] c.n.e.registry.AbstractInstanceRegistry  : Running the evict task with compensationTime 0ms
2024-05-26T12:05:13.199+05:30  INFO 19684 --- [EurekaServer] [http-nio-8761-exec-2] c.n.e.registry.AbstractInstanceRegistry  : Registered instance LOGINMANAGEMENT/localhost:LoginManagement:8085 with status DOWN (replication=false)
2024-05-26T12:05:13.727+05:30  INFO 19684 --- [EurekaServer] [http-nio-8761-exec-5] c.n.e.registry.AbstractInstanceRegistry  : Registered instance LOGINMANAGEMENT/localhost:LoginManagement:8085 with status DOWN (replication=true)
2024-05-26T12:05:21.162+05:30  INFO 19684 --- [EurekaServer] [Eureka-EvictionTimer] c.n.e.registry.AbstractInstanceRegistry  : Running the evict task with compensationTime 0ms
2024-05-26T12:05:37.821+05:30  INFO 19684 --- [EurekaServer] [http-nio-8761-exec-3] c.n.e.registry.AbstractInstanceRegistry  : Registered instance LOGINMANAGEMENT/localhost:LoginManagement:8085 with status UP (replication=false)
2024-05-26T12:05:38.328+05:30  INFO 19684 --- [EurekaServer] [http-nio-8761-exec-10] c.n.e.registry.AbstractInstanceRegistry  : Registered instance LOGINMANAGEMENT/localhost:LoginManagement:8085 with status UP (replication=true)
2024-05-26T12:06:20.799+05:30  INFO 19684 --- [EurekaServer] [ReplicaAwareInstanceRegistry - RenewalThresholdUpdater] c.n.e.r.PeerAwareInstanceRegistryImpl    : Current renewal threshold is : 11
2024-05-26T12:06:21.388+05:30  INFO 19684 --- [EurekaServer] [Eureka-EvictionTimer] c.n.e.registry.AbstractInstanceRegistry  : Running the evict task with compensationTime 162ms
2024-05-26T12:07:21.337+05:30  INFO 19684 --- [EurekaServer] [Eureka-EvictionTimer] c.n.e.registry.AbstractInstanceRegistry  : Running the evict task with compensationTime 12ms
2024-05-26T12:08:21.346+05:30  INFO 19684 --- [EurekaServer] [Eureka-EvictionTimer] c.n.e.registry.AbstractInstanceRegistry  : Running the evict task with compensationTime 1ms
2024-05-26T12:09:22.430+05:30  INFO 19684 --- [EurekaServer] [Eureka-EvictionTimer] c.n.e.registry.AbstractInstanceRegistry  : Running the evict task with compensationTime 11ms
2024-05-26T12:10:21.350+05:30  INFO 19684 --- [EurekaServer] [Eureka-EvictionTimer] c.n.e.registry.AbstractInstanceRegistry  : Running the evict task with compensationTime 0ms
2024-05-26T12:11:21.350+05:30  INFO 19684 --- [EurekaServer] [Eureka-EvictionTimer] c.n.e.registry.AbstractInstanceRegistry  : Running the evict task with compensationTime 0ms
2024-05-26T12:12:21.350+05:30  INFO 19684 --- [EurekaServer] [Eureka-EvictionTimer] c.n.e.registry.AbstractInstanceRegistry  : Running the evict task with compensationTime 0ms
2024-05-26T12:13:21.351+05:30  INFO 19684 --- [EurekaServer] [Eureka-EvictionTimer] c.n.e.registry.AbstractInstanceRegistry  : Running the evict task with compensationTime 0ms
2024-05-26T12:14:21.352+05:30  INFO 19684 --- [EurekaServer] [Eureka-EvictionTimer] c.n.e.registry.AbstractInstanceRegistry  : Running the evict task with compensationTime 1ms
2024-05-26T12:15:21.352+05:30  INFO 19684 --- [EurekaServer] [Eureka-EvictionTimer] c.n.e.registry.AbstractInstanceRegistry  : Running the evict task with compensationTime 0ms
2024-05-26T12:16:21.352+05:30  INFO 19684 --- [EurekaServer] [Eureka-EvictionTimer] c.n.e.registry.AbstractInstanceRegistry  : Running the evict task with compensationTime 0ms
2024-05-26T12:17:21.353+05:30  INFO 19684 --- [EurekaServer] [Eureka-EvictionTimer] c.n.e.registry.AbstractInstanceRegistry  : Running the evict task with compensationTime 0ms
2024-05-26T12:18:21.353+05:30  INFO 19684 --- [EurekaServer] [Eureka-EvictionTimer] c.n.e.registry.AbstractInstanceRegistry  : Running the evict task with compensationTime 0ms
2024-05-26T12:19:21.355+05:30  INFO 19684 --- [EurekaServer] [Eureka-EvictionTimer] c.n.e.registry.AbstractInstanceRegistry  : Running the evict task with compensationTime 0ms
2024-05-26T12:20:21.362+05:30  INFO 19684 --- [EurekaServer] [Eureka-EvictionTimer] c.n.e.registry.AbstractInstanceRegistry  : Running the evict task with compensationTime 0ms
2024-05-26T12:21:20.794+05:30  INFO 19684 --- [EurekaServer] [ReplicaAwareInstanceRegistry - RenewalThresholdUpdater] c.n.e.r.PeerAwareInstanceRegistryImpl    : Current renewal threshold is : 11
2024-05-26T12:21:21.353+05:30  INFO 19684 --- [EurekaServer] [Eureka-EvictionTimer] c.n.e.registry.AbstractInstanceRegistry  : Running the evict task with compensationTime 0ms
2024-05-26T12:22:21.354+05:30  INFO 19684 --- [EurekaServer] [Eureka-EvictionTimer] c.n.e.registry.AbstractInstanceRegistry  : Running the evict task with compensationTime 0ms
2024-05-26T12:23:21.356+05:30  INFO 19684 --- [EurekaServer] [Eureka-EvictionTimer] c.n.e.registry.AbstractInstanceRegistry  : Running the evict task with compensationTime 1ms
2024-05-26T12:24:21.372+05:30  INFO 19684 --- [EurekaServer] [Eureka-EvictionTimer] c.n.e.registry.AbstractInstanceRegistry  : Running the evict task with compensationTime 3ms
2024-05-26T12:25:21.359+05:30  INFO 19684 --- [EurekaServer] [Eureka-EvictionTimer] c.n.e.registry.AbstractInstanceRegistry  : Running the evict task with compensationTime 0ms
2024-05-26T12:26:21.368+05:30  INFO 19684 --- [EurekaServer] [Eureka-EvictionTimer] c.n.e.registry.AbstractInstanceRegistry  : Running the evict task with compensationTime 1ms
2024-05-26T12:27:21.360+05:30  INFO 19684 --- [EurekaServer] [Eureka-EvictionTimer] c.n.e.registry.AbstractInstanceRegistry  : Running the evict task with compensationTime 0ms
2024-05-26T12:28:21.361+05:30  INFO 19684 --- [EurekaServer] [Eureka-EvictionTimer] c.n.e.registry.AbstractInstanceRegistry  : Running the evict task with compensationTime 0ms
2024-05-26T12:29:21.362+05:30  INFO 19684 --- [EurekaServer] [Eureka-EvictionTimer] c.n.e.registry.AbstractInstanceRegistry  : Running the evict task with compensationTime 1ms
2024-05-26T12:30:10.307+05:30  INFO 19684 --- [EurekaServer] [http-nio-8761-exec-6] c.n.e.registry.AbstractInstanceRegistry  : Registered instance ORDERMANAGEMENT/localhost:OrderManagement:8082 with status DOWN (replication=false)
2024-05-26T12:30:11.345+05:30  INFO 19684 --- [EurekaServer] [http-nio-8761-exec-7] c.n.e.registry.AbstractInstanceRegistry  : Registered instance ORDERMANAGEMENT/localhost:OrderManagement:8082 with status DOWN (replication=true)
2024-05-26T12:30:12.281+05:30 ERROR 19684 --- [EurekaServer] [TaskBatchingWorker-target_localhost-13] c.n.e.cluster.ReplicationTaskProcessor   : It seems to be a socket read timeout exception, it will retry later. if it continues to happen and some eureka node occupied all the cpu time, you should set property 'eureka.server.peer-node-read-timeout-ms' to a bigger value

jakarta.ws.rs.ProcessingException: java.net.SocketTimeoutException: Read timed out
	at org.glassfish.jersey.apache.connector.ApacheConnector.apply(ApacheConnector.java:533) ~[jersey-apache-connector-3.1.6.jar:na]
	at org.glassfish.jersey.client.ClientRuntime.invoke(ClientRuntime.java:300) ~[jersey-client-3.1.6.jar:na]
	at org.glassfish.jersey.client.JerseyInvocation.lambda$invoke$0(JerseyInvocation.java:674) ~[jersey-client-3.1.6.jar:na]
	at org.glassfish.jersey.client.JerseyInvocation.call(JerseyInvocation.java:709) ~[jersey-client-3.1.6.jar:na]
	at org.glassfish.jersey.client.JerseyInvocation.lambda$runInScope$3(JerseyInvocation.java:703) ~[jersey-client-3.1.6.jar:na]
	at org.glassfish.jersey.internal.Errors.process(Errors.java:292) ~[jersey-common-3.1.6.jar:na]
	at org.glassfish.jersey.internal.Errors.process(Errors.java:274) ~[jersey-common-3.1.6.jar:na]
	at org.glassfish.jersey.internal.Errors.process(Errors.java:205) ~[jersey-common-3.1.6.jar:na]
	at org.glassfish.jersey.process.internal.RequestScope.runInScope(RequestScope.java:391) ~[jersey-common-3.1.6.jar:na]
	at org.glassfish.jersey.client.JerseyInvocation.runInScope(JerseyInvocation.java:703) ~[jersey-client-3.1.6.jar:na]
	at org.glassfish.jersey.client.JerseyInvocation.invoke(JerseyInvocation.java:673) ~[jersey-client-3.1.6.jar:na]
	at org.glassfish.jersey.client.JerseyInvocation$Builder.method(JerseyInvocation.java:439) ~[jersey-client-3.1.6.jar:na]
	at org.glassfish.jersey.client.JerseyInvocation$Builder.post(JerseyInvocation.java:345) ~[jersey-client-3.1.6.jar:na]
	at com.netflix.eureka.transport.Jersey3ReplicationClient.submitBatchUpdates(Jersey3ReplicationClient.java:116) ~[eureka-core-jersey3-2.0.2.jar:2.0.2]
	at com.netflix.eureka.cluster.ReplicationTaskProcessor.process(ReplicationTaskProcessor.java:80) ~[eureka-core-2.0.2.jar:2.0.2]
	at com.netflix.eureka.util.batcher.TaskExecutors$BatchWorkerRunnable.run(TaskExecutors.java:190) ~[eureka-core-2.0.2.jar:2.0.2]
	at java.base/java.lang.Thread.run(Thread.java:1583) ~[na:na]
Caused by: java.net.SocketTimeoutException: Read timed out
	at java.base/sun.nio.ch.NioSocketImpl.timedRead(NioSocketImpl.java:278) ~[na:na]
	at java.base/sun.nio.ch.NioSocketImpl.implRead(NioSocketImpl.java:304) ~[na:na]
	at java.base/sun.nio.ch.NioSocketImpl.read(NioSocketImpl.java:346) ~[na:na]
	at java.base/sun.nio.ch.NioSocketImpl$1.read(NioSocketImpl.java:796) ~[na:na]
	at java.base/java.net.Socket$SocketInputStream.read(Socket.java:1099) ~[na:na]
	at org.apache.http.impl.io.SessionInputBufferImpl.streamRead(SessionInputBufferImpl.java:137) ~[httpcore-4.4.16.jar:4.4.16]
	at org.apache.http.impl.io.SessionInputBufferImpl.fillBuffer(SessionInputBufferImpl.java:153) ~[httpcore-4.4.16.jar:4.4.16]
	at org.apache.http.impl.io.SessionInputBufferImpl.readLine(SessionInputBufferImpl.java:280) ~[httpcore-4.4.16.jar:4.4.16]
	at org.apache.http.impl.conn.DefaultHttpResponseParser.parseHead(DefaultHttpResponseParser.java:138) ~[httpclient-4.5.3.jar:4.5.3]
	at org.apache.http.impl.conn.DefaultHttpResponseParser.parseHead(DefaultHttpResponseParser.java:56) ~[httpclient-4.5.3.jar:4.5.3]
	at org.apache.http.impl.io.AbstractMessageParser.parse(AbstractMessageParser.java:259) ~[httpcore-4.4.16.jar:4.4.16]
	at org.apache.http.impl.DefaultBHttpClientConnection.receiveResponseHeader(DefaultBHttpClientConnection.java:163) ~[httpcore-4.4.16.jar:4.4.16]
	at org.apache.http.impl.conn.CPoolProxy.receiveResponseHeader(CPoolProxy.java:165) ~[httpclient-4.5.3.jar:4.5.3]
	at org.apache.http.protocol.HttpRequestExecutor.doReceiveResponse(HttpRequestExecutor.java:273) ~[httpcore-4.4.16.jar:4.4.16]
	at org.apache.http.protocol.HttpRequestExecutor.execute(HttpRequestExecutor.java:125) ~[httpcore-4.4.16.jar:4.4.16]
	at org.apache.http.impl.execchain.MainClientExec.execute(MainClientExec.java:272) ~[httpclient-4.5.3.jar:4.5.3]
	at org.apache.http.impl.execchain.ProtocolExec.execute(ProtocolExec.java:185) ~[httpclient-4.5.3.jar:4.5.3]
	at org.apache.http.impl.execchain.RetryExec.execute(RetryExec.java:89) ~[httpclient-4.5.3.jar:4.5.3]
	at org.apache.http.impl.execchain.RedirectExec.execute(RedirectExec.java:111) ~[httpclient-4.5.3.jar:4.5.3]
	at org.apache.http.impl.client.InternalHttpClient.doExecute(InternalHttpClient.java:185) ~[httpclient-4.5.3.jar:4.5.3]
	at org.apache.http.impl.client.CloseableHttpClient.execute(CloseableHttpClient.java:72) ~[httpclient-4.5.3.jar:4.5.3]
	at org.glassfish.jersey.apache.connector.ApacheConnector.apply(ApacheConnector.java:485) ~[jersey-apache-connector-3.1.6.jar:na]
	... 16 common frames omitted

2024-05-26T12:30:14.702+05:30  INFO 19684 --- [EurekaServer] [http-nio-8761-exec-8] c.n.e.registry.AbstractInstanceRegistry  : Registered instance ORDERMANAGEMENT/localhost:OrderManagement:8082 with status DOWN (replication=true)
2024-05-26T12:30:21.363+05:30  INFO 19684 --- [EurekaServer] [Eureka-EvictionTimer] c.n.e.registry.AbstractInstanceRegistry  : Running the evict task with compensationTime 0ms
2024-05-26T12:30:41.675+05:30  INFO 19684 --- [EurekaServer] [http-nio-8761-exec-6] c.n.e.registry.AbstractInstanceRegistry  : Registered instance ORDERMANAGEMENT/localhost:OrderManagement:8082 with status UP (replication=false)
2024-05-26T12:30:42.191+05:30  INFO 19684 --- [EurekaServer] [http-nio-8761-exec-7] c.n.e.registry.AbstractInstanceRegistry  : Registered instance ORDERMANAGEMENT/localhost:OrderManagement:8082 with status UP (replication=true)
2024-05-26T12:31:21.399+05:30  INFO 19684 --- [EurekaServer] [Eureka-EvictionTimer] c.n.e.registry.AbstractInstanceRegistry  : Running the evict task with compensationTime 29ms
2024-05-26T12:32:21.401+05:30  INFO 19684 --- [EurekaServer] [Eureka-EvictionTimer] c.n.e.registry.AbstractInstanceRegistry  : Running the evict task with compensationTime 1ms
2024-05-26T12:33:21.392+05:30  INFO 19684 --- [EurekaServer] [Eureka-EvictionTimer] c.n.e.registry.AbstractInstanceRegistry  : Running the evict task with compensationTime 0ms
2024-05-26T12:34:21.401+05:30  INFO 19684 --- [EurekaServer] [Eureka-EvictionTimer] c.n.e.registry.AbstractInstanceRegistry  : Running the evict task with compensationTime 1ms
2024-05-26T12:35:04.072+05:30  INFO 19684 --- [EurekaServer] [http-nio-8761-exec-4] c.n.e.registry.AbstractInstanceRegistry  : Registered instance ORDERMANAGEMENT/localhost:OrderManagement:8082 with status DOWN (replication=false)
2024-05-26T12:35:04.586+05:30  INFO 19684 --- [EurekaServer] [http-nio-8761-exec-7] c.n.e.registry.AbstractInstanceRegistry  : Registered instance ORDERMANAGEMENT/localhost:OrderManagement:8082 with status DOWN (replication=true)
2024-05-26T12:35:21.394+05:30  INFO 19684 --- [EurekaServer] [Eureka-EvictionTimer] c.n.e.registry.AbstractInstanceRegistry  : Running the evict task with compensationTime 0ms
2024-05-26T12:35:27.518+05:30  INFO 19684 --- [EurekaServer] [http-nio-8761-exec-6] c.n.e.registry.AbstractInstanceRegistry  : Registered instance ORDERMANAGEMENT/localhost:OrderManagement:8082 with status UP (replication=false)
2024-05-26T12:35:28.034+05:30  INFO 19684 --- [EurekaServer] [http-nio-8761-exec-4] c.n.e.registry.AbstractInstanceRegistry  : Registered instance ORDERMANAGEMENT/localhost:OrderManagement:8082 with status UP (replication=true)
2024-05-26T12:35:48.954+05:30  INFO 19684 --- [EurekaServer] [http-nio-8761-exec-8] c.n.e.registry.AbstractInstanceRegistry  : Registered instance ORDERMANAGEMENT/localhost:OrderManagement:8082 with status DOWN (replication=false)
2024-05-26T12:35:49.461+05:30  INFO 19684 --- [EurekaServer] [http-nio-8761-exec-9] c.n.e.registry.AbstractInstanceRegistry  : Registered instance ORDERMANAGEMENT/localhost:OrderManagement:8082 with status DOWN (replication=true)
2024-05-26T12:36:20.787+05:30  INFO 19684 --- [EurekaServer] [ReplicaAwareInstanceRegistry - RenewalThresholdUpdater] c.n.e.r.PeerAwareInstanceRegistryImpl    : Current renewal threshold is : 11
2024-05-26T12:36:21.394+05:30  INFO 19684 --- [EurekaServer] [Eureka-EvictionTimer] c.n.e.registry.AbstractInstanceRegistry  : Running the evict task with compensationTime 0ms
2024-05-26T12:37:21.395+05:30  INFO 19684 --- [EurekaServer] [Eureka-EvictionTimer] c.n.e.registry.AbstractInstanceRegistry  : Running the evict task with compensationTime 1ms
2024-05-26T12:37:21.399+05:30  INFO 19684 --- [EurekaServer] [Eureka-EvictionTimer] c.n.e.registry.AbstractInstanceRegistry  : Evicting 1 items (expired=1, evictionLimit=1)
2024-05-26T12:37:21.413+05:30  WARN 19684 --- [EurekaServer] [Eureka-EvictionTimer] c.n.e.registry.AbstractInstanceRegistry  : DS: Registry: expired lease for ORDERMANAGEMENT/localhost:OrderManagement:8082
2024-05-26T12:37:21.614+05:30  INFO 19684 --- [EurekaServer] [Eureka-EvictionTimer] c.n.e.registry.AbstractInstanceRegistry  : Cancelled instance ORDERMANAGEMENT/localhost:OrderManagement:8082 (replication=false)
2024-05-26T12:38:21.568+05:30  INFO 19684 --- [EurekaServer] [Eureka-EvictionTimer] c.n.e.registry.AbstractInstanceRegistry  : Running the evict task with compensationTime 0ms
2024-05-26T12:39:21.397+05:30  INFO 19684 --- [EurekaServer] [Eureka-EvictionTimer] c.n.e.registry.AbstractInstanceRegistry  : Running the evict task with compensationTime 1ms
2024-05-26T12:40:21.404+05:30  INFO 19684 --- [EurekaServer] [Eureka-EvictionTimer] c.n.e.registry.AbstractInstanceRegistry  : Running the evict task with compensationTime 6ms
2024-05-26T12:40:31.991+05:30  INFO 19684 --- [EurekaServer] [http-nio-8761-exec-8] c.n.e.registry.AbstractInstanceRegistry  : Registered instance SHOPPINGCARTMANAGEMENT/localhost:ShoppingCartManagement:8083 with status DOWN (replication=false)
2024-05-26T12:40:32.532+05:30  INFO 19684 --- [EurekaServer] [http-nio-8761-exec-5] c.n.e.registry.AbstractInstanceRegistry  : Registered instance SHOPPINGCARTMANAGEMENT/localhost:ShoppingCartManagement:8083 with status DOWN (replication=true)
2024-05-26T12:41:21.405+05:30  INFO 19684 --- [EurekaServer] [Eureka-EvictionTimer] c.n.e.registry.AbstractInstanceRegistry  : Running the evict task with compensationTime 1ms
2024-05-26T12:42:21.406+05:30  INFO 19684 --- [EurekaServer] [Eureka-EvictionTimer] c.n.e.registry.AbstractInstanceRegistry  : Running the evict task with compensationTime 0ms
2024-05-26T12:42:21.411+05:30  INFO 19684 --- [EurekaServer] [Eureka-EvictionTimer] c.n.e.registry.AbstractInstanceRegistry  : Evicting 1 items (expired=1, evictionLimit=1)
2024-05-26T12:42:21.415+05:30  WARN 19684 --- [EurekaServer] [Eureka-EvictionTimer] c.n.e.registry.AbstractInstanceRegistry  : DS: Registry: expired lease for SHOPPINGCARTMANAGEMENT/localhost:ShoppingCartManagement:8083
2024-05-26T12:42:21.418+05:30  INFO 19684 --- [EurekaServer] [Eureka-EvictionTimer] c.n.e.registry.AbstractInstanceRegistry  : Cancelled instance SHOPPINGCARTMANAGEMENT/localhost:ShoppingCartManagement:8083 (replication=false)
2024-05-26T12:43:21.406+05:30  INFO 19684 --- [EurekaServer] [Eureka-EvictionTimer] c.n.e.registry.AbstractInstanceRegistry  : Running the evict task with compensationTime 0ms
2024-05-26T12:44:21.407+05:30  INFO 19684 --- [EurekaServer] [Eureka-EvictionTimer] c.n.e.registry.AbstractInstanceRegistry  : Running the evict task with compensationTime 0ms
2024-05-26T12:45:21.408+05:30  INFO 19684 --- [EurekaServer] [Eureka-EvictionTimer] c.n.e.registry.AbstractInstanceRegistry  : Running the evict task with compensationTime 0ms
2024-05-26T13:06:38.680+05:30  INFO 19684 --- [EurekaServer] [http-nio-8761-exec-3] c.n.e.registry.AbstractInstanceRegistry  : Registered instance API-GATEWAY/localhost:API-GATEWAY:8765 with status DOWN (replication=false)
2024-05-26T13:06:39.185+05:30  INFO 19684 --- [EurekaServer] [http-nio-8761-exec-8] c.n.e.registry.AbstractInstanceRegistry  : Registered instance API-GATEWAY/localhost:API-GATEWAY:8765 with status DOWN (replication=true)
2024-05-26T13:06:40.197+05:30  INFO 19684 --- [EurekaServer] [http-nio-8761-exec-5] c.n.e.registry.AbstractInstanceRegistry  : Registered instance LOGINMANAGEMENT/localhost:LoginManagement:8085 with status DOWN (replication=false)
2024-05-26T13:06:40.703+05:30  INFO 19684 --- [EurekaServer] [http-nio-8761-exec-4] c.n.e.registry.AbstractInstanceRegistry  : Registered instance LOGINMANAGEMENT/localhost:LoginManagement:8085 with status DOWN (replication=true)
2024-05-26T13:06:43.311+05:30  INFO 19684 --- [EurekaServer] [Eureka-EvictionTimer] c.n.e.registry.AbstractInstanceRegistry  : Running the evict task with compensationTime 1221902ms
2024-05-26T13:06:43.709+05:30  INFO 19684 --- [EurekaServer] [http-nio-8761-exec-3] c.n.e.registry.AbstractInstanceRegistry  : Registered instance OTPMANAGEMENT/localhost:OtpManagement:8084 with status DOWN (replication=false)
2024-05-26T13:06:44.219+05:30  INFO 19684 --- [EurekaServer] [http-nio-8761-exec-1] c.n.e.registry.AbstractInstanceRegistry  : Registered instance OTPMANAGEMENT/localhost:OtpManagement:8084 with status DOWN (replication=true)
2024-05-26T13:06:46.423+05:30  INFO 19684 --- [EurekaServer] [SpringApplicationShutdownHook] o.s.c.n.e.s.EurekaServiceRegistry        : Unregistering application EUREKASERVER with eureka with status DOWN
2024-05-26T13:06:46.511+05:30  INFO 19684 --- [EurekaServer] [SpringApplicationShutdownHook] o.s.c.n.e.server.EurekaServerBootstrap   : Shutting down Eureka Server..
2024-05-26T13:06:46.543+05:30  INFO 19684 --- [EurekaServer] [SpringApplicationShutdownHook] c.n.eureka.DefaultEurekaServerContext    : Shutting down ...
2024-05-26T13:06:46.558+05:30  INFO 19684 --- [EurekaServer] [SpringApplicationShutdownHook] com.netflix.servo.monitor.StatsMonitor   : Attempting to get the value for an expired monitor: eurekaServer.replication.batchSize.Will start computing stats again.
2024-05-26T13:06:46.562+05:30  INFO 19684 --- [EurekaServer] [SpringApplicationShutdownHook] com.netflix.servo.monitor.StatsMonitor   : Attempting to get the value for an expired monitor: eurekaServer.replication.executionTime.Will start computing stats again.
2024-05-26T13:06:46.564+05:30  INFO 19684 --- [EurekaServer] [SpringApplicationShutdownHook] com.netflix.servo.monitor.StatsMonitor   : Attempting to get the value for an expired monitor: eurekaServer.replication.executionTime.Will start computing stats again.
2024-05-26T13:06:46.564+05:30  INFO 19684 --- [EurekaServer] [SpringApplicationShutdownHook] com.netflix.servo.monitor.StatsMonitor   : Attempting to get the value for an expired monitor: eurekaServer.replication.batchSize.Will start computing stats again.
2024-05-26T13:06:46.618+05:30  INFO 19684 --- [EurekaServer] [SpringApplicationShutdownHook] c.n.eureka.DefaultEurekaServerContext    : Shut down
2024-05-26T13:06:46.618+05:30  INFO 19684 --- [EurekaServer] [SpringApplicationShutdownHook] o.s.c.n.e.server.EurekaServerBootstrap   : Eureka Service is now shutdown...
2024-05-26T13:06:46.624+05:30  INFO 19684 --- [EurekaServer] [SpringApplicationShutdownHook] c.n.eureka.DefaultEurekaServerContext    : Shutting down ...
2024-05-26T13:06:46.633+05:30  INFO 19684 --- [EurekaServer] [SpringApplicationShutdownHook] c.n.eureka.DefaultEurekaServerContext    : Shut down
2024-05-26T13:06:46.654+05:30  INFO 19684 --- [EurekaServer] [SpringApplicationShutdownHook] com.netflix.discovery.DiscoveryClient    : Shutting down DiscoveryClient ...
2024-05-26T13:06:46.659+05:30  INFO 19684 --- [EurekaServer] [SpringApplicationShutdownHook] com.netflix.discovery.DiscoveryClient    : Completed shut down of DiscoveryClient
