2024-05-27T11:40:40.082+05:30  INFO 23600 --- [ProductManagement] [main] c.e.P.ProductManagementApplication       : Starting ProductManagementApplication using Java 17.0.11 with PID 23600 (D:\GroceryApp\Backend\ProductManagement\target\classes started by SOUVIK GHOSH in D:\GroceryApp\Backend\ProductManagement)
2024-05-27T11:40:40.095+05:30  INFO 23600 --- [ProductManagement] [main] c.e.P.ProductManagementApplication       : No active profile set, falling back to 1 default profile: "default"
2024-05-27T11:40:41.350+05:30  INFO 23600 --- [ProductManagement] [main] .s.d.r.c.RepositoryConfigurationDelegate : Bootstrapping Spring Data JPA repositories in DEFAULT mode.
2024-05-27T11:40:41.701+05:30  INFO 23600 --- [ProductManagement] [main] .s.d.r.c.RepositoryConfigurationDelegate : Finished Spring Data repository scanning in 334 ms. Found 2 JPA repository interfaces.
2024-05-27T11:40:42.107+05:30  INFO 23600 --- [ProductManagement] [main] o.s.cloud.context.scope.GenericScope     : BeanFactory id=7b716847-58cb-3115-95df-dad9ab7aabd9
2024-05-27T11:40:42.352+05:30  WARN 23600 --- [ProductManagement] [main] trationDelegate$BeanPostProcessorChecker : Bean 'org.springframework.cloud.client.loadbalancer.LoadBalancerAutoConfiguration$DeferringLoadBalancerInterceptorConfig' of type [org.springframework.cloud.client.loadbalancer.LoadBalancerAutoConfiguration$DeferringLoadBalancerInterceptorConfig] is not eligible for getting processed by all BeanPostProcessors (for example: not eligible for auto-proxying). The currently created BeanPostProcessor [lbRestClientPostProcessor] is declared through a non-static factory method on that class; consider declaring it as static instead.
2024-05-27T11:40:42.357+05:30  WARN 23600 --- [ProductManagement] [main] trationDelegate$BeanPostProcessorChecker : Bean 'deferringLoadBalancerInterceptor' of type [org.springframework.cloud.client.loadbalancer.DeferringLoadBalancerInterceptor] is not eligible for getting processed by all BeanPostProcessors (for example: not eligible for auto-proxying). Is this bean getting eagerly injected into a currently created BeanPostProcessor [lbRestClientPostProcessor]? Check the corresponding BeanPostProcessor declaration and its dependencies.
2024-05-27T11:40:42.757+05:30  INFO 23600 --- [ProductManagement] [main] o.s.b.w.embedded.tomcat.TomcatWebServer  : Tomcat initialized with port 8081 (http)
2024-05-27T11:40:42.776+05:30  INFO 23600 --- [ProductManagement] [main] o.apache.catalina.core.StandardService   : Starting service [Tomcat]
2024-05-27T11:40:42.777+05:30  INFO 23600 --- [ProductManagement] [main] o.apache.catalina.core.StandardEngine    : Starting Servlet engine: [Apache Tomcat/10.1.20]
2024-05-27T11:40:43.154+05:30  INFO 23600 --- [ProductManagement] [main] o.a.c.c.C.[Tomcat].[localhost].[/]       : Initializing Spring embedded WebApplicationContext
2024-05-27T11:40:43.154+05:30  INFO 23600 --- [ProductManagement] [main] w.s.c.ServletWebServerApplicationContext : Root WebApplicationContext: initialization completed in 2980 ms
2024-05-27T11:40:43.474+05:30  INFO 23600 --- [ProductManagement] [main] o.hibernate.jpa.internal.util.LogHelper  : HHH000204: Processing PersistenceUnitInfo [name: default]
2024-05-27T11:40:43.634+05:30  INFO 23600 --- [ProductManagement] [main] org.hibernate.Version                    : HHH000412: Hibernate ORM core version 6.4.4.Final
2024-05-27T11:40:43.713+05:30  INFO 23600 --- [ProductManagement] [main] o.h.c.internal.RegionFactoryInitiator    : HHH000026: Second-level cache disabled
2024-05-27T11:40:44.240+05:30  INFO 23600 --- [ProductManagement] [main] o.s.o.j.p.SpringPersistenceUnitInfo      : No LoadTimeWeaver setup: ignoring JPA class transformer
2024-05-27T11:40:44.300+05:30  INFO 23600 --- [ProductManagement] [main] com.zaxxer.hikari.HikariDataSource       : HikariPool-1 - Starting...
2024-05-27T11:40:45.132+05:30  INFO 23600 --- [ProductManagement] [main] com.zaxxer.hikari.pool.HikariPool        : HikariPool-1 - Added connection com.mysql.cj.jdbc.ConnectionImpl@73dbe25
2024-05-27T11:40:45.137+05:30  INFO 23600 --- [ProductManagement] [main] com.zaxxer.hikari.HikariDataSource       : HikariPool-1 - Start completed.
2024-05-27T11:40:46.991+05:30  INFO 23600 --- [ProductManagement] [main] o.h.e.t.j.p.i.JtaPlatformInitiator       : HHH000489: No JTA platform available (set 'hibernate.transaction.jta.platform' to enable JTA platform integration)
2024-05-27T11:40:47.302+05:30  INFO 23600 --- [ProductManagement] [main] j.LocalContainerEntityManagerFactoryBean : Initialized JPA EntityManagerFactory for persistence unit 'default'
2024-05-27T11:40:47.977+05:30  WARN 23600 --- [ProductManagement] [main] JpaBaseConfiguration$JpaWebConfiguration : spring.jpa.open-in-view is enabled by default. Therefore, database queries may be performed during view rendering. Explicitly configure spring.jpa.open-in-view to disable this warning
2024-05-27T11:40:49.998+05:30  INFO 23600 --- [ProductManagement] [main] o.s.cloud.commons.util.InetUtils         : Cannot determine local hostname
2024-05-27T11:40:51.353+05:30  INFO 23600 --- [ProductManagement] [main] o.s.cloud.commons.util.InetUtils         : Cannot determine local hostname
2024-05-27T11:40:51.463+05:30  INFO 23600 --- [ProductManagement] [main] DiscoveryClientOptionalArgsConfiguration : Eureka HTTP Client uses RestTemplate.
2024-05-27T11:40:51.676+05:30  WARN 23600 --- [ProductManagement] [main] iguration$LoadBalancerCaffeineWarnLogger : Spring Cloud LoadBalancer is currently working with the default cache. While this cache implementation is useful for development and tests, it's recommended to use Caffeine cache in production.You can switch to using Caffeine cache, by adding it and org.springframework.cache.caffeine.CaffeineCacheManager to the classpath.
2024-05-27T11:40:51.795+05:30  INFO 23600 --- [ProductManagement] [main] o.s.c.n.eureka.InstanceInfoFactory       : Setting initial instance status as: STARTING
2024-05-27T11:40:51.913+05:30  INFO 23600 --- [ProductManagement] [main] com.netflix.discovery.DiscoveryClient    : Initializing Eureka in region us-east-1
2024-05-27T11:40:51.922+05:30  INFO 23600 --- [ProductManagement] [main] c.n.d.s.r.aws.ConfigClusterResolver      : Resolving eureka endpoints via configuration
2024-05-27T11:40:52.005+05:30  INFO 23600 --- [ProductManagement] [main] com.netflix.discovery.DiscoveryClient    : Disable delta property : false
2024-05-27T11:40:52.005+05:30  INFO 23600 --- [ProductManagement] [main] com.netflix.discovery.DiscoveryClient    : Single vip registry refresh property : null
2024-05-27T11:40:52.005+05:30  INFO 23600 --- [ProductManagement] [main] com.netflix.discovery.DiscoveryClient    : Force full registry fetch : false
2024-05-27T11:40:52.006+05:30  INFO 23600 --- [ProductManagement] [main] com.netflix.discovery.DiscoveryClient    : Application is null : false
2024-05-27T11:40:52.006+05:30  INFO 23600 --- [ProductManagement] [main] com.netflix.discovery.DiscoveryClient    : Registered Applications size is zero : true
2024-05-27T11:40:52.006+05:30  INFO 23600 --- [ProductManagement] [main] com.netflix.discovery.DiscoveryClient    : Application version is -1: true
2024-05-27T11:40:52.006+05:30  INFO 23600 --- [ProductManagement] [main] com.netflix.discovery.DiscoveryClient    : Getting all instance registry info from the eureka server
2024-05-27T11:40:53.875+05:30  INFO 23600 --- [ProductManagement] [main] com.netflix.discovery.DiscoveryClient    : The response status is 200
2024-05-27T11:40:53.879+05:30  INFO 23600 --- [ProductManagement] [main] com.netflix.discovery.DiscoveryClient    : Starting heartbeat executor: renew interval is: 30
2024-05-27T11:40:53.884+05:30  INFO 23600 --- [ProductManagement] [main] c.n.discovery.InstanceInfoReplicator     : InstanceInfoReplicator onDemand update allowed rate per min is 4
2024-05-27T11:40:53.893+05:30  INFO 23600 --- [ProductManagement] [main] com.netflix.discovery.DiscoveryClient    : Discovery Client initialized at timestamp 1716790253890 with initial instances count: 0
2024-05-27T11:40:53.899+05:30  INFO 23600 --- [ProductManagement] [main] o.s.c.n.e.s.EurekaServiceRegistry        : Registering application PRODUCTMANAGEMENT with eureka with status UP
2024-05-27T11:40:53.900+05:30  INFO 23600 --- [ProductManagement] [main] com.netflix.discovery.DiscoveryClient    : Saw local status change event StatusChangeEvent [timestamp=1716790253900, current=UP, previous=STARTING]
2024-05-27T11:40:53.904+05:30  INFO 23600 --- [ProductManagement] [DiscoveryClient-InstanceInfoReplicator-0] com.netflix.discovery.DiscoveryClient    : DiscoveryClient_PRODUCTMANAGEMENT/localhost:ProductManagement:8081: registering service...
2024-05-27T11:40:53.959+05:30  INFO 23600 --- [ProductManagement] [main] o.s.b.w.embedded.tomcat.TomcatWebServer  : Tomcat started on port 8081 (http) with context path ''
2024-05-27T11:40:53.961+05:30  INFO 23600 --- [ProductManagement] [main] .s.c.n.e.s.EurekaAutoServiceRegistration : Updating port to 8081
2024-05-27T11:40:54.143+05:30  INFO 23600 --- [ProductManagement] [DiscoveryClient-InstanceInfoReplicator-0] com.netflix.discovery.DiscoveryClient    : DiscoveryClient_PRODUCTMANAGEMENT/localhost:ProductManagement:8081 - registration status: 204
2024-05-27T11:40:55.257+05:30  INFO 23600 --- [ProductManagement] [main] o.s.cloud.commons.util.InetUtils         : Cannot determine local hostname
2024-05-27T11:40:55.276+05:30  INFO 23600 --- [ProductManagement] [main] c.e.P.ProductManagementApplication       : Started ProductManagementApplication in 17.52 seconds (process running for 18.822)
2024-05-27T11:41:23.885+05:30  INFO 23600 --- [ProductManagement] [DiscoveryClient-CacheRefreshExecutor-0] com.netflix.discovery.DiscoveryClient    : Disable delta property : false
2024-05-27T11:41:23.885+05:30  INFO 23600 --- [ProductManagement] [DiscoveryClient-CacheRefreshExecutor-0] com.netflix.discovery.DiscoveryClient    : Single vip registry refresh property : null
2024-05-27T11:41:23.885+05:30  INFO 23600 --- [ProductManagement] [DiscoveryClient-CacheRefreshExecutor-0] com.netflix.discovery.DiscoveryClient    : Force full registry fetch : false
2024-05-27T11:41:23.885+05:30  INFO 23600 --- [ProductManagement] [DiscoveryClient-CacheRefreshExecutor-0] com.netflix.discovery.DiscoveryClient    : Application is null : false
2024-05-27T11:41:23.885+05:30  INFO 23600 --- [ProductManagement] [DiscoveryClient-CacheRefreshExecutor-0] com.netflix.discovery.DiscoveryClient    : Registered Applications size is zero : true
2024-05-27T11:41:23.885+05:30  INFO 23600 --- [ProductManagement] [DiscoveryClient-CacheRefreshExecutor-0] com.netflix.discovery.DiscoveryClient    : Application version is -1: false
2024-05-27T11:41:23.886+05:30  INFO 23600 --- [ProductManagement] [DiscoveryClient-CacheRefreshExecutor-0] com.netflix.discovery.DiscoveryClient    : Getting all instance registry info from the eureka server
2024-05-27T11:41:23.915+05:30  INFO 23600 --- [ProductManagement] [DiscoveryClient-CacheRefreshExecutor-0] com.netflix.discovery.DiscoveryClient    : The response status is 200
2024-05-27T11:45:26.030+05:30  INFO 23600 --- [ProductManagement] [http-nio-8081-exec-3] o.a.c.c.C.[Tomcat].[localhost].[/]       : Initializing Spring DispatcherServlet 'dispatcherServlet'
2024-05-27T11:45:26.034+05:30  INFO 23600 --- [ProductManagement] [http-nio-8081-exec-3] o.s.web.servlet.DispatcherServlet        : Initializing Servlet 'dispatcherServlet'
2024-05-27T11:45:26.279+05:30  INFO 23600 --- [ProductManagement] [http-nio-8081-exec-3] o.s.web.servlet.DispatcherServlet        : Completed initialization in 230 ms
2024-05-27T11:45:27.814+05:30 DEBUG 23600 --- [ProductManagement] [http-nio-8081-exec-1] org.hibernate.SQL                        : 
    select
        ce1_0.id,
        ce1_0.category_name 
    from
        category ce1_0
2024-05-27T11:45:27.814+05:30 DEBUG 23600 --- [ProductManagement] [http-nio-8081-exec-3] org.hibernate.SQL                        : 
    select
        pe1_0.id,
        pe1_0.category_id,
        pe1_0.description,
        pe1_0.image_url,
        pe1_0.is_available,
        pe1_0.price,
        pe1_0.product_name 
    from
        product pe1_0
2024-05-27T11:45:27.814+05:30 DEBUG 23600 --- [ProductManagement] [http-nio-8081-exec-2] org.hibernate.SQL                        : 
    select
        ce1_0.id,
        ce1_0.category_name 
    from
        category ce1_0
2024-05-27T11:45:27.924+05:30 DEBUG 23600 --- [ProductManagement] [http-nio-8081-exec-3] org.hibernate.SQL                        : 
    select
        ce1_0.id,
        ce1_0.category_name 
    from
        category ce1_0 
    where
        ce1_0.id=?
2024-05-27T11:45:27.955+05:30 DEBUG 23600 --- [ProductManagement] [http-nio-8081-exec-3] org.hibernate.SQL                        : 
    select
        ce1_0.id,
        ce1_0.category_name 
    from
        category ce1_0 
    where
        ce1_0.id=?
2024-05-27T11:45:27.955+05:30 DEBUG 23600 --- [ProductManagement] [http-nio-8081-exec-3] org.hibernate.SQL                        : 
    select
        ce1_0.id,
        ce1_0.category_name 
    from
        category ce1_0 
    where
        ce1_0.id=?
2024-05-27T11:45:27.955+05:30 DEBUG 23600 --- [ProductManagement] [http-nio-8081-exec-3] org.hibernate.SQL                        : 
    select
        ce1_0.id,
        ce1_0.category_name 
    from
        category ce1_0 
    where
        ce1_0.id=?
2024-05-27T11:45:28.099+05:30 DEBUG 23600 --- [ProductManagement] [http-nio-8081-exec-1] org.hibernate.SQL                        : 
    select
        pe1_0.id,
        pe1_0.category_id,
        pe1_0.description,
        pe1_0.image_url,
        pe1_0.is_available,
        pe1_0.price,
        pe1_0.product_name 
    from
        product pe1_0 
    left join
        category ci1_0 
            on ci1_0.id=pe1_0.category_id 
    where
        ci1_0.id=?
2024-05-27T11:45:28.116+05:30 DEBUG 23600 --- [ProductManagement] [http-nio-8081-exec-1] org.hibernate.SQL                        : 
    select
        pe1_0.id,
        pe1_0.category_id,
        pe1_0.description,
        pe1_0.image_url,
        pe1_0.is_available,
        pe1_0.price,
        pe1_0.product_name 
    from
        product pe1_0 
    left join
        category ci1_0 
            on ci1_0.id=pe1_0.category_id 
    where
        ci1_0.id=?
2024-05-27T11:45:28.136+05:30 DEBUG 23600 --- [ProductManagement] [http-nio-8081-exec-1] org.hibernate.SQL                        : 
    select
        pe1_0.id,
        pe1_0.category_id,
        pe1_0.description,
        pe1_0.image_url,
        pe1_0.is_available,
        pe1_0.price,
        pe1_0.product_name 
    from
        product pe1_0 
    left join
        category ci1_0 
            on ci1_0.id=pe1_0.category_id 
    where
        ci1_0.id=?
2024-05-27T11:45:28.144+05:30 DEBUG 23600 --- [ProductManagement] [http-nio-8081-exec-1] org.hibernate.SQL                        : 
    select
        pe1_0.id,
        pe1_0.category_id,
        pe1_0.description,
        pe1_0.image_url,
        pe1_0.is_available,
        pe1_0.price,
        pe1_0.product_name 
    from
        product pe1_0 
    left join
        category ci1_0 
            on ci1_0.id=pe1_0.category_id 
    where
        ci1_0.id=?
2024-05-27T11:45:52.030+05:30  INFO 23600 --- [ProductManagement] [AsyncResolver-bootstrap-executor-0] c.n.d.s.r.aws.ConfigClusterResolver      : Resolving eureka endpoints via configuration
2024-05-27T11:48:11.410+05:30 DEBUG 23600 --- [ProductManagement] [http-nio-8081-exec-9] org.hibernate.SQL                        : 
    select
        ce1_0.id,
        ce1_0.category_name 
    from
        category ce1_0
2024-05-27T11:48:11.410+05:30 DEBUG 23600 --- [ProductManagement] [http-nio-8081-exec-7] org.hibernate.SQL                        : 
    select
        pe1_0.id,
        pe1_0.category_id,
        pe1_0.description,
        pe1_0.image_url,
        pe1_0.is_available,
        pe1_0.price,
        pe1_0.product_name 
    from
        product pe1_0
2024-05-27T11:48:11.410+05:30 DEBUG 23600 --- [ProductManagement] [http-nio-8081-exec-8] org.hibernate.SQL                        : 
    select
        ce1_0.id,
        ce1_0.category_name 
    from
        category ce1_0
2024-05-27T11:48:11.415+05:30 DEBUG 23600 --- [ProductManagement] [http-nio-8081-exec-7] org.hibernate.SQL                        : 
    select
        ce1_0.id,
        ce1_0.category_name 
    from
        category ce1_0 
    where
        ce1_0.id=?
2024-05-27T11:48:11.418+05:30 DEBUG 23600 --- [ProductManagement] [http-nio-8081-exec-7] org.hibernate.SQL                        : 
    select
        ce1_0.id,
        ce1_0.category_name 
    from
        category ce1_0 
    where
        ce1_0.id=?
2024-05-27T11:48:11.421+05:30 DEBUG 23600 --- [ProductManagement] [http-nio-8081-exec-8] org.hibernate.SQL                        : 
    select
        pe1_0.id,
        pe1_0.category_id,
        pe1_0.description,
        pe1_0.image_url,
        pe1_0.is_available,
        pe1_0.price,
        pe1_0.product_name 
    from
        product pe1_0 
    left join
        category ci1_0 
            on ci1_0.id=pe1_0.category_id 
    where
        ci1_0.id=?
2024-05-27T11:48:11.423+05:30 DEBUG 23600 --- [ProductManagement] [http-nio-8081-exec-7] org.hibernate.SQL                        : 
    select
        ce1_0.id,
        ce1_0.category_name 
    from
        category ce1_0 
    where
        ce1_0.id=?
2024-05-27T11:48:11.423+05:30 DEBUG 23600 --- [ProductManagement] [http-nio-8081-exec-7] org.hibernate.SQL                        : 
    select
        ce1_0.id,
        ce1_0.category_name 
    from
        category ce1_0 
    where
        ce1_0.id=?
2024-05-27T11:48:11.433+05:30 DEBUG 23600 --- [ProductManagement] [http-nio-8081-exec-8] org.hibernate.SQL                        : 
    select
        pe1_0.id,
        pe1_0.category_id,
        pe1_0.description,
        pe1_0.image_url,
        pe1_0.is_available,
        pe1_0.price,
        pe1_0.product_name 
    from
        product pe1_0 
    left join
        category ci1_0 
            on ci1_0.id=pe1_0.category_id 
    where
        ci1_0.id=?
2024-05-27T11:48:11.443+05:30 DEBUG 23600 --- [ProductManagement] [http-nio-8081-exec-8] org.hibernate.SQL                        : 
    select
        pe1_0.id,
        pe1_0.category_id,
        pe1_0.description,
        pe1_0.image_url,
        pe1_0.is_available,
        pe1_0.price,
        pe1_0.product_name 
    from
        product pe1_0 
    left join
        category ci1_0 
            on ci1_0.id=pe1_0.category_id 
    where
        ci1_0.id=?
2024-05-27T11:48:11.449+05:30 DEBUG 23600 --- [ProductManagement] [http-nio-8081-exec-8] org.hibernate.SQL                        : 
    select
        pe1_0.id,
        pe1_0.category_id,
        pe1_0.description,
        pe1_0.image_url,
        pe1_0.is_available,
        pe1_0.price,
        pe1_0.product_name 
    from
        product pe1_0 
    left join
        category ci1_0 
            on ci1_0.id=pe1_0.category_id 
    where
        ci1_0.id=?
2024-05-27T11:50:52.055+05:30  INFO 23600 --- [ProductManagement] [AsyncResolver-bootstrap-executor-0] c.n.d.s.r.aws.ConfigClusterResolver      : Resolving eureka endpoints via configuration
2024-05-27T11:53:47.981+05:30 DEBUG 23600 --- [ProductManagement] [http-nio-8081-exec-4] org.hibernate.SQL                        : 
    select
        ce1_0.id,
        ce1_0.category_name 
    from
        category ce1_0
2024-05-27T11:53:47.981+05:30 DEBUG 23600 --- [ProductManagement] [http-nio-8081-exec-1] org.hibernate.SQL                        : 
    select
        pe1_0.id,
        pe1_0.category_id,
        pe1_0.description,
        pe1_0.image_url,
        pe1_0.is_available,
        pe1_0.price,
        pe1_0.product_name 
    from
        product pe1_0
2024-05-27T11:53:47.981+05:30 DEBUG 23600 --- [ProductManagement] [http-nio-8081-exec-6] org.hibernate.SQL                        : 
    select
        ce1_0.id,
        ce1_0.category_name 
    from
        category ce1_0
2024-05-27T11:53:47.994+05:30 DEBUG 23600 --- [ProductManagement] [http-nio-8081-exec-1] org.hibernate.SQL                        : 
    select
        ce1_0.id,
        ce1_0.category_name 
    from
        category ce1_0 
    where
        ce1_0.id=?
2024-05-27T11:53:47.994+05:30 DEBUG 23600 --- [ProductManagement] [http-nio-8081-exec-1] org.hibernate.SQL                        : 
    select
        ce1_0.id,
        ce1_0.category_name 
    from
        category ce1_0 
    where
        ce1_0.id=?
2024-05-27T11:53:48.003+05:30 DEBUG 23600 --- [ProductManagement] [http-nio-8081-exec-1] org.hibernate.SQL                        : 
    select
        ce1_0.id,
        ce1_0.category_name 
    from
        category ce1_0 
    where
        ce1_0.id=?
2024-05-27T11:53:48.005+05:30 DEBUG 23600 --- [ProductManagement] [http-nio-8081-exec-4] org.hibernate.SQL                        : 
    select
        pe1_0.id,
        pe1_0.category_id,
        pe1_0.description,
        pe1_0.image_url,
        pe1_0.is_available,
        pe1_0.price,
        pe1_0.product_name 
    from
        product pe1_0 
    left join
        category ci1_0 
            on ci1_0.id=pe1_0.category_id 
    where
        ci1_0.id=?
2024-05-27T11:53:48.005+05:30 DEBUG 23600 --- [ProductManagement] [http-nio-8081-exec-1] org.hibernate.SQL                        : 
    select
        ce1_0.id,
        ce1_0.category_name 
    from
        category ce1_0 
    where
        ce1_0.id=?
2024-05-27T11:53:48.021+05:30 DEBUG 23600 --- [ProductManagement] [http-nio-8081-exec-4] org.hibernate.SQL                        : 
    select
        pe1_0.id,
        pe1_0.category_id,
        pe1_0.description,
        pe1_0.image_url,
        pe1_0.is_available,
        pe1_0.price,
        pe1_0.product_name 
    from
        product pe1_0 
    left join
        category ci1_0 
            on ci1_0.id=pe1_0.category_id 
    where
        ci1_0.id=?
2024-05-27T11:53:48.028+05:30 DEBUG 23600 --- [ProductManagement] [http-nio-8081-exec-4] org.hibernate.SQL                        : 
    select
        pe1_0.id,
        pe1_0.category_id,
        pe1_0.description,
        pe1_0.image_url,
        pe1_0.is_available,
        pe1_0.price,
        pe1_0.product_name 
    from
        product pe1_0 
    left join
        category ci1_0 
            on ci1_0.id=pe1_0.category_id 
    where
        ci1_0.id=?
2024-05-27T11:53:48.036+05:30 DEBUG 23600 --- [ProductManagement] [http-nio-8081-exec-4] org.hibernate.SQL                        : 
    select
        pe1_0.id,
        pe1_0.category_id,
        pe1_0.description,
        pe1_0.image_url,
        pe1_0.is_available,
        pe1_0.price,
        pe1_0.product_name 
    from
        product pe1_0 
    left join
        category ci1_0 
            on ci1_0.id=pe1_0.category_id 
    where
        ci1_0.id=?
2024-05-27T11:54:35.710+05:30 DEBUG 23600 --- [ProductManagement] [http-nio-8081-exec-8] org.hibernate.SQL                        : 
    select
        pe1_0.id,
        pe1_0.category_id,
        ci1_0.id,
        ci1_0.category_name,
        pe1_0.description,
        pe1_0.image_url,
        pe1_0.is_available,
        pe1_0.price,
        pe1_0.product_name 
    from
        product pe1_0 
    join
        category ci1_0 
            on ci1_0.id=pe1_0.category_id 
    where
        pe1_0.id=?
2024-05-27T11:54:35.773+05:30 DEBUG 23600 --- [ProductManagement] [http-nio-8081-exec-3] org.hibernate.SQL                        : 
    select
        pe1_0.id,
        pe1_0.category_id,
        ci1_0.id,
        ci1_0.category_name,
        pe1_0.description,
        pe1_0.image_url,
        pe1_0.is_available,
        pe1_0.price,
        pe1_0.product_name 
    from
        product pe1_0 
    join
        category ci1_0 
            on ci1_0.id=pe1_0.category_id 
    where
        pe1_0.id=?
2024-05-27T11:55:04.547+05:30 DEBUG 23600 --- [ProductManagement] [http-nio-8081-exec-2] org.hibernate.SQL                        : 
    select
        pe1_0.id,
        pe1_0.category_id,
        ci1_0.id,
        ci1_0.category_name,
        pe1_0.description,
        pe1_0.image_url,
        pe1_0.is_available,
        pe1_0.price,
        pe1_0.product_name 
    from
        product pe1_0 
    join
        category ci1_0 
            on ci1_0.id=pe1_0.category_id 
    where
        pe1_0.id=?
2024-05-27T11:55:04.562+05:30 DEBUG 23600 --- [ProductManagement] [http-nio-8081-exec-10] org.hibernate.SQL                        : 
    select
        pe1_0.id,
        pe1_0.category_id,
        ci1_0.id,
        ci1_0.category_name,
        pe1_0.description,
        pe1_0.image_url,
        pe1_0.is_available,
        pe1_0.price,
        pe1_0.product_name 
    from
        product pe1_0 
    join
        category ci1_0 
            on ci1_0.id=pe1_0.category_id 
    where
        pe1_0.id=?
2024-05-27T11:55:37.033+05:30 DEBUG 23600 --- [ProductManagement] [http-nio-8081-exec-6] org.hibernate.SQL                        : 
    select
        pe1_0.id,
        pe1_0.category_id,
        ci1_0.id,
        ci1_0.category_name,
        pe1_0.description,
        pe1_0.image_url,
        pe1_0.is_available,
        pe1_0.price,
        pe1_0.product_name 
    from
        product pe1_0 
    join
        category ci1_0 
            on ci1_0.id=pe1_0.category_id 
    where
        pe1_0.id=?
2024-05-27T11:55:37.063+05:30 DEBUG 23600 --- [ProductManagement] [http-nio-8081-exec-1] org.hibernate.SQL                        : 
    select
        pe1_0.id,
        pe1_0.category_id,
        ci1_0.id,
        ci1_0.category_name,
        pe1_0.description,
        pe1_0.image_url,
        pe1_0.is_available,
        pe1_0.price,
        pe1_0.product_name 
    from
        product pe1_0 
    join
        category ci1_0 
            on ci1_0.id=pe1_0.category_id 
    where
        pe1_0.id=?
2024-05-27T11:55:52.071+05:30  INFO 23600 --- [ProductManagement] [AsyncResolver-bootstrap-executor-0] c.n.d.s.r.aws.ConfigClusterResolver      : Resolving eureka endpoints via configuration
2024-05-27T12:00:13.595+05:30 DEBUG 23600 --- [ProductManagement] [http-nio-8081-exec-8] org.hibernate.SQL                        : 
    select
        ce1_0.id,
        ce1_0.category_name 
    from
        category ce1_0
2024-05-27T12:00:13.595+05:30 DEBUG 23600 --- [ProductManagement] [http-nio-8081-exec-9] org.hibernate.SQL                        : 
    select
        ce1_0.id,
        ce1_0.category_name 
    from
        category ce1_0
2024-05-27T12:00:13.595+05:30 DEBUG 23600 --- [ProductManagement] [http-nio-8081-exec-7] org.hibernate.SQL                        : 
    select
        pe1_0.id,
        pe1_0.category_id,
        pe1_0.description,
        pe1_0.image_url,
        pe1_0.is_available,
        pe1_0.price,
        pe1_0.product_name 
    from
        product pe1_0
2024-05-27T12:00:13.595+05:30 DEBUG 23600 --- [ProductManagement] [http-nio-8081-exec-7] org.hibernate.SQL                        : 
    select
        ce1_0.id,
        ce1_0.category_name 
    from
        category ce1_0 
    where
        ce1_0.id=?
2024-05-27T12:00:13.595+05:30 DEBUG 23600 --- [ProductManagement] [http-nio-8081-exec-7] org.hibernate.SQL                        : 
    select
        ce1_0.id,
        ce1_0.category_name 
    from
        category ce1_0 
    where
        ce1_0.id=?
2024-05-27T12:00:13.595+05:30 DEBUG 23600 --- [ProductManagement] [http-nio-8081-exec-7] org.hibernate.SQL                        : 
    select
        ce1_0.id,
        ce1_0.category_name 
    from
        category ce1_0 
    where
        ce1_0.id=?
2024-05-27T12:00:13.605+05:30 DEBUG 23600 --- [ProductManagement] [http-nio-8081-exec-9] org.hibernate.SQL                        : 
    select
        pe1_0.id,
        pe1_0.category_id,
        pe1_0.description,
        pe1_0.image_url,
        pe1_0.is_available,
        pe1_0.price,
        pe1_0.product_name 
    from
        product pe1_0 
    left join
        category ci1_0 
            on ci1_0.id=pe1_0.category_id 
    where
        ci1_0.id=?
2024-05-27T12:00:13.605+05:30 DEBUG 23600 --- [ProductManagement] [http-nio-8081-exec-7] org.hibernate.SQL                        : 
    select
        ce1_0.id,
        ce1_0.category_name 
    from
        category ce1_0 
    where
        ce1_0.id=?
2024-05-27T12:00:13.613+05:30 DEBUG 23600 --- [ProductManagement] [http-nio-8081-exec-9] org.hibernate.SQL                        : 
    select
        pe1_0.id,
        pe1_0.category_id,
        pe1_0.description,
        pe1_0.image_url,
        pe1_0.is_available,
        pe1_0.price,
        pe1_0.product_name 
    from
        product pe1_0 
    left join
        category ci1_0 
            on ci1_0.id=pe1_0.category_id 
    where
        ci1_0.id=?
2024-05-27T12:00:13.617+05:30 DEBUG 23600 --- [ProductManagement] [http-nio-8081-exec-9] org.hibernate.SQL                        : 
    select
        pe1_0.id,
        pe1_0.category_id,
        pe1_0.description,
        pe1_0.image_url,
        pe1_0.is_available,
        pe1_0.price,
        pe1_0.product_name 
    from
        product pe1_0 
    left join
        category ci1_0 
            on ci1_0.id=pe1_0.category_id 
    where
        ci1_0.id=?
2024-05-27T12:00:13.626+05:30 DEBUG 23600 --- [ProductManagement] [http-nio-8081-exec-9] org.hibernate.SQL                        : 
    select
        pe1_0.id,
        pe1_0.category_id,
        pe1_0.description,
        pe1_0.image_url,
        pe1_0.is_available,
        pe1_0.price,
        pe1_0.product_name 
    from
        product pe1_0 
    left join
        category ci1_0 
            on ci1_0.id=pe1_0.category_id 
    where
        ci1_0.id=?
2024-05-27T12:00:52.082+05:30  INFO 23600 --- [ProductManagement] [AsyncResolver-bootstrap-executor-0] c.n.d.s.r.aws.ConfigClusterResolver      : Resolving eureka endpoints via configuration
2024-05-27T12:01:05.370+05:30 DEBUG 23600 --- [ProductManagement] [http-nio-8081-exec-6] org.hibernate.SQL                        : 
    select
        pe1_0.id,
        pe1_0.category_id,
        ci1_0.id,
        ci1_0.category_name,
        pe1_0.description,
        pe1_0.image_url,
        pe1_0.is_available,
        pe1_0.price,
        pe1_0.product_name 
    from
        product pe1_0 
    join
        category ci1_0 
            on ci1_0.id=pe1_0.category_id 
    where
        pe1_0.id=?
2024-05-27T12:01:05.390+05:30 DEBUG 23600 --- [ProductManagement] [http-nio-8081-exec-1] org.hibernate.SQL                        : 
    select
        pe1_0.id,
        pe1_0.category_id,
        ci1_0.id,
        ci1_0.category_name,
        pe1_0.description,
        pe1_0.image_url,
        pe1_0.is_available,
        pe1_0.price,
        pe1_0.product_name 
    from
        product pe1_0 
    join
        category ci1_0 
            on ci1_0.id=pe1_0.category_id 
    where
        pe1_0.id=?
2024-05-27T12:05:52.100+05:30  INFO 23600 --- [ProductManagement] [AsyncResolver-bootstrap-executor-0] c.n.d.s.r.aws.ConfigClusterResolver      : Resolving eureka endpoints via configuration
2024-05-27T12:07:08.285+05:30 DEBUG 23600 --- [ProductManagement] [http-nio-8081-exec-5] org.hibernate.SQL                        : 
    select
        ce1_0.id,
        ce1_0.category_name 
    from
        category ce1_0
2024-05-27T12:07:08.285+05:30 DEBUG 23600 --- [ProductManagement] [http-nio-8081-exec-8] org.hibernate.SQL                        : 
    select
        ce1_0.id,
        ce1_0.category_name 
    from
        category ce1_0
2024-05-27T12:07:08.285+05:30 DEBUG 23600 --- [ProductManagement] [http-nio-8081-exec-7] org.hibernate.SQL                        : 
    select
        pe1_0.id,
        pe1_0.category_id,
        pe1_0.description,
        pe1_0.image_url,
        pe1_0.is_available,
        pe1_0.price,
        pe1_0.product_name 
    from
        product pe1_0
2024-05-27T12:07:08.285+05:30 DEBUG 23600 --- [ProductManagement] [http-nio-8081-exec-7] org.hibernate.SQL                        : 
    select
        ce1_0.id,
        ce1_0.category_name 
    from
        category ce1_0 
    where
        ce1_0.id=?
2024-05-27T12:07:08.294+05:30 DEBUG 23600 --- [ProductManagement] [http-nio-8081-exec-7] org.hibernate.SQL                        : 
    select
        ce1_0.id,
        ce1_0.category_name 
    from
        category ce1_0 
    where
        ce1_0.id=?
2024-05-27T12:07:08.294+05:30 DEBUG 23600 --- [ProductManagement] [http-nio-8081-exec-5] org.hibernate.SQL                        : 
    select
        pe1_0.id,
        pe1_0.category_id,
        pe1_0.description,
        pe1_0.image_url,
        pe1_0.is_available,
        pe1_0.price,
        pe1_0.product_name 
    from
        product pe1_0 
    left join
        category ci1_0 
            on ci1_0.id=pe1_0.category_id 
    where
        ci1_0.id=?
2024-05-27T12:07:08.301+05:30 DEBUG 23600 --- [ProductManagement] [http-nio-8081-exec-7] org.hibernate.SQL                        : 
    select
        ce1_0.id,
        ce1_0.category_name 
    from
        category ce1_0 
    where
        ce1_0.id=?
2024-05-27T12:07:08.302+05:30 DEBUG 23600 --- [ProductManagement] [http-nio-8081-exec-5] org.hibernate.SQL                        : 
    select
        pe1_0.id,
        pe1_0.category_id,
        pe1_0.description,
        pe1_0.image_url,
        pe1_0.is_available,
        pe1_0.price,
        pe1_0.product_name 
    from
        product pe1_0 
    left join
        category ci1_0 
            on ci1_0.id=pe1_0.category_id 
    where
        ci1_0.id=?
2024-05-27T12:07:08.305+05:30 DEBUG 23600 --- [ProductManagement] [http-nio-8081-exec-7] org.hibernate.SQL                        : 
    select
        ce1_0.id,
        ce1_0.category_name 
    from
        category ce1_0 
    where
        ce1_0.id=?
2024-05-27T12:07:08.310+05:30 DEBUG 23600 --- [ProductManagement] [http-nio-8081-exec-5] org.hibernate.SQL                        : 
    select
        pe1_0.id,
        pe1_0.category_id,
        pe1_0.description,
        pe1_0.image_url,
        pe1_0.is_available,
        pe1_0.price,
        pe1_0.product_name 
    from
        product pe1_0 
    left join
        category ci1_0 
            on ci1_0.id=pe1_0.category_id 
    where
        ci1_0.id=?
2024-05-27T12:07:08.318+05:30 DEBUG 23600 --- [ProductManagement] [http-nio-8081-exec-5] org.hibernate.SQL                        : 
    select
        pe1_0.id,
        pe1_0.category_id,
        pe1_0.description,
        pe1_0.image_url,
        pe1_0.is_available,
        pe1_0.price,
        pe1_0.product_name 
    from
        product pe1_0 
    left join
        category ci1_0 
            on ci1_0.id=pe1_0.category_id 
    where
        ci1_0.id=?
2024-05-27T12:08:31.345+05:30 DEBUG 23600 --- [ProductManagement] [http-nio-8081-exec-3] org.hibernate.SQL                        : 
    select
        pe1_0.id,
        pe1_0.category_id,
        ci1_0.id,
        ci1_0.category_name,
        pe1_0.description,
        pe1_0.image_url,
        pe1_0.is_available,
        pe1_0.price,
        pe1_0.product_name 
    from
        product pe1_0 
    join
        category ci1_0 
            on ci1_0.id=pe1_0.category_id 
    where
        pe1_0.id=?
2024-05-27T12:08:31.360+05:30 DEBUG 23600 --- [ProductManagement] [http-nio-8081-exec-6] org.hibernate.SQL                        : 
    select
        pe1_0.id,
        pe1_0.category_id,
        ci1_0.id,
        ci1_0.category_name,
        pe1_0.description,
        pe1_0.image_url,
        pe1_0.is_available,
        pe1_0.price,
        pe1_0.product_name 
    from
        product pe1_0 
    join
        category ci1_0 
            on ci1_0.id=pe1_0.category_id 
    where
        pe1_0.id=?
2024-05-27T12:08:31.380+05:30 DEBUG 23600 --- [ProductManagement] [http-nio-8081-exec-1] org.hibernate.SQL                        : 
    select
        pe1_0.id,
        pe1_0.category_id,
        ci1_0.id,
        ci1_0.category_name,
        pe1_0.description,
        pe1_0.image_url,
        pe1_0.is_available,
        pe1_0.price,
        pe1_0.product_name 
    from
        product pe1_0 
    join
        category ci1_0 
            on ci1_0.id=pe1_0.category_id 
    where
        pe1_0.id=?
2024-05-27T12:08:31.392+05:30 DEBUG 23600 --- [ProductManagement] [http-nio-8081-exec-4] org.hibernate.SQL                        : 
    select
        pe1_0.id,
        pe1_0.category_id,
        ci1_0.id,
        ci1_0.category_name,
        pe1_0.description,
        pe1_0.image_url,
        pe1_0.is_available,
        pe1_0.price,
        pe1_0.product_name 
    from
        product pe1_0 
    join
        category ci1_0 
            on ci1_0.id=pe1_0.category_id 
    where
        pe1_0.id=?
2024-05-27T12:10:52.123+05:30  INFO 23600 --- [ProductManagement] [AsyncResolver-bootstrap-executor-0] c.n.d.s.r.aws.ConfigClusterResolver      : Resolving eureka endpoints via configuration
2024-05-27T12:11:55.934+05:30 DEBUG 23600 --- [ProductManagement] [http-nio-8081-exec-7] org.hibernate.SQL                        : 
    select
        ce1_0.id,
        ce1_0.category_name 
    from
        category ce1_0
2024-05-27T12:11:55.934+05:30 DEBUG 23600 --- [ProductManagement] [http-nio-8081-exec-2] org.hibernate.SQL                        : 
    select
        ce1_0.id,
        ce1_0.category_name 
    from
        category ce1_0
2024-05-27T12:11:55.934+05:30 DEBUG 23600 --- [ProductManagement] [http-nio-8081-exec-5] org.hibernate.SQL                        : 
    select
        pe1_0.id,
        pe1_0.category_id,
        pe1_0.description,
        pe1_0.image_url,
        pe1_0.is_available,
        pe1_0.price,
        pe1_0.product_name 
    from
        product pe1_0
2024-05-27T12:11:55.950+05:30 DEBUG 23600 --- [ProductManagement] [http-nio-8081-exec-5] org.hibernate.SQL                        : 
    select
        ce1_0.id,
        ce1_0.category_name 
    from
        category ce1_0 
    where
        ce1_0.id=?
2024-05-27T12:11:55.950+05:30 DEBUG 23600 --- [ProductManagement] [http-nio-8081-exec-7] org.hibernate.SQL                        : 
    select
        pe1_0.id,
        pe1_0.category_id,
        pe1_0.description,
        pe1_0.image_url,
        pe1_0.is_available,
        pe1_0.price,
        pe1_0.product_name 
    from
        product pe1_0 
    left join
        category ci1_0 
            on ci1_0.id=pe1_0.category_id 
    where
        ci1_0.id=?
2024-05-27T12:11:55.950+05:30 DEBUG 23600 --- [ProductManagement] [http-nio-8081-exec-5] org.hibernate.SQL                        : 
    select
        ce1_0.id,
        ce1_0.category_name 
    from
        category ce1_0 
    where
        ce1_0.id=?
2024-05-27T12:11:55.950+05:30 DEBUG 23600 --- [ProductManagement] [http-nio-8081-exec-5] org.hibernate.SQL                        : 
    select
        ce1_0.id,
        ce1_0.category_name 
    from
        category ce1_0 
    where
        ce1_0.id=?
2024-05-27T12:11:55.950+05:30 DEBUG 23600 --- [ProductManagement] [http-nio-8081-exec-7] org.hibernate.SQL                        : 
    select
        pe1_0.id,
        pe1_0.category_id,
        pe1_0.description,
        pe1_0.image_url,
        pe1_0.is_available,
        pe1_0.price,
        pe1_0.product_name 
    from
        product pe1_0 
    left join
        category ci1_0 
            on ci1_0.id=pe1_0.category_id 
    where
        ci1_0.id=?
2024-05-27T12:11:55.950+05:30 DEBUG 23600 --- [ProductManagement] [http-nio-8081-exec-5] org.hibernate.SQL                        : 
    select
        ce1_0.id,
        ce1_0.category_name 
    from
        category ce1_0 
    where
        ce1_0.id=?
2024-05-27T12:11:55.950+05:30 DEBUG 23600 --- [ProductManagement] [http-nio-8081-exec-7] org.hibernate.SQL                        : 
    select
        pe1_0.id,
        pe1_0.category_id,
        pe1_0.description,
        pe1_0.image_url,
        pe1_0.is_available,
        pe1_0.price,
        pe1_0.product_name 
    from
        product pe1_0 
    left join
        category ci1_0 
            on ci1_0.id=pe1_0.category_id 
    where
        ci1_0.id=?
2024-05-27T12:11:55.965+05:30 DEBUG 23600 --- [ProductManagement] [http-nio-8081-exec-7] org.hibernate.SQL                        : 
    select
        pe1_0.id,
        pe1_0.category_id,
        pe1_0.description,
        pe1_0.image_url,
        pe1_0.is_available,
        pe1_0.price,
        pe1_0.product_name 
    from
        product pe1_0 
    left join
        category ci1_0 
            on ci1_0.id=pe1_0.category_id 
    where
        ci1_0.id=?
2024-05-27T12:12:44.576+05:30 DEBUG 23600 --- [ProductManagement] [http-nio-8081-exec-6] org.hibernate.SQL                        : 
    select
        pe1_0.id,
        pe1_0.category_id,
        ci1_0.id,
        ci1_0.category_name,
        pe1_0.description,
        pe1_0.image_url,
        pe1_0.is_available,
        pe1_0.price,
        pe1_0.product_name 
    from
        product pe1_0 
    join
        category ci1_0 
            on ci1_0.id=pe1_0.category_id 
    where
        pe1_0.id=?
2024-05-27T12:12:44.591+05:30 DEBUG 23600 --- [ProductManagement] [http-nio-8081-exec-1] org.hibernate.SQL                        : 
    select
        pe1_0.id,
        pe1_0.category_id,
        ci1_0.id,
        ci1_0.category_name,
        pe1_0.description,
        pe1_0.image_url,
        pe1_0.is_available,
        pe1_0.price,
        pe1_0.product_name 
    from
        product pe1_0 
    join
        category ci1_0 
            on ci1_0.id=pe1_0.category_id 
    where
        pe1_0.id=?
2024-05-27T12:12:44.605+05:30 DEBUG 23600 --- [ProductManagement] [http-nio-8081-exec-4] org.hibernate.SQL                        : 
    select
        pe1_0.id,
        pe1_0.category_id,
        ci1_0.id,
        ci1_0.category_name,
        pe1_0.description,
        pe1_0.image_url,
        pe1_0.is_available,
        pe1_0.price,
        pe1_0.product_name 
    from
        product pe1_0 
    join
        category ci1_0 
            on ci1_0.id=pe1_0.category_id 
    where
        pe1_0.id=?
2024-05-27T12:12:44.607+05:30 DEBUG 23600 --- [ProductManagement] [http-nio-8081-exec-8] org.hibernate.SQL                        : 
    select
        pe1_0.id,
        pe1_0.category_id,
        ci1_0.id,
        ci1_0.category_name,
        pe1_0.description,
        pe1_0.image_url,
        pe1_0.is_available,
        pe1_0.price,
        pe1_0.product_name 
    from
        product pe1_0 
    join
        category ci1_0 
            on ci1_0.id=pe1_0.category_id 
    where
        pe1_0.id=?
2024-05-27T12:13:01.862+05:30 DEBUG 23600 --- [ProductManagement] [http-nio-8081-exec-2] org.hibernate.SQL                        : 
    select
        pe1_0.id,
        pe1_0.category_id,
        ci1_0.id,
        ci1_0.category_name,
        pe1_0.description,
        pe1_0.image_url,
        pe1_0.is_available,
        pe1_0.price,
        pe1_0.product_name 
    from
        product pe1_0 
    join
        category ci1_0 
            on ci1_0.id=pe1_0.category_id 
    where
        pe1_0.id=?
2024-05-27T12:13:01.877+05:30 DEBUG 23600 --- [ProductManagement] [http-nio-8081-exec-5] org.hibernate.SQL                        : 
    select
        pe1_0.id,
        pe1_0.category_id,
        ci1_0.id,
        ci1_0.category_name,
        pe1_0.description,
        pe1_0.image_url,
        pe1_0.is_available,
        pe1_0.price,
        pe1_0.product_name 
    from
        product pe1_0 
    join
        category ci1_0 
            on ci1_0.id=pe1_0.category_id 
    where
        pe1_0.id=?
2024-05-27T12:13:01.888+05:30 DEBUG 23600 --- [ProductManagement] [http-nio-8081-exec-7] org.hibernate.SQL                        : 
    select
        pe1_0.id,
        pe1_0.category_id,
        ci1_0.id,
        ci1_0.category_name,
        pe1_0.description,
        pe1_0.image_url,
        pe1_0.is_available,
        pe1_0.price,
        pe1_0.product_name 
    from
        product pe1_0 
    join
        category ci1_0 
            on ci1_0.id=pe1_0.category_id 
    where
        pe1_0.id=?
2024-05-27T12:13:01.901+05:30 DEBUG 23600 --- [ProductManagement] [http-nio-8081-exec-3] org.hibernate.SQL                        : 
    select
        pe1_0.id,
        pe1_0.category_id,
        ci1_0.id,
        ci1_0.category_name,
        pe1_0.description,
        pe1_0.image_url,
        pe1_0.is_available,
        pe1_0.price,
        pe1_0.product_name 
    from
        product pe1_0 
    join
        category ci1_0 
            on ci1_0.id=pe1_0.category_id 
    where
        pe1_0.id=?
2024-05-27T12:13:32.419+05:30 DEBUG 23600 --- [ProductManagement] [http-nio-8081-exec-10] org.hibernate.SQL                        : 
    select
        pe1_0.id,
        pe1_0.category_id,
        ci1_0.id,
        ci1_0.category_name,
        pe1_0.description,
        pe1_0.image_url,
        pe1_0.is_available,
        pe1_0.price,
        pe1_0.product_name 
    from
        product pe1_0 
    join
        category ci1_0 
            on ci1_0.id=pe1_0.category_id 
    where
        pe1_0.id=?
2024-05-27T12:13:32.431+05:30 DEBUG 23600 --- [ProductManagement] [http-nio-8081-exec-9] org.hibernate.SQL                        : 
    select
        pe1_0.id,
        pe1_0.category_id,
        ci1_0.id,
        ci1_0.category_name,
        pe1_0.description,
        pe1_0.image_url,
        pe1_0.is_available,
        pe1_0.price,
        pe1_0.product_name 
    from
        product pe1_0 
    join
        category ci1_0 
            on ci1_0.id=pe1_0.category_id 
    where
        pe1_0.id=?
2024-05-27T12:13:32.443+05:30 DEBUG 23600 --- [ProductManagement] [http-nio-8081-exec-6] org.hibernate.SQL                        : 
    select
        pe1_0.id,
        pe1_0.category_id,
        ci1_0.id,
        ci1_0.category_name,
        pe1_0.description,
        pe1_0.image_url,
        pe1_0.is_available,
        pe1_0.price,
        pe1_0.product_name 
    from
        product pe1_0 
    join
        category ci1_0 
            on ci1_0.id=pe1_0.category_id 
    where
        pe1_0.id=?
2024-05-27T12:13:32.454+05:30 DEBUG 23600 --- [ProductManagement] [http-nio-8081-exec-1] org.hibernate.SQL                        : 
    select
        pe1_0.id,
        pe1_0.category_id,
        ci1_0.id,
        ci1_0.category_name,
        pe1_0.description,
        pe1_0.image_url,
        pe1_0.is_available,
        pe1_0.price,
        pe1_0.product_name 
    from
        product pe1_0 
    join
        category ci1_0 
            on ci1_0.id=pe1_0.category_id 
    where
        pe1_0.id=?
2024-05-27T12:13:39.384+05:30 DEBUG 23600 --- [ProductManagement] [http-nio-8081-exec-2] org.hibernate.SQL                        : 
    select
        ce1_0.id,
        ce1_0.category_name 
    from
        category ce1_0
2024-05-27T12:13:39.384+05:30 DEBUG 23600 --- [ProductManagement] [http-nio-8081-exec-8] org.hibernate.SQL                        : 
    select
        pe1_0.id,
        pe1_0.category_id,
        pe1_0.description,
        pe1_0.image_url,
        pe1_0.is_available,
        pe1_0.price,
        pe1_0.product_name 
    from
        product pe1_0
2024-05-27T12:13:39.384+05:30 DEBUG 23600 --- [ProductManagement] [http-nio-8081-exec-8] org.hibernate.SQL                        : 
    select
        ce1_0.id,
        ce1_0.category_name 
    from
        category ce1_0 
    where
        ce1_0.id=?
2024-05-27T12:13:39.400+05:30 DEBUG 23600 --- [ProductManagement] [http-nio-8081-exec-8] org.hibernate.SQL                        : 
    select
        ce1_0.id,
        ce1_0.category_name 
    from
        category ce1_0 
    where
        ce1_0.id=?
2024-05-27T12:13:39.400+05:30 DEBUG 23600 --- [ProductManagement] [http-nio-8081-exec-8] org.hibernate.SQL                        : 
    select
        ce1_0.id,
        ce1_0.category_name 
    from
        category ce1_0 
    where
        ce1_0.id=?
2024-05-27T12:13:39.416+05:30 DEBUG 23600 --- [ProductManagement] [http-nio-8081-exec-4] org.hibernate.SQL                        : 
    select
        ce1_0.id,
        ce1_0.category_name 
    from
        category ce1_0
2024-05-27T12:13:39.416+05:30 DEBUG 23600 --- [ProductManagement] [http-nio-8081-exec-8] org.hibernate.SQL                        : 
    select
        ce1_0.id,
        ce1_0.category_name 
    from
        category ce1_0 
    where
        ce1_0.id=?
2024-05-27T12:13:39.431+05:30 DEBUG 23600 --- [ProductManagement] [http-nio-8081-exec-4] org.hibernate.SQL                        : 
    select
        pe1_0.id,
        pe1_0.category_id,
        pe1_0.description,
        pe1_0.image_url,
        pe1_0.is_available,
        pe1_0.price,
        pe1_0.product_name 
    from
        product pe1_0 
    left join
        category ci1_0 
            on ci1_0.id=pe1_0.category_id 
    where
        ci1_0.id=?
2024-05-27T12:13:39.447+05:30 DEBUG 23600 --- [ProductManagement] [http-nio-8081-exec-4] org.hibernate.SQL                        : 
    select
        pe1_0.id,
        pe1_0.category_id,
        pe1_0.description,
        pe1_0.image_url,
        pe1_0.is_available,
        pe1_0.price,
        pe1_0.product_name 
    from
        product pe1_0 
    left join
        category ci1_0 
            on ci1_0.id=pe1_0.category_id 
    where
        ci1_0.id=?
2024-05-27T12:13:39.447+05:30 DEBUG 23600 --- [ProductManagement] [http-nio-8081-exec-4] org.hibernate.SQL                        : 
    select
        pe1_0.id,
        pe1_0.category_id,
        pe1_0.description,
        pe1_0.image_url,
        pe1_0.is_available,
        pe1_0.price,
        pe1_0.product_name 
    from
        product pe1_0 
    left join
        category ci1_0 
            on ci1_0.id=pe1_0.category_id 
    where
        ci1_0.id=?
2024-05-27T12:13:39.447+05:30 DEBUG 23600 --- [ProductManagement] [http-nio-8081-exec-4] org.hibernate.SQL                        : 
    select
        pe1_0.id,
        pe1_0.category_id,
        pe1_0.description,
        pe1_0.image_url,
        pe1_0.is_available,
        pe1_0.price,
        pe1_0.product_name 
    from
        product pe1_0 
    left join
        category ci1_0 
            on ci1_0.id=pe1_0.category_id 
    where
        ci1_0.id=?
2024-05-27T12:13:49.689+05:30 DEBUG 23600 --- [ProductManagement] [http-nio-8081-exec-10] org.hibernate.SQL                        : 
    select
        pe1_0.id,
        pe1_0.category_id,
        ci1_0.id,
        ci1_0.category_name,
        pe1_0.description,
        pe1_0.image_url,
        pe1_0.is_available,
        pe1_0.price,
        pe1_0.product_name 
    from
        product pe1_0 
    join
        category ci1_0 
            on ci1_0.id=pe1_0.category_id 
    where
        pe1_0.id=?
2024-05-27T12:13:49.705+05:30 DEBUG 23600 --- [ProductManagement] [http-nio-8081-exec-9] org.hibernate.SQL                        : 
    select
        pe1_0.id,
        pe1_0.category_id,
        ci1_0.id,
        ci1_0.category_name,
        pe1_0.description,
        pe1_0.image_url,
        pe1_0.is_available,
        pe1_0.price,
        pe1_0.product_name 
    from
        product pe1_0 
    join
        category ci1_0 
            on ci1_0.id=pe1_0.category_id 
    where
        pe1_0.id=?
2024-05-27T12:15:05.274+05:30 DEBUG 23600 --- [ProductManagement] [http-nio-8081-exec-2] org.hibernate.SQL                        : 
    select
        pe1_0.id,
        pe1_0.category_id,
        ci1_0.id,
        ci1_0.category_name,
        pe1_0.description,
        pe1_0.image_url,
        pe1_0.is_available,
        pe1_0.price,
        pe1_0.product_name 
    from
        product pe1_0 
    join
        category ci1_0 
            on ci1_0.id=pe1_0.category_id 
    where
        pe1_0.id=?
2024-05-27T12:15:05.290+05:30 DEBUG 23600 --- [ProductManagement] [http-nio-8081-exec-8] org.hibernate.SQL                        : 
    select
        pe1_0.id,
        pe1_0.category_id,
        ci1_0.id,
        ci1_0.category_name,
        pe1_0.description,
        pe1_0.image_url,
        pe1_0.is_available,
        pe1_0.price,
        pe1_0.product_name 
    from
        product pe1_0 
    join
        category ci1_0 
            on ci1_0.id=pe1_0.category_id 
    where
        pe1_0.id=?
2024-05-27T12:15:31.401+05:30 DEBUG 23600 --- [ProductManagement] [http-nio-8081-exec-4] org.hibernate.SQL                        : 
    select
        pe1_0.id,
        pe1_0.category_id,
        pe1_0.description,
        pe1_0.image_url,
        pe1_0.is_available,
        pe1_0.price,
        pe1_0.product_name 
    from
        product pe1_0
2024-05-27T12:15:31.403+05:30 DEBUG 23600 --- [ProductManagement] [http-nio-8081-exec-4] org.hibernate.SQL                        : 
    select
        ce1_0.id,
        ce1_0.category_name 
    from
        category ce1_0 
    where
        ce1_0.id=?
2024-05-27T12:15:31.419+05:30 DEBUG 23600 --- [ProductManagement] [http-nio-8081-exec-7] org.hibernate.SQL                        : 
    select
        ce1_0.id,
        ce1_0.category_name 
    from
        category ce1_0
2024-05-27T12:15:31.419+05:30 DEBUG 23600 --- [ProductManagement] [http-nio-8081-exec-4] org.hibernate.SQL                        : 
    select
        ce1_0.id,
        ce1_0.category_name 
    from
        category ce1_0 
    where
        ce1_0.id=?
2024-05-27T12:15:31.419+05:30 DEBUG 23600 --- [ProductManagement] [http-nio-8081-exec-4] org.hibernate.SQL                        : 
    select
        ce1_0.id,
        ce1_0.category_name 
    from
        category ce1_0 
    where
        ce1_0.id=?
2024-05-27T12:15:31.419+05:30 DEBUG 23600 --- [ProductManagement] [http-nio-8081-exec-4] org.hibernate.SQL                        : 
    select
        ce1_0.id,
        ce1_0.category_name 
    from
        category ce1_0 
    where
        ce1_0.id=?
2024-05-27T12:15:31.434+05:30 DEBUG 23600 --- [ProductManagement] [http-nio-8081-exec-3] org.hibernate.SQL                        : 
    select
        ce1_0.id,
        ce1_0.category_name 
    from
        category ce1_0
2024-05-27T12:15:31.445+05:30 DEBUG 23600 --- [ProductManagement] [http-nio-8081-exec-3] org.hibernate.SQL                        : 
    select
        pe1_0.id,
        pe1_0.category_id,
        pe1_0.description,
        pe1_0.image_url,
        pe1_0.is_available,
        pe1_0.price,
        pe1_0.product_name 
    from
        product pe1_0 
    left join
        category ci1_0 
            on ci1_0.id=pe1_0.category_id 
    where
        ci1_0.id=?
2024-05-27T12:15:31.458+05:30 DEBUG 23600 --- [ProductManagement] [http-nio-8081-exec-3] org.hibernate.SQL                        : 
    select
        pe1_0.id,
        pe1_0.category_id,
        pe1_0.description,
        pe1_0.image_url,
        pe1_0.is_available,
        pe1_0.price,
        pe1_0.product_name 
    from
        product pe1_0 
    left join
        category ci1_0 
            on ci1_0.id=pe1_0.category_id 
    where
        ci1_0.id=?
2024-05-27T12:15:31.462+05:30 DEBUG 23600 --- [ProductManagement] [http-nio-8081-exec-3] org.hibernate.SQL                        : 
    select
        pe1_0.id,
        pe1_0.category_id,
        pe1_0.description,
        pe1_0.image_url,
        pe1_0.is_available,
        pe1_0.price,
        pe1_0.product_name 
    from
        product pe1_0 
    left join
        category ci1_0 
            on ci1_0.id=pe1_0.category_id 
    where
        ci1_0.id=?
2024-05-27T12:15:31.471+05:30 DEBUG 23600 --- [ProductManagement] [http-nio-8081-exec-3] org.hibernate.SQL                        : 
    select
        pe1_0.id,
        pe1_0.category_id,
        pe1_0.description,
        pe1_0.image_url,
        pe1_0.is_available,
        pe1_0.price,
        pe1_0.product_name 
    from
        product pe1_0 
    left join
        category ci1_0 
            on ci1_0.id=pe1_0.category_id 
    where
        ci1_0.id=?
2024-05-27T12:15:52.137+05:30  INFO 23600 --- [ProductManagement] [AsyncResolver-bootstrap-executor-0] c.n.d.s.r.aws.ConfigClusterResolver      : Resolving eureka endpoints via configuration
2024-05-27T12:16:24.456+05:30 DEBUG 23600 --- [ProductManagement] [http-nio-8081-exec-1] org.hibernate.SQL                        : 
    select
        pe1_0.id,
        pe1_0.category_id,
        pe1_0.description,
        pe1_0.image_url,
        pe1_0.is_available,
        pe1_0.price,
        pe1_0.product_name 
    from
        product pe1_0
2024-05-27T12:16:24.456+05:30 DEBUG 23600 --- [ProductManagement] [http-nio-8081-exec-8] org.hibernate.SQL                        : 
    select
        ce1_0.id,
        ce1_0.category_name 
    from
        category ce1_0
2024-05-27T12:16:24.456+05:30 DEBUG 23600 --- [ProductManagement] [http-nio-8081-exec-2] org.hibernate.SQL                        : 
    select
        ce1_0.id,
        ce1_0.category_name 
    from
        category ce1_0
2024-05-27T12:16:24.459+05:30 DEBUG 23600 --- [ProductManagement] [http-nio-8081-exec-1] org.hibernate.SQL                        : 
    select
        ce1_0.id,
        ce1_0.category_name 
    from
        category ce1_0 
    where
        ce1_0.id=?
2024-05-27T12:16:24.461+05:30 DEBUG 23600 --- [ProductManagement] [http-nio-8081-exec-1] org.hibernate.SQL                        : 
    select
        ce1_0.id,
        ce1_0.category_name 
    from
        category ce1_0 
    where
        ce1_0.id=?
2024-05-27T12:16:24.461+05:30 DEBUG 23600 --- [ProductManagement] [http-nio-8081-exec-8] org.hibernate.SQL                        : 
    select
        pe1_0.id,
        pe1_0.category_id,
        pe1_0.description,
        pe1_0.image_url,
        pe1_0.is_available,
        pe1_0.price,
        pe1_0.product_name 
    from
        product pe1_0 
    left join
        category ci1_0 
            on ci1_0.id=pe1_0.category_id 
    where
        ci1_0.id=?
2024-05-27T12:16:24.467+05:30 DEBUG 23600 --- [ProductManagement] [http-nio-8081-exec-1] org.hibernate.SQL                        : 
    select
        ce1_0.id,
        ce1_0.category_name 
    from
        category ce1_0 
    where
        ce1_0.id=?
2024-05-27T12:16:24.468+05:30 DEBUG 23600 --- [ProductManagement] [http-nio-8081-exec-1] org.hibernate.SQL                        : 
    select
        ce1_0.id,
        ce1_0.category_name 
    from
        category ce1_0 
    where
        ce1_0.id=?
2024-05-27T12:16:24.468+05:30 DEBUG 23600 --- [ProductManagement] [http-nio-8081-exec-8] org.hibernate.SQL                        : 
    select
        pe1_0.id,
        pe1_0.category_id,
        pe1_0.description,
        pe1_0.image_url,
        pe1_0.is_available,
        pe1_0.price,
        pe1_0.product_name 
    from
        product pe1_0 
    left join
        category ci1_0 
            on ci1_0.id=pe1_0.category_id 
    where
        ci1_0.id=?
2024-05-27T12:16:24.474+05:30 DEBUG 23600 --- [ProductManagement] [http-nio-8081-exec-8] org.hibernate.SQL                        : 
    select
        pe1_0.id,
        pe1_0.category_id,
        pe1_0.description,
        pe1_0.image_url,
        pe1_0.is_available,
        pe1_0.price,
        pe1_0.product_name 
    from
        product pe1_0 
    left join
        category ci1_0 
            on ci1_0.id=pe1_0.category_id 
    where
        ci1_0.id=?
2024-05-27T12:16:24.480+05:30 DEBUG 23600 --- [ProductManagement] [http-nio-8081-exec-8] org.hibernate.SQL                        : 
    select
        pe1_0.id,
        pe1_0.category_id,
        pe1_0.description,
        pe1_0.image_url,
        pe1_0.is_available,
        pe1_0.price,
        pe1_0.product_name 
    from
        product pe1_0 
    left join
        category ci1_0 
            on ci1_0.id=pe1_0.category_id 
    where
        ci1_0.id=?
2024-05-27T12:20:52.147+05:30  INFO 23600 --- [ProductManagement] [AsyncResolver-bootstrap-executor-0] c.n.d.s.r.aws.ConfigClusterResolver      : Resolving eureka endpoints via configuration
2024-05-27T12:22:02.365+05:30  WARN 23600 --- [ProductManagement] [HikariPool-1 housekeeper] com.zaxxer.hikari.pool.HikariPool        : HikariPool-1 - Thread starvation or clock leap detected (housekeeper delta=1m18s436ms898s200ns).
2024-05-27T12:26:03.774+05:30  INFO 23600 --- [ProductManagement] [SpringApplicationShutdownHook] o.s.c.n.e.s.EurekaServiceRegistry        : Unregistering application PRODUCTMANAGEMENT with eureka with status DOWN
2024-05-27T12:26:03.783+05:30  INFO 23600 --- [ProductManagement] [SpringApplicationShutdownHook] com.netflix.discovery.DiscoveryClient    : Saw local status change event StatusChangeEvent [timestamp=1716792963783, current=DOWN, previous=UP]
2024-05-27T12:26:03.784+05:30  INFO 23600 --- [ProductManagement] [DiscoveryClient-InstanceInfoReplicator-0] com.netflix.discovery.DiscoveryClient    : DiscoveryClient_PRODUCTMANAGEMENT/localhost:ProductManagement:8081: registering service...
2024-05-27T12:26:03.893+05:30  INFO 23600 --- [ProductManagement] [DiscoveryClient-InstanceInfoReplicator-0] com.netflix.discovery.DiscoveryClient    : DiscoveryClient_PRODUCTMANAGEMENT/localhost:ProductManagement:8081 - registration status: 204
2024-05-27T12:26:03.986+05:30  INFO 23600 --- [ProductManagement] [SpringApplicationShutdownHook] j.LocalContainerEntityManagerFactoryBean : Closing JPA EntityManagerFactory for persistence unit 'default'
2024-05-27T12:26:04.058+05:30  INFO 23600 --- [ProductManagement] [SpringApplicationShutdownHook] com.zaxxer.hikari.HikariDataSource       : HikariPool-1 - Shutdown initiated...
2024-05-27T12:26:04.141+05:30  INFO 23600 --- [ProductManagement] [SpringApplicationShutdownHook] com.zaxxer.hikari.HikariDataSource       : HikariPool-1 - Shutdown completed.
2024-05-27T12:26:04.143+05:30  INFO 23600 --- [ProductManagement] [SpringApplicationShutdownHook] com.netflix.discovery.DiscoveryClient    : Shutting down DiscoveryClient ...
2024-05-27T12:26:07.159+05:30  INFO 23600 --- [ProductManagement] [SpringApplicationShutdownHook] com.netflix.discovery.DiscoveryClient    : Unregistering ...
2024-05-27T12:26:07.224+05:30  INFO 23600 --- [ProductManagement] [SpringApplicationShutdownHook] c.n.d.s.t.d.RedirectingEurekaHttpClient  : Request execution error. endpoint=DefaultEndpoint{ serviceUrl='http://localhost:8761/eureka/} exception=Connection pool shut down stacktrace=java.lang.IllegalStateException: Connection pool shut down
	at org.apache.hc.core5.util.Asserts.check(Asserts.java:38)
	at org.apache.hc.core5.pool.StrictConnPool.lease(StrictConnPool.java:176)
	at org.apache.hc.client5.http.impl.io.PoolingHttpClientConnectionManager.lease(PoolingHttpClientConnectionManager.java:298)
	at org.apache.hc.client5.http.impl.classic.InternalExecRuntime.acquireEndpoint(InternalExecRuntime.java:103)
	at org.apache.hc.client5.http.impl.classic.ConnectExec.execute(ConnectExec.java:125)
	at org.apache.hc.client5.http.impl.classic.ExecChainElement.execute(ExecChainElement.java:51)
	at org.apache.hc.client5.http.impl.classic.ProtocolExec.execute(ProtocolExec.java:192)
	at org.apache.hc.client5.http.impl.classic.ExecChainElement.execute(ExecChainElement.java:51)
	at org.apache.hc.client5.http.impl.classic.HttpRequestRetryExec.execute(HttpRequestRetryExec.java:96)
	at org.apache.hc.client5.http.impl.classic.ExecChainElement.execute(ExecChainElement.java:51)
	at org.apache.hc.client5.http.impl.classic.ContentCompressionExec.execute(ContentCompressionExec.java:152)
	at org.apache.hc.client5.http.impl.classic.ExecChainElement.execute(ExecChainElement.java:51)
	at org.apache.hc.client5.http.impl.classic.RedirectExec.execute(RedirectExec.java:115)
	at org.apache.hc.client5.http.impl.classic.ExecChainElement.execute(ExecChainElement.java:51)
	at org.apache.hc.client5.http.impl.classic.InternalHttpClient.doExecute(InternalHttpClient.java:170)
	at org.apache.hc.client5.http.impl.classic.CloseableHttpClient.execute(CloseableHttpClient.java:87)
	at org.apache.hc.client5.http.impl.classic.CloseableHttpClient.execute(CloseableHttpClient.java:55)
	at org.apache.hc.client5.http.classic.HttpClient.executeOpen(HttpClient.java:183)
	at org.springframework.http.client.HttpComponentsClientHttpRequest.executeInternal(HttpComponentsClientHttpRequest.java:95)
	at org.springframework.http.client.AbstractStreamingClientHttpRequest.executeInternal(AbstractStreamingClientHttpRequest.java:70)
	at org.springframework.http.client.AbstractClientHttpRequest.execute(AbstractClientHttpRequest.java:66)
	at org.springframework.http.client.InterceptingClientHttpRequest$InterceptingRequestExecution.execute(InterceptingClientHttpRequest.java:112)
	at org.springframework.cloud.netflix.eureka.http.RestTemplateTransportClientFactory.lambda$restTemplate$0(RestTemplateTransportClientFactory.java:143)
	at org.springframework.http.client.InterceptingClientHttpRequest$InterceptingRequestExecution.execute(InterceptingClientHttpRequest.java:88)
	at org.springframework.http.client.InterceptingClientHttpRequest.executeInternal(InterceptingClientHttpRequest.java:72)
	at org.springframework.http.client.AbstractBufferingClientHttpRequest.executeInternal(AbstractBufferingClientHttpRequest.java:48)
	at org.springframework.http.client.AbstractClientHttpRequest.execute(AbstractClientHttpRequest.java:66)
	at org.springframework.web.client.RestTemplate.doExecute(RestTemplate.java:889)
	at org.springframework.web.client.RestTemplate.execute(RestTemplate.java:790)
	at org.springframework.web.client.RestTemplate.exchange(RestTemplate.java:672)
	at org.springframework.cloud.netflix.eureka.http.RestTemplateEurekaHttpClient.cancel(RestTemplateEurekaHttpClient.java:87)
	at com.netflix.discovery.shared.transport.decorator.EurekaHttpClientDecorator$2.execute(EurekaHttpClientDecorator.java:74)
	at com.netflix.discovery.shared.transport.decorator.RedirectingEurekaHttpClient.execute(RedirectingEurekaHttpClient.java:91)
	at com.netflix.discovery.shared.transport.decorator.EurekaHttpClientDecorator.cancel(EurekaHttpClientDecorator.java:71)
	at com.netflix.discovery.shared.transport.decorator.EurekaHttpClientDecorator$2.execute(EurekaHttpClientDecorator.java:74)
	at com.netflix.discovery.shared.transport.decorator.RetryableEurekaHttpClient.execute(RetryableEurekaHttpClient.java:120)
	at com.netflix.discovery.shared.transport.decorator.EurekaHttpClientDecorator.cancel(EurekaHttpClientDecorator.java:71)
	at com.netflix.discovery.shared.transport.decorator.EurekaHttpClientDecorator$2.execute(EurekaHttpClientDecorator.java:74)
	at com.netflix.discovery.shared.transport.decorator.SessionedEurekaHttpClient.execute(SessionedEurekaHttpClient.java:77)
	at com.netflix.discovery.shared.transport.decorator.EurekaHttpClientDecorator.cancel(EurekaHttpClientDecorator.java:71)
	at com.netflix.discovery.DiscoveryClient.unregister(DiscoveryClient.java:916)
	at com.netflix.discovery.DiscoveryClient.shutdown(DiscoveryClient.java:892)
	at java.base/jdk.internal.reflect.NativeMethodAccessorImpl.invoke0(Native Method)
	at java.base/jdk.internal.reflect.NativeMethodAccessorImpl.invoke(NativeMethodAccessorImpl.java:77)
	at java.base/jdk.internal.reflect.DelegatingMethodAccessorImpl.invoke(DelegatingMethodAccessorImpl.java:43)
	at java.base/java.lang.reflect.Method.invoke(Method.java:568)
	at org.springframework.beans.factory.annotation.InitDestroyAnnotationBeanPostProcessor$LifecycleMethod.invoke(InitDestroyAnnotationBeanPostProcessor.java:457)
	at org.springframework.beans.factory.annotation.InitDestroyAnnotationBeanPostProcessor$LifecycleMetadata.invokeDestroyMethods(InitDestroyAnnotationBeanPostProcessor.java:415)
	at org.springframework.beans.factory.annotation.InitDestroyAnnotationBeanPostProcessor.postProcessBeforeDestruction(InitDestroyAnnotationBeanPostProcessor.java:239)
	at org.springframework.beans.factory.support.DisposableBeanAdapter.destroy(DisposableBeanAdapter.java:202)
	at org.springframework.beans.factory.support.DisposableBeanAdapter.run(DisposableBeanAdapter.java:195)
	at org.springframework.cloud.context.scope.GenericScope$BeanLifecycleWrapper.destroy(GenericScope.java:389)
	at org.springframework.cloud.context.scope.GenericScope.destroy(GenericScope.java:136)
	at org.springframework.beans.factory.support.DisposableBeanAdapter.destroy(DisposableBeanAdapter.java:211)
	at org.springframework.beans.factory.support.DefaultSingletonBeanRegistry.destroyBean(DefaultSingletonBeanRegistry.java:587)
	at org.springframework.beans.factory.support.DefaultSingletonBeanRegistry.destroySingleton(DefaultSingletonBeanRegistry.java:559)
	at org.springframework.beans.factory.support.DefaultListableBeanFactory.destroySingleton(DefaultListableBeanFactory.java:1202)
	at org.springframework.beans.factory.support.DefaultSingletonBeanRegistry.destroySingletons(DefaultSingletonBeanRegistry.java:520)
	at org.springframework.beans.factory.support.DefaultListableBeanFactory.destroySingletons(DefaultListableBeanFactory.java:1195)
	at org.springframework.context.support.AbstractApplicationContext.destroyBeans(AbstractApplicationContext.java:1186)
	at org.springframework.context.support.AbstractApplicationContext.doClose(AbstractApplicationContext.java:1147)
	at org.springframework.boot.web.servlet.context.ServletWebServerApplicationContext.doClose(ServletWebServerApplicationContext.java:174)
	at org.springframework.context.support.AbstractApplicationContext.close(AbstractApplicationContext.java:1093)
	at org.springframework.boot.SpringApplicationShutdownHook.closeAndWait(SpringApplicationShutdownHook.java:145)
	at java.base/java.lang.Iterable.forEach(Iterable.java:75)
	at org.springframework.boot.SpringApplicationShutdownHook.run(SpringApplicationShutdownHook.java:114)
	at java.base/java.lang.Thread.run(Thread.java:842)

2024-05-27T12:26:07.225+05:30  WARN 23600 --- [ProductManagement] [SpringApplicationShutdownHook] c.n.d.s.t.d.RetryableEurekaHttpClient    : Request execution failed with message: Connection pool shut down
2024-05-27T12:26:07.249+05:30  INFO 23600 --- [ProductManagement] [SpringApplicationShutdownHook] c.n.d.s.t.d.RedirectingEurekaHttpClient  : Request execution error. endpoint=DefaultEndpoint{ serviceUrl='http://localhost:8761/eureka/}, exception=Connection pool shut down stacktrace=java.lang.IllegalStateException: Connection pool shut down
	at org.apache.hc.core5.util.Asserts.check(Asserts.java:38)
	at org.apache.hc.core5.pool.StrictConnPool.lease(StrictConnPool.java:176)
	at org.apache.hc.client5.http.impl.io.PoolingHttpClientConnectionManager.lease(PoolingHttpClientConnectionManager.java:298)
	at org.apache.hc.client5.http.impl.classic.InternalExecRuntime.acquireEndpoint(InternalExecRuntime.java:103)
	at org.apache.hc.client5.http.impl.classic.ConnectExec.execute(ConnectExec.java:125)
	at org.apache.hc.client5.http.impl.classic.ExecChainElement.execute(ExecChainElement.java:51)
	at org.apache.hc.client5.http.impl.classic.ProtocolExec.execute(ProtocolExec.java:192)
	at org.apache.hc.client5.http.impl.classic.ExecChainElement.execute(ExecChainElement.java:51)
	at org.apache.hc.client5.http.impl.classic.HttpRequestRetryExec.execute(HttpRequestRetryExec.java:96)
	at org.apache.hc.client5.http.impl.classic.ExecChainElement.execute(ExecChainElement.java:51)
	at org.apache.hc.client5.http.impl.classic.ContentCompressionExec.execute(ContentCompressionExec.java:152)
	at org.apache.hc.client5.http.impl.classic.ExecChainElement.execute(ExecChainElement.java:51)
	at org.apache.hc.client5.http.impl.classic.RedirectExec.execute(RedirectExec.java:115)
	at org.apache.hc.client5.http.impl.classic.ExecChainElement.execute(ExecChainElement.java:51)
	at org.apache.hc.client5.http.impl.classic.InternalHttpClient.doExecute(InternalHttpClient.java:170)
	at org.apache.hc.client5.http.impl.classic.CloseableHttpClient.execute(CloseableHttpClient.java:87)
	at org.apache.hc.client5.http.impl.classic.CloseableHttpClient.execute(CloseableHttpClient.java:55)
	at org.apache.hc.client5.http.classic.HttpClient.executeOpen(HttpClient.java:183)
	at org.springframework.http.client.HttpComponentsClientHttpRequest.executeInternal(HttpComponentsClientHttpRequest.java:95)
	at org.springframework.http.client.AbstractStreamingClientHttpRequest.executeInternal(AbstractStreamingClientHttpRequest.java:70)
	at org.springframework.http.client.AbstractClientHttpRequest.execute(AbstractClientHttpRequest.java:66)
	at org.springframework.http.client.InterceptingClientHttpRequest$InterceptingRequestExecution.execute(InterceptingClientHttpRequest.java:112)
	at org.springframework.cloud.netflix.eureka.http.RestTemplateTransportClientFactory.lambda$restTemplate$0(RestTemplateTransportClientFactory.java:143)
	at org.springframework.http.client.InterceptingClientHttpRequest$InterceptingRequestExecution.execute(InterceptingClientHttpRequest.java:88)
	at org.springframework.http.client.InterceptingClientHttpRequest.executeInternal(InterceptingClientHttpRequest.java:72)
	at org.springframework.http.client.AbstractBufferingClientHttpRequest.executeInternal(AbstractBufferingClientHttpRequest.java:48)
	at org.springframework.http.client.AbstractClientHttpRequest.execute(AbstractClientHttpRequest.java:66)
	at org.springframework.web.client.RestTemplate.doExecute(RestTemplate.java:889)
	at org.springframework.web.client.RestTemplate.execute(RestTemplate.java:790)
	at org.springframework.web.client.RestTemplate.exchange(RestTemplate.java:672)
	at org.springframework.cloud.netflix.eureka.http.RestTemplateEurekaHttpClient.cancel(RestTemplateEurekaHttpClient.java:87)
	at com.netflix.discovery.shared.transport.decorator.EurekaHttpClientDecorator$2.execute(EurekaHttpClientDecorator.java:74)
	at com.netflix.discovery.shared.transport.decorator.RedirectingEurekaHttpClient.executeOnNewServer(RedirectingEurekaHttpClient.java:121)
	at com.netflix.discovery.shared.transport.decorator.RedirectingEurekaHttpClient.execute(RedirectingEurekaHttpClient.java:80)
	at com.netflix.discovery.shared.transport.decorator.EurekaHttpClientDecorator.cancel(EurekaHttpClientDecorator.java:71)
	at com.netflix.discovery.shared.transport.decorator.EurekaHttpClientDecorator$2.execute(EurekaHttpClientDecorator.java:74)
	at com.netflix.discovery.shared.transport.decorator.RetryableEurekaHttpClient.execute(RetryableEurekaHttpClient.java:120)
	at com.netflix.discovery.shared.transport.decorator.EurekaHttpClientDecorator.cancel(EurekaHttpClientDecorator.java:71)
	at com.netflix.discovery.shared.transport.decorator.EurekaHttpClientDecorator$2.execute(EurekaHttpClientDecorator.java:74)
	at com.netflix.discovery.shared.transport.decorator.SessionedEurekaHttpClient.execute(SessionedEurekaHttpClient.java:77)
	at com.netflix.discovery.shared.transport.decorator.EurekaHttpClientDecorator.cancel(EurekaHttpClientDecorator.java:71)
	at com.netflix.discovery.DiscoveryClient.unregister(DiscoveryClient.java:916)
	at com.netflix.discovery.DiscoveryClient.shutdown(DiscoveryClient.java:892)
	at java.base/jdk.internal.reflect.NativeMethodAccessorImpl.invoke0(Native Method)
	at java.base/jdk.internal.reflect.NativeMethodAccessorImpl.invoke(NativeMethodAccessorImpl.java:77)
	at java.base/jdk.internal.reflect.DelegatingMethodAccessorImpl.invoke(DelegatingMethodAccessorImpl.java:43)
	at java.base/java.lang.reflect.Method.invoke(Method.java:568)
	at org.springframework.beans.factory.annotation.InitDestroyAnnotationBeanPostProcessor$LifecycleMethod.invoke(InitDestroyAnnotationBeanPostProcessor.java:457)
	at org.springframework.beans.factory.annotation.InitDestroyAnnotationBeanPostProcessor$LifecycleMetadata.invokeDestroyMethods(InitDestroyAnnotationBeanPostProcessor.java:415)
	at org.springframework.beans.factory.annotation.InitDestroyAnnotationBeanPostProcessor.postProcessBeforeDestruction(InitDestroyAnnotationBeanPostProcessor.java:239)
	at org.springframework.beans.factory.support.DisposableBeanAdapter.destroy(DisposableBeanAdapter.java:202)
	at org.springframework.beans.factory.support.DisposableBeanAdapter.run(DisposableBeanAdapter.java:195)
	at org.springframework.cloud.context.scope.GenericScope$BeanLifecycleWrapper.destroy(GenericScope.java:389)
	at org.springframework.cloud.context.scope.GenericScope.destroy(GenericScope.java:136)
	at org.springframework.beans.factory.support.DisposableBeanAdapter.destroy(DisposableBeanAdapter.java:211)
	at org.springframework.beans.factory.support.DefaultSingletonBeanRegistry.destroyBean(DefaultSingletonBeanRegistry.java:587)
	at org.springframework.beans.factory.support.DefaultSingletonBeanRegistry.destroySingleton(DefaultSingletonBeanRegistry.java:559)
	at org.springframework.beans.factory.support.DefaultListableBeanFactory.destroySingleton(DefaultListableBeanFactory.java:1202)
	at org.springframework.beans.factory.support.DefaultSingletonBeanRegistry.destroySingletons(DefaultSingletonBeanRegistry.java:520)
	at org.springframework.beans.factory.support.DefaultListableBeanFactory.destroySingletons(DefaultListableBeanFactory.java:1195)
	at org.springframework.context.support.AbstractApplicationContext.destroyBeans(AbstractApplicationContext.java:1186)
	at org.springframework.context.support.AbstractApplicationContext.doClose(AbstractApplicationContext.java:1147)
	at org.springframework.boot.web.servlet.context.ServletWebServerApplicationContext.doClose(ServletWebServerApplicationContext.java:174)
	at org.springframework.context.support.AbstractApplicationContext.close(AbstractApplicationContext.java:1093)
	at org.springframework.boot.SpringApplicationShutdownHook.closeAndWait(SpringApplicationShutdownHook.java:145)
	at java.base/java.lang.Iterable.forEach(Iterable.java:75)
	at org.springframework.boot.SpringApplicationShutdownHook.run(SpringApplicationShutdownHook.java:114)
	at java.base/java.lang.Thread.run(Thread.java:842)

2024-05-27T12:26:07.249+05:30  WARN 23600 --- [ProductManagement] [SpringApplicationShutdownHook] c.n.d.s.t.d.RetryableEurekaHttpClient    : Request execution failed with message: Connection pool shut down
2024-05-27T12:26:07.250+05:30 ERROR 23600 --- [ProductManagement] [SpringApplicationShutdownHook] com.netflix.discovery.DiscoveryClient    : DiscoveryClient_PRODUCTMANAGEMENT/localhost:ProductManagement:8081 - de-registration failedCannot execute request on any known server

com.netflix.discovery.shared.transport.TransportException: Cannot execute request on any known server
	at com.netflix.discovery.shared.transport.decorator.RetryableEurekaHttpClient.execute(RetryableEurekaHttpClient.java:112) ~[eureka-client-2.0.2.jar:2.0.2]
	at com.netflix.discovery.shared.transport.decorator.EurekaHttpClientDecorator.cancel(EurekaHttpClientDecorator.java:71) ~[eureka-client-2.0.2.jar:2.0.2]
	at com.netflix.discovery.shared.transport.decorator.EurekaHttpClientDecorator$2.execute(EurekaHttpClientDecorator.java:74) ~[eureka-client-2.0.2.jar:2.0.2]
	at com.netflix.discovery.shared.transport.decorator.SessionedEurekaHttpClient.execute(SessionedEurekaHttpClient.java:77) ~[eureka-client-2.0.2.jar:2.0.2]
	at com.netflix.discovery.shared.transport.decorator.EurekaHttpClientDecorator.cancel(EurekaHttpClientDecorator.java:71) ~[eureka-client-2.0.2.jar:2.0.2]
	at com.netflix.discovery.DiscoveryClient.unregister(DiscoveryClient.java:916) ~[eureka-client-2.0.2.jar:2.0.2]
	at com.netflix.discovery.DiscoveryClient.shutdown(DiscoveryClient.java:892) ~[eureka-client-2.0.2.jar:2.0.2]
	at java.base/jdk.internal.reflect.NativeMethodAccessorImpl.invoke0(Native Method) ~[na:na]
	at java.base/jdk.internal.reflect.NativeMethodAccessorImpl.invoke(NativeMethodAccessorImpl.java:77) ~[na:na]
	at java.base/jdk.internal.reflect.DelegatingMethodAccessorImpl.invoke(DelegatingMethodAccessorImpl.java:43) ~[na:na]
	at java.base/java.lang.reflect.Method.invoke(Method.java:568) ~[na:na]
	at org.springframework.beans.factory.annotation.InitDestroyAnnotationBeanPostProcessor$LifecycleMethod.invoke(InitDestroyAnnotationBeanPostProcessor.java:457) ~[spring-beans-6.1.6.jar:6.1.6]
	at org.springframework.beans.factory.annotation.InitDestroyAnnotationBeanPostProcessor$LifecycleMetadata.invokeDestroyMethods(InitDestroyAnnotationBeanPostProcessor.java:415) ~[spring-beans-6.1.6.jar:6.1.6]
	at org.springframework.beans.factory.annotation.InitDestroyAnnotationBeanPostProcessor.postProcessBeforeDestruction(InitDestroyAnnotationBeanPostProcessor.java:239) ~[spring-beans-6.1.6.jar:6.1.6]
	at org.springframework.beans.factory.support.DisposableBeanAdapter.destroy(DisposableBeanAdapter.java:202) ~[spring-beans-6.1.6.jar:6.1.6]
	at org.springframework.beans.factory.support.DisposableBeanAdapter.run(DisposableBeanAdapter.java:195) ~[spring-beans-6.1.6.jar:6.1.6]
	at org.springframework.cloud.context.scope.GenericScope$BeanLifecycleWrapper.destroy(GenericScope.java:389) ~[spring-cloud-context-4.1.2.jar:4.1.2]
	at org.springframework.cloud.context.scope.GenericScope.destroy(GenericScope.java:136) ~[spring-cloud-context-4.1.2.jar:4.1.2]
	at org.springframework.beans.factory.support.DisposableBeanAdapter.destroy(DisposableBeanAdapter.java:211) ~[spring-beans-6.1.6.jar:6.1.6]
	at org.springframework.beans.factory.support.DefaultSingletonBeanRegistry.destroyBean(DefaultSingletonBeanRegistry.java:587) ~[spring-beans-6.1.6.jar:6.1.6]
	at org.springframework.beans.factory.support.DefaultSingletonBeanRegistry.destroySingleton(DefaultSingletonBeanRegistry.java:559) ~[spring-beans-6.1.6.jar:6.1.6]
	at org.springframework.beans.factory.support.DefaultListableBeanFactory.destroySingleton(DefaultListableBeanFactory.java:1202) ~[spring-beans-6.1.6.jar:6.1.6]
	at org.springframework.beans.factory.support.DefaultSingletonBeanRegistry.destroySingletons(DefaultSingletonBeanRegistry.java:520) ~[spring-beans-6.1.6.jar:6.1.6]
	at org.springframework.beans.factory.support.DefaultListableBeanFactory.destroySingletons(DefaultListableBeanFactory.java:1195) ~[spring-beans-6.1.6.jar:6.1.6]
	at org.springframework.context.support.AbstractApplicationContext.destroyBeans(AbstractApplicationContext.java:1186) ~[spring-context-6.1.6.jar:6.1.6]
	at org.springframework.context.support.AbstractApplicationContext.doClose(AbstractApplicationContext.java:1147) ~[spring-context-6.1.6.jar:6.1.6]
	at org.springframework.boot.web.servlet.context.ServletWebServerApplicationContext.doClose(ServletWebServerApplicationContext.java:174) ~[spring-boot-3.2.5.jar:3.2.5]
	at org.springframework.context.support.AbstractApplicationContext.close(AbstractApplicationContext.java:1093) ~[spring-context-6.1.6.jar:6.1.6]
	at org.springframework.boot.SpringApplicationShutdownHook.closeAndWait(SpringApplicationShutdownHook.java:145) ~[spring-boot-3.2.5.jar:3.2.5]
	at java.base/java.lang.Iterable.forEach(Iterable.java:75) ~[na:na]
	at org.springframework.boot.SpringApplicationShutdownHook.run(SpringApplicationShutdownHook.java:114) ~[spring-boot-3.2.5.jar:3.2.5]
	at java.base/java.lang.Thread.run(Thread.java:842) ~[na:na]

2024-05-27T12:26:07.298+05:30  INFO 23600 --- [ProductManagement] [SpringApplicationShutdownHook] com.netflix.discovery.DiscoveryClient    : Completed shut down of DiscoveryClient
